#
# There is insufficient memory for the Java Runtime Environment to continue.
# Native memory allocation (mmap) failed to map 65536 bytes for Failed to commit metaspace.
# Possible reasons:
#   The system is out of physical RAM or swap space
#   The process is running with CompressedOops enabled, and the Java Heap may be blocking the growth of the native heap
# Possible solutions:
#   Reduce memory load on the system
#   Increase physical memory or swap space
#   Check if swap backing store is full
#   Decrease Java heap size (-Xmx/-Xms)
#   Decrease number of Java threads
#   Decrease Java thread stack sizes (-Xss)
#   Set larger code cache with -XX:ReservedCodeCacheSize=
#   JVM is running with Zero Based Compressed Oops mode in which the Java heap is
#     placed in the first 32GB address space. The Java Heap base address is the
#     maximum limit for the native heap growth. Please use -XX:HeapBaseMinAddress
#     to set the Java Heap base and to place the Java Heap above 32GB virtual address.
# This output file may be truncated or incomplete.
#
#  Out of Memory Error (virtualSpaceNode.cpp:110), pid=4748, tid=18208
#
# JRE version: Java(TM) SE Runtime Environment (17.0.9+11) (build 17.0.9+11-LTS-201)
# Java VM: Java HotSpot(TM) 64-Bit Server VM (17.0.9+11-LTS-201, mixed mode, emulated-client, sharing, tiered, compressed oops, compressed class ptrs, g1 gc, windows-amd64)
# No core dump will be written. Minidumps are not enabled by default on client versions of Windows
#

---------------  S U M M A R Y ------------

Command Line: -XX:TieredStopAtLevel=1 -Dspring.output.ansi.enabled=always -Dcom.sun.management.jmxremote -Dspring.jmx.enabled=true -Dspring.liveBeansView.mbeanDomain -Dspring.application.admin.enabled=true -Dmanagement.endpoints.jmx.exposure.include=* -javaagent:D:\java\IntelliJIDEA2024.1\lib\idea_rt.jar=59767:D:\java\IntelliJIDEA2024.1\bin -Dfile.encoding=UTF-8 com.videoplatform.auth.AuthApplication

Host: 11th Gen Intel(R) Core(TM) i7-11800H @ 2.30GHz, 16 cores, 15G,  Windows 10 , 64 bit Build 19041 (10.0.19041.5915)
Time: Sun Apr 12 17:16:34 2026  Windows 10 , 64 bit Build 19041 (10.0.19041.5915) elapsed time: 0.353316 seconds (0d 0h 0m 0s)

---------------  T H R E A D  ---------------

Current thread (0x000001b5723e09a0):  JavaThread "main" [_thread_in_vm, id=18208, stack(0x0000008aabf00000,0x0000008aac000000)]

Stack: [0x0000008aabf00000,0x0000008aac000000]
Native frames: (J=compiled Java code, j=interpreted, Vv=VM code, C=native code)
V  [jvm.dll+0x678a4a]
V  [jvm.dll+0x7d9cfd]
V  [jvm.dll+0x7db60e]
V  [jvm.dll+0x7dbc73]
V  [jvm.dll+0x245e1f]
V  [jvm.dll+0x7d5a0b]
V  [jvm.dll+0x61ebc6]
V  [jvm.dll+0x61ec2a]
V  [jvm.dll+0x62145d]
V  [jvm.dll+0x61f586]
V  [jvm.dll+0x23a45f]
V  [jvm.dll+0x629325]
V  [jvm.dll+0x1e9c7d]
V  [jvm.dll+0x1ea245]
V  [jvm.dll+0x1eab8b]
V  [jvm.dll+0x1e0391]
V  [jvm.dll+0x53eaec]
V  [jvm.dll+0x1f0caa]
V  [jvm.dll+0x75394d]
V  [jvm.dll+0x754d46]
V  [jvm.dll+0x755078]
V  [jvm.dll+0x23e1db]
V  [jvm.dll+0x37dd3e]
C  0x000001b579c89ad7

Java frames: (J=compiled Java code, j=interpreted, Vv=VM code)
j  java.net.URLPermission.parseURI(Ljava/lang/String;)V+140 java.base@17.0.9
j  java.net.URLPermission.init(Ljava/lang/String;)V+5 java.base@17.0.9
j  java.net.URLPermission.<init>(Ljava/lang/String;Ljava/lang/String;)V+10 java.base@17.0.9
v  ~StubRoutines::call_stub
j  jdk.internal.reflect.NativeConstructorAccessorImpl.newInstance0(Ljava/lang/reflect/Constructor;[Ljava/lang/Object;)Ljava/lang/Object;+0 java.base@17.0.9
j  jdk.internal.reflect.NativeConstructorAccessorImpl.newInstance([Ljava/lang/Object;)Ljava/lang/Object;+118 java.base@17.0.9
j  jdk.internal.reflect.DelegatingConstructorAccessorImpl.newInstance([Ljava/lang/Object;)Ljava/lang/Object;+5 java.base@17.0.9
j  java.lang.reflect.Constructor.newInstanceWithCaller([Ljava/lang/Object;ZLjava/lang/Class;)Ljava/lang/Object;+65 java.base@17.0.9
j  java.lang.reflect.Constructor.newInstance([Ljava/lang/Object;)Ljava/lang/Object;+30 java.base@17.0.9
j  sun.security.provider.PolicyFile.getInstance(Ljava/lang/String;Ljava/lang/String;Ljava/lang/String;)Ljava/security/Permission;+240 java.base@17.0.9
j  sun.security.provider.PolicyFile.addGrantEntry(Lsun/security/provider/PolicyParser$GrantEntry;Ljava/security/KeyStore;Lsun/security/provider/PolicyFile$PolicyInfo;)V+388 java.base@17.0.9
j  sun.security.provider.PolicyFile.initDefaultPolicy(Lsun/security/provider/PolicyFile$PolicyInfo;)V+118 java.base@17.0.9
j  sun.security.provider.PolicyFile$2.run()Ljava/lang/Void;+8 java.base@17.0.9
j  sun.security.provider.PolicyFile$2.run()Ljava/lang/Object;+1 java.base@17.0.9
J 852 c1 java.security.AccessController.doPrivileged(Ljava/security/PrivilegedAction;)Ljava/lang/Object; java.base@17.0.9 (9 bytes) @ 0x000001b579fb9ffc [0x000001b579fb9fc0+0x000000000000003c]
j  sun.security.provider.PolicyFile.initPolicyFile(Lsun/security/provider/PolicyFile$PolicyInfo;Ljava/net/URL;)V+9 java.base@17.0.9
j  sun.security.provider.PolicyFile.init(Ljava/net/URL;)V+50 java.base@17.0.9
j  sun.security.provider.PolicyFile.<init>()V+24 java.base@17.0.9
j  java.security.Policy.loadPolicyProvider()Ljava/security/Policy;+38 java.base@17.0.9
j  java.security.Policy.getPolicyNoCheck()Ljava/security/Policy;+34 java.base@17.0.9
j  java.security.ProtectionDomain.implies(Ljava/security/Permission;)Z+16 java.base@17.0.9
j  java.security.ProtectionDomain.impliesWithAltFilePerm(Ljava/security/Permission;)Z+23 java.base@17.0.9
j  java.security.AccessControlContext.checkPermission(Ljava/security/Permission;)V+323 java.base@17.0.9
j  java.security.AccessController.checkPermission(Ljava/security/Permission;)V+161 java.base@17.0.9
j  ch.qos.logback.core.util.Loader$1.run()Ljava/lang/Boolean;+9
j  ch.qos.logback.core.util.Loader$1.run()Ljava/lang/Object;+1
J 852 c1 java.security.AccessController.doPrivileged(Ljava/security/PrivilegedAction;)Ljava/lang/Object; java.base@17.0.9 (9 bytes) @ 0x000001b579fb9ffc [0x000001b579fb9fc0+0x000000000000003c]
j  ch.qos.logback.core.util.Loader.<clinit>()V+34
v  ~StubRoutines::call_stub
j  ch.qos.logback.classic.util.ContextInitializer.autoConfig(Ljava/lang/ClassLoader;)V+1
j  ch.qos.logback.classic.util.ContextInitializer.autoConfig()V+6
j  ch.qos.logback.classic.spi.LogbackServiceProvider.initializeLoggerContext()V+11
j  ch.qos.logback.classic.spi.LogbackServiceProvider.initialize()V+21
j  org.slf4j.LoggerFactory.bind()V+37
j  org.slf4j.LoggerFactory.performInitialization()V+0
j  org.slf4j.LoggerFactory.getProvider()Lorg/slf4j/spi/SLF4JServiceProvider;+21
j  org.slf4j.LoggerFactory.getILoggerFactory()Lorg/slf4j/ILoggerFactory;+0
j  org.slf4j.LoggerFactory.getLogger(Ljava/lang/String;)Lorg/slf4j/Logger;+0
j  org.apache.commons.logging.LogAdapter$Slf4jAdapter.createLocationAwareLog(Ljava/lang/String;)Lorg/apache/commons/logging/Log;+1
j  org.apache.commons.logging.LogAdapter$$Lambda$95+0x000001b50b0c7248.apply(Ljava/lang/Object;)Ljava/lang/Object;+4
j  org.apache.commons.logging.LogAdapter.createLog(Ljava/lang/String;)Lorg/apache/commons/logging/Log;+4
j  org.apache.commons.logging.LogFactory.getLog(Ljava/lang/String;)Lorg/apache/commons/logging/Log;+1
j  org.apache.commons.logging.LogFactory.getLog(Ljava/lang/Class;)Lorg/apache/commons/logging/Log;+4
j  org.springframework.boot.SpringApplication.<clinit>()V+2
v  ~StubRoutines::call_stub
j  com.videoplatform.auth.AuthApplication.main([Ljava/lang/String;)V+3
v  ~StubRoutines::call_stub

---------------  P R O C E S S  ---------------

Threads class SMR info:
_java_thread_list=0x000001b54f69a9c0, length=15, elements={
0x000001b5723e09a0, 0x000001b57fb0e460, 0x000001b54f002190, 0x000001b54f017e50,
0x000001b54f01a730, 0x000001b54f01b0f0, 0x000001b54f021ae0, 0x000001b54f0224a0,
0x000001b54f0273b0, 0x000001b54f1046e0, 0x000001b57faf3340, 0x000001b54f10b470,
0x000001b54f560fd0, 0x000001b54f5614b0, 0x000001b54f6a9b30
}

Java Threads: ( => current thread )
=>0x000001b5723e09a0 JavaThread "main" [_thread_in_vm, id=18208, stack(0x0000008aabf00000,0x0000008aac000000)]
  0x000001b57fb0e460 JavaThread "Reference Handler" daemon [_thread_blocked, id=19924, stack(0x0000008aac600000,0x0000008aac700000)]
  0x000001b54f002190 JavaThread "Finalizer" daemon [_thread_blocked, id=13768, stack(0x0000008aac700000,0x0000008aac800000)]
  0x000001b54f017e50 JavaThread "Signal Dispatcher" daemon [_thread_blocked, id=24444, stack(0x0000008aac800000,0x0000008aac900000)]
  0x000001b54f01a730 JavaThread "Attach Listener" daemon [_thread_blocked, id=20124, stack(0x0000008aac900000,0x0000008aaca00000)]
  0x000001b54f01b0f0 JavaThread "Service Thread" daemon [_thread_blocked, id=21808, stack(0x0000008aaca00000,0x0000008aacb00000)]
  0x000001b54f021ae0 JavaThread "Monitor Deflation Thread" daemon [_thread_blocked, id=9696, stack(0x0000008aacb00000,0x0000008aacc00000)]
  0x000001b54f0224a0 JavaThread "C1 CompilerThread0" daemon [_thread_blocked, id=24228, stack(0x0000008aacc00000,0x0000008aacd00000)]
  0x000001b54f0273b0 JavaThread "Sweeper thread" daemon [_thread_blocked, id=24344, stack(0x0000008aacd00000,0x0000008aace00000)]
  0x000001b54f1046e0 JavaThread "Common-Cleaner" daemon [_thread_blocked, id=6176, stack(0x0000008aace00000,0x0000008aacf00000)]
  0x000001b57faf3340 JavaThread "C1 CompilerThread1" daemon [_thread_blocked, id=24396, stack(0x0000008aacf00000,0x0000008aad000000)]
  0x000001b54f10b470 JavaThread "C1 CompilerThread2" daemon [_thread_blocked, id=18764, stack(0x0000008aad000000,0x0000008aad100000)]
  0x000001b54f560fd0 JavaThread "Monitor Ctrl-Break" daemon [_thread_in_native, id=21920, stack(0x0000008aad100000,0x0000008aad200000)]
  0x000001b54f5614b0 JavaThread "Notification Thread" daemon [_thread_blocked, id=9700, stack(0x0000008aad200000,0x0000008aad300000)]
  0x000001b54f6a9b30 JavaThread "RMI TCP Accept-0" daemon [_thread_in_native, id=24456, stack(0x0000008aad300000,0x0000008aad400000)]

Other Threads:
  0x000001b57fb040d0 VMThread "VM Thread" [stack: 0x0000008aac500000,0x0000008aac600000] [id=24292]
  0x000001b54f6a6320 WatcherThread [stack: 0x0000008aad400000,0x0000008aad500000] [id=24092]
  0x000001b57244c3d0 GCTaskThread "GC Thread#0" [stack: 0x0000008aac000000,0x0000008aac100000] [id=8048]
  0x000001b57245cee0 ConcurrentGCThread "G1 Main Marker" [stack: 0x0000008aac100000,0x0000008aac200000] [id=24148]
  0x000001b57245d8f0 ConcurrentGCThread "G1 Conc#0" [stack: 0x0000008aac200000,0x0000008aac300000] [id=12856]
  0x000001b57249e5f0 ConcurrentGCThread "G1 Refine#0" [stack: 0x0000008aac300000,0x0000008aac400000] [id=5224]
  0x000001b57f9bb350 ConcurrentGCThread "G1 Service" [stack: 0x0000008aac400000,0x0000008aac500000] [id=14488]

Threads with active compile tasks:

VM state: not at safepoint (normal execution)

VM Mutex/Monitor currently owned by a thread:  ([mutex/lock_event])
[0x000001b5723dbab0] Metaspace_lock - owner thread: 0x000001b5723e09a0

Heap address: 0x0000000704400000, size: 4028 MB, Compressed Oops mode: Zero based, Oop shift amount: 3

CDS archive(s) mapped at: [0x000001b50a000000-0x000001b50abd0000-0x000001b50abd0000), size 12386304, SharedBaseAddress: 0x000001b50a000000, ArchiveRelocationMode: 1.
Compressed class space mapped at: 0x000001b50b000000-0x000001b54b000000, reserved size: 1073741824
Narrow klass base: 0x000001b50a000000, Narrow klass shift: 0, Narrow klass range: 0x100000000

GC Precious Log:
 CPUs: 16 total, 16 available
 Memory: 16110M
 Large Page Support: Disabled
 NUMA Support: Disabled
 Compressed Oops: Enabled (Zero based)
 Heap Region Size: 2M
 Heap Min Capacity: 8M
 Heap Initial Capacity: 252M
 Heap Max Capacity: 4028M
 Pre-touch: Disabled
 Parallel Workers: 13
 Concurrent Workers: 3
 Concurrent Refinement Workers: 13
 Periodic GC: Disabled

Heap:
 garbage-first heap   total 258048K, used 12288K [0x0000000704400000, 0x0000000800000000)
  region size 2048K, 8 young (16384K), 0 survivors (0K)
 Metaspace       used 5231K, committed 5376K, reserved 1114112K
  class space    used 619K, committed 704K, reserved 1048576K

Heap Regions: E=young(eden), S=young(survivor), O=old, HS=humongous(starts), HC=humongous(continues), CS=collection set, F=free, OA=open archive, CA=closed archive, TAMS=top-at-mark-start (previous, next)
|   0|0x0000000704400000, 0x0000000704400000, 0x0000000704600000|  0%| F|  |TAMS 0x0000000704400000, 0x0000000704400000| Untracked 
|   1|0x0000000704600000, 0x0000000704600000, 0x0000000704800000|  0%| F|  |TAMS 0x0000000704600000, 0x0000000704600000| Untracked 
|   2|0x0000000704800000, 0x0000000704800000, 0x0000000704a00000|  0%| F|  |TAMS 0x0000000704800000, 0x0000000704800000| Untracked 
|   3|0x0000000704a00000, 0x0000000704a00000, 0x0000000704c00000|  0%| F|  |TAMS 0x0000000704a00000, 0x0000000704a00000| Untracked 
|   4|0x0000000704c00000, 0x0000000704c00000, 0x0000000704e00000|  0%| F|  |TAMS 0x0000000704c00000, 0x0000000704c00000| Untracked 
|   5|0x0000000704e00000, 0x0000000704e00000, 0x0000000705000000|  0%| F|  |TAMS 0x0000000704e00000, 0x0000000704e00000| Untracked 
|   6|0x0000000705000000, 0x0000000705000000, 0x0000000705200000|  0%| F|  |TAMS 0x0000000705000000, 0x0000000705000000| Untracked 
|   7|0x0000000705200000, 0x0000000705200000, 0x0000000705400000|  0%| F|  |TAMS 0x0000000705200000, 0x0000000705200000| Untracked 
|   8|0x0000000705400000, 0x0000000705400000, 0x0000000705600000|  0%| F|  |TAMS 0x0000000705400000, 0x0000000705400000| Untracked 
|   9|0x0000000705600000, 0x0000000705600000, 0x0000000705800000|  0%| F|  |TAMS 0x0000000705600000, 0x0000000705600000| Untracked 
|  10|0x0000000705800000, 0x0000000705800000, 0x0000000705a00000|  0%| F|  |TAMS 0x0000000705800000, 0x0000000705800000| Untracked 
|  11|0x0000000705a00000, 0x0000000705a00000, 0x0000000705c00000|  0%| F|  |TAMS 0x0000000705a00000, 0x0000000705a00000| Untracked 
|  12|0x0000000705c00000, 0x0000000705c00000, 0x0000000705e00000|  0%| F|  |TAMS 0x0000000705c00000, 0x0000000705c00000| Untracked 
|  13|0x0000000705e00000, 0x0000000705e00000, 0x0000000706000000|  0%| F|  |TAMS 0x0000000705e00000, 0x0000000705e00000| Untracked 
|  14|0x0000000706000000, 0x0000000706000000, 0x0000000706200000|  0%| F|  |TAMS 0x0000000706000000, 0x0000000706000000| Untracked 
|  15|0x0000000706200000, 0x0000000706200000, 0x0000000706400000|  0%| F|  |TAMS 0x0000000706200000, 0x0000000706200000| Untracked 
|  16|0x0000000706400000, 0x0000000706400000, 0x0000000706600000|  0%| F|  |TAMS 0x0000000706400000, 0x0000000706400000| Untracked 
|  17|0x0000000706600000, 0x0000000706600000, 0x0000000706800000|  0%| F|  |TAMS 0x0000000706600000, 0x0000000706600000| Untracked 
|  18|0x0000000706800000, 0x0000000706800000, 0x0000000706a00000|  0%| F|  |TAMS 0x0000000706800000, 0x0000000706800000| Untracked 
|  19|0x0000000706a00000, 0x0000000706a00000, 0x0000000706c00000|  0%| F|  |TAMS 0x0000000706a00000, 0x0000000706a00000| Untracked 
|  20|0x0000000706c00000, 0x0000000706c00000, 0x0000000706e00000|  0%| F|  |TAMS 0x0000000706c00000, 0x0000000706c00000| Untracked 
|  21|0x0000000706e00000, 0x0000000706e00000, 0x0000000707000000|  0%| F|  |TAMS 0x0000000706e00000, 0x0000000706e00000| Untracked 
|  22|0x0000000707000000, 0x0000000707000000, 0x0000000707200000|  0%| F|  |TAMS 0x0000000707000000, 0x0000000707000000| Untracked 
|  23|0x0000000707200000, 0x0000000707200000, 0x0000000707400000|  0%| F|  |TAMS 0x0000000707200000, 0x0000000707200000| Untracked 
|  24|0x0000000707400000, 0x0000000707400000, 0x0000000707600000|  0%| F|  |TAMS 0x0000000707400000, 0x0000000707400000| Untracked 
|  25|0x0000000707600000, 0x0000000707600000, 0x0000000707800000|  0%| F|  |TAMS 0x0000000707600000, 0x0000000707600000| Untracked 
|  26|0x0000000707800000, 0x0000000707800000, 0x0000000707a00000|  0%| F|  |TAMS 0x0000000707800000, 0x0000000707800000| Untracked 
|  27|0x0000000707a00000, 0x0000000707a00000, 0x0000000707c00000|  0%| F|  |TAMS 0x0000000707a00000, 0x0000000707a00000| Untracked 
|  28|0x0000000707c00000, 0x0000000707c00000, 0x0000000707e00000|  0%| F|  |TAMS 0x0000000707c00000, 0x0000000707c00000| Untracked 
|  29|0x0000000707e00000, 0x0000000707e00000, 0x0000000708000000|  0%| F|  |TAMS 0x0000000707e00000, 0x0000000707e00000| Untracked 
|  30|0x0000000708000000, 0x0000000708000000, 0x0000000708200000|  0%| F|  |TAMS 0x0000000708000000, 0x0000000708000000| Untracked 
|  31|0x0000000708200000, 0x0000000708200000, 0x0000000708400000|  0%| F|  |TAMS 0x0000000708200000, 0x0000000708200000| Untracked 
|  32|0x0000000708400000, 0x0000000708400000, 0x0000000708600000|  0%| F|  |TAMS 0x0000000708400000, 0x0000000708400000| Untracked 
|  33|0x0000000708600000, 0x0000000708600000, 0x0000000708800000|  0%| F|  |TAMS 0x0000000708600000, 0x0000000708600000| Untracked 
|  34|0x0000000708800000, 0x0000000708800000, 0x0000000708a00000|  0%| F|  |TAMS 0x0000000708800000, 0x0000000708800000| Untracked 
|  35|0x0000000708a00000, 0x0000000708a00000, 0x0000000708c00000|  0%| F|  |TAMS 0x0000000708a00000, 0x0000000708a00000| Untracked 
|  36|0x0000000708c00000, 0x0000000708c00000, 0x0000000708e00000|  0%| F|  |TAMS 0x0000000708c00000, 0x0000000708c00000| Untracked 
|  37|0x0000000708e00000, 0x0000000708e00000, 0x0000000709000000|  0%| F|  |TAMS 0x0000000708e00000, 0x0000000708e00000| Untracked 
|  38|0x0000000709000000, 0x0000000709000000, 0x0000000709200000|  0%| F|  |TAMS 0x0000000709000000, 0x0000000709000000| Untracked 
|  39|0x0000000709200000, 0x0000000709200000, 0x0000000709400000|  0%| F|  |TAMS 0x0000000709200000, 0x0000000709200000| Untracked 
|  40|0x0000000709400000, 0x0000000709400000, 0x0000000709600000|  0%| F|  |TAMS 0x0000000709400000, 0x0000000709400000| Untracked 
|  41|0x0000000709600000, 0x0000000709600000, 0x0000000709800000|  0%| F|  |TAMS 0x0000000709600000, 0x0000000709600000| Untracked 
|  42|0x0000000709800000, 0x0000000709800000, 0x0000000709a00000|  0%| F|  |TAMS 0x0000000709800000, 0x0000000709800000| Untracked 
|  43|0x0000000709a00000, 0x0000000709a00000, 0x0000000709c00000|  0%| F|  |TAMS 0x0000000709a00000, 0x0000000709a00000| Untracked 
|  44|0x0000000709c00000, 0x0000000709c00000, 0x0000000709e00000|  0%| F|  |TAMS 0x0000000709c00000, 0x0000000709c00000| Untracked 
|  45|0x0000000709e00000, 0x0000000709e00000, 0x000000070a000000|  0%| F|  |TAMS 0x0000000709e00000, 0x0000000709e00000| Untracked 
|  46|0x000000070a000000, 0x000000070a000000, 0x000000070a200000|  0%| F|  |TAMS 0x000000070a000000, 0x000000070a000000| Untracked 
|  47|0x000000070a200000, 0x000000070a200000, 0x000000070a400000|  0%| F|  |TAMS 0x000000070a200000, 0x000000070a200000| Untracked 
|  48|0x000000070a400000, 0x000000070a400000, 0x000000070a600000|  0%| F|  |TAMS 0x000000070a400000, 0x000000070a400000| Untracked 
|  49|0x000000070a600000, 0x000000070a600000, 0x000000070a800000|  0%| F|  |TAMS 0x000000070a600000, 0x000000070a600000| Untracked 
|  50|0x000000070a800000, 0x000000070a800000, 0x000000070aa00000|  0%| F|  |TAMS 0x000000070a800000, 0x000000070a800000| Untracked 
|  51|0x000000070aa00000, 0x000000070aa00000, 0x000000070ac00000|  0%| F|  |TAMS 0x000000070aa00000, 0x000000070aa00000| Untracked 
|  52|0x000000070ac00000, 0x000000070ac00000, 0x000000070ae00000|  0%| F|  |TAMS 0x000000070ac00000, 0x000000070ac00000| Untracked 
|  53|0x000000070ae00000, 0x000000070ae00000, 0x000000070b000000|  0%| F|  |TAMS 0x000000070ae00000, 0x000000070ae00000| Untracked 
|  54|0x000000070b000000, 0x000000070b000000, 0x000000070b200000|  0%| F|  |TAMS 0x000000070b000000, 0x000000070b000000| Untracked 
|  55|0x000000070b200000, 0x000000070b200000, 0x000000070b400000|  0%| F|  |TAMS 0x000000070b200000, 0x000000070b200000| Untracked 
|  56|0x000000070b400000, 0x000000070b400000, 0x000000070b600000|  0%| F|  |TAMS 0x000000070b400000, 0x000000070b400000| Untracked 
|  57|0x000000070b600000, 0x000000070b600000, 0x000000070b800000|  0%| F|  |TAMS 0x000000070b600000, 0x000000070b600000| Untracked 
|  58|0x000000070b800000, 0x000000070b800000, 0x000000070ba00000|  0%| F|  |TAMS 0x000000070b800000, 0x000000070b800000| Untracked 
|  59|0x000000070ba00000, 0x000000070ba00000, 0x000000070bc00000|  0%| F|  |TAMS 0x000000070ba00000, 0x000000070ba00000| Untracked 
|  60|0x000000070bc00000, 0x000000070bc00000, 0x000000070be00000|  0%| F|  |TAMS 0x000000070bc00000, 0x000000070bc00000| Untracked 
|  61|0x000000070be00000, 0x000000070be00000, 0x000000070c000000|  0%| F|  |TAMS 0x000000070be00000, 0x000000070be00000| Untracked 
|  62|0x000000070c000000, 0x000000070c000000, 0x000000070c200000|  0%| F|  |TAMS 0x000000070c000000, 0x000000070c000000| Untracked 
|  63|0x000000070c200000, 0x000000070c200000, 0x000000070c400000|  0%| F|  |TAMS 0x000000070c200000, 0x000000070c200000| Untracked 
|  64|0x000000070c400000, 0x000000070c400000, 0x000000070c600000|  0%| F|  |TAMS 0x000000070c400000, 0x000000070c400000| Untracked 
|  65|0x000000070c600000, 0x000000070c600000, 0x000000070c800000|  0%| F|  |TAMS 0x000000070c600000, 0x000000070c600000| Untracked 
|  66|0x000000070c800000, 0x000000070c800000, 0x000000070ca00000|  0%| F|  |TAMS 0x000000070c800000, 0x000000070c800000| Untracked 
|  67|0x000000070ca00000, 0x000000070ca00000, 0x000000070cc00000|  0%| F|  |TAMS 0x000000070ca00000, 0x000000070ca00000| Untracked 
|  68|0x000000070cc00000, 0x000000070cc00000, 0x000000070ce00000|  0%| F|  |TAMS 0x000000070cc00000, 0x000000070cc00000| Untracked 
|  69|0x000000070ce00000, 0x000000070ce00000, 0x000000070d000000|  0%| F|  |TAMS 0x000000070ce00000, 0x000000070ce00000| Untracked 
|  70|0x000000070d000000, 0x000000070d000000, 0x000000070d200000|  0%| F|  |TAMS 0x000000070d000000, 0x000000070d000000| Untracked 
|  71|0x000000070d200000, 0x000000070d200000, 0x000000070d400000|  0%| F|  |TAMS 0x000000070d200000, 0x000000070d200000| Untracked 
|  72|0x000000070d400000, 0x000000070d400000, 0x000000070d600000|  0%| F|  |TAMS 0x000000070d400000, 0x000000070d400000| Untracked 
|  73|0x000000070d600000, 0x000000070d600000, 0x000000070d800000|  0%| F|  |TAMS 0x000000070d600000, 0x000000070d600000| Untracked 
|  74|0x000000070d800000, 0x000000070d800000, 0x000000070da00000|  0%| F|  |TAMS 0x000000070d800000, 0x000000070d800000| Untracked 
|  75|0x000000070da00000, 0x000000070da00000, 0x000000070dc00000|  0%| F|  |TAMS 0x000000070da00000, 0x000000070da00000| Untracked 
|  76|0x000000070dc00000, 0x000000070dc00000, 0x000000070de00000|  0%| F|  |TAMS 0x000000070dc00000, 0x000000070dc00000| Untracked 
|  77|0x000000070de00000, 0x000000070de00000, 0x000000070e000000|  0%| F|  |TAMS 0x000000070de00000, 0x000000070de00000| Untracked 
|  78|0x000000070e000000, 0x000000070e000000, 0x000000070e200000|  0%| F|  |TAMS 0x000000070e000000, 0x000000070e000000| Untracked 
|  79|0x000000070e200000, 0x000000070e200000, 0x000000070e400000|  0%| F|  |TAMS 0x000000070e200000, 0x000000070e200000| Untracked 
|  80|0x000000070e400000, 0x000000070e400000, 0x000000070e600000|  0%| F|  |TAMS 0x000000070e400000, 0x000000070e400000| Untracked 
|  81|0x000000070e600000, 0x000000070e600000, 0x000000070e800000|  0%| F|  |TAMS 0x000000070e600000, 0x000000070e600000| Untracked 
|  82|0x000000070e800000, 0x000000070e800000, 0x000000070ea00000|  0%| F|  |TAMS 0x000000070e800000, 0x000000070e800000| Untracked 
|  83|0x000000070ea00000, 0x000000070ea00000, 0x000000070ec00000|  0%| F|  |TAMS 0x000000070ea00000, 0x000000070ea00000| Untracked 
|  84|0x000000070ec00000, 0x000000070ec00000, 0x000000070ee00000|  0%| F|  |TAMS 0x000000070ec00000, 0x000000070ec00000| Untracked 
|  85|0x000000070ee00000, 0x000000070ee00000, 0x000000070f000000|  0%| F|  |TAMS 0x000000070ee00000, 0x000000070ee00000| Untracked 
|  86|0x000000070f000000, 0x000000070f000000, 0x000000070f200000|  0%| F|  |TAMS 0x000000070f000000, 0x000000070f000000| Untracked 
|  87|0x000000070f200000, 0x000000070f200000, 0x000000070f400000|  0%| F|  |TAMS 0x000000070f200000, 0x000000070f200000| Untracked 
|  88|0x000000070f400000, 0x000000070f400000, 0x000000070f600000|  0%| F|  |TAMS 0x000000070f400000, 0x000000070f400000| Untracked 
|  89|0x000000070f600000, 0x000000070f600000, 0x000000070f800000|  0%| F|  |TAMS 0x000000070f600000, 0x000000070f600000| Untracked 
|  90|0x000000070f800000, 0x000000070f800000, 0x000000070fa00000|  0%| F|  |TAMS 0x000000070f800000, 0x000000070f800000| Untracked 
|  91|0x000000070fa00000, 0x000000070fa00000, 0x000000070fc00000|  0%| F|  |TAMS 0x000000070fa00000, 0x000000070fa00000| Untracked 
|  92|0x000000070fc00000, 0x000000070fc00000, 0x000000070fe00000|  0%| F|  |TAMS 0x000000070fc00000, 0x000000070fc00000| Untracked 
|  93|0x000000070fe00000, 0x000000070fe00000, 0x0000000710000000|  0%| F|  |TAMS 0x000000070fe00000, 0x000000070fe00000| Untracked 
|  94|0x0000000710000000, 0x0000000710000000, 0x0000000710200000|  0%| F|  |TAMS 0x0000000710000000, 0x0000000710000000| Untracked 
|  95|0x0000000710200000, 0x0000000710200000, 0x0000000710400000|  0%| F|  |TAMS 0x0000000710200000, 0x0000000710200000| Untracked 
|  96|0x0000000710400000, 0x0000000710400000, 0x0000000710600000|  0%| F|  |TAMS 0x0000000710400000, 0x0000000710400000| Untracked 
|  97|0x0000000710600000, 0x0000000710600000, 0x0000000710800000|  0%| F|  |TAMS 0x0000000710600000, 0x0000000710600000| Untracked 
|  98|0x0000000710800000, 0x0000000710800000, 0x0000000710a00000|  0%| F|  |TAMS 0x0000000710800000, 0x0000000710800000| Untracked 
|  99|0x0000000710a00000, 0x0000000710a00000, 0x0000000710c00000|  0%| F|  |TAMS 0x0000000710a00000, 0x0000000710a00000| Untracked 
| 100|0x0000000710c00000, 0x0000000710c00000, 0x0000000710e00000|  0%| F|  |TAMS 0x0000000710c00000, 0x0000000710c00000| Untracked 
| 101|0x0000000710e00000, 0x0000000710e00000, 0x0000000711000000|  0%| F|  |TAMS 0x0000000710e00000, 0x0000000710e00000| Untracked 
| 102|0x0000000711000000, 0x0000000711000000, 0x0000000711200000|  0%| F|  |TAMS 0x0000000711000000, 0x0000000711000000| Untracked 
| 103|0x0000000711200000, 0x0000000711200000, 0x0000000711400000|  0%| F|  |TAMS 0x0000000711200000, 0x0000000711200000| Untracked 
| 104|0x0000000711400000, 0x0000000711400000, 0x0000000711600000|  0%| F|  |TAMS 0x0000000711400000, 0x0000000711400000| Untracked 
| 105|0x0000000711600000, 0x0000000711600000, 0x0000000711800000|  0%| F|  |TAMS 0x0000000711600000, 0x0000000711600000| Untracked 
| 106|0x0000000711800000, 0x0000000711800000, 0x0000000711a00000|  0%| F|  |TAMS 0x0000000711800000, 0x0000000711800000| Untracked 
| 107|0x0000000711a00000, 0x0000000711a00000, 0x0000000711c00000|  0%| F|  |TAMS 0x0000000711a00000, 0x0000000711a00000| Untracked 
| 108|0x0000000711c00000, 0x0000000711c00000, 0x0000000711e00000|  0%| F|  |TAMS 0x0000000711c00000, 0x0000000711c00000| Untracked 
| 109|0x0000000711e00000, 0x0000000711e00000, 0x0000000712000000|  0%| F|  |TAMS 0x0000000711e00000, 0x0000000711e00000| Untracked 
| 110|0x0000000712000000, 0x0000000712000000, 0x0000000712200000|  0%| F|  |TAMS 0x0000000712000000, 0x0000000712000000| Untracked 
| 111|0x0000000712200000, 0x0000000712200000, 0x0000000712400000|  0%| F|  |TAMS 0x0000000712200000, 0x0000000712200000| Untracked 
| 112|0x0000000712400000, 0x0000000712400000, 0x0000000712600000|  0%| F|  |TAMS 0x0000000712400000, 0x0000000712400000| Untracked 
| 113|0x0000000712600000, 0x0000000712600000, 0x0000000712800000|  0%| F|  |TAMS 0x0000000712600000, 0x0000000712600000| Untracked 
| 114|0x0000000712800000, 0x0000000712800000, 0x0000000712a00000|  0%| F|  |TAMS 0x0000000712800000, 0x0000000712800000| Untracked 
| 115|0x0000000712a00000, 0x0000000712a00000, 0x0000000712c00000|  0%| F|  |TAMS 0x0000000712a00000, 0x0000000712a00000| Untracked 
| 116|0x0000000712c00000, 0x0000000712c00000, 0x0000000712e00000|  0%| F|  |TAMS 0x0000000712c00000, 0x0000000712c00000| Untracked 
| 117|0x0000000712e00000, 0x0000000712e00000, 0x0000000713000000|  0%| F|  |TAMS 0x0000000712e00000, 0x0000000712e00000| Untracked 
| 118|0x0000000713000000, 0x0000000713071250, 0x0000000713200000| 22%| E|  |TAMS 0x0000000713000000, 0x0000000713000000| Complete 
| 119|0x0000000713200000, 0x0000000713400000, 0x0000000713400000|100%| E|CS|TAMS 0x0000000713200000, 0x0000000713200000| Complete 
| 120|0x0000000713400000, 0x0000000713600000, 0x0000000713600000|100%| E|CS|TAMS 0x0000000713400000, 0x0000000713400000| Complete 
| 121|0x0000000713600000, 0x0000000713800000, 0x0000000713800000|100%| E|CS|TAMS 0x0000000713600000, 0x0000000713600000| Complete 
| 122|0x0000000713800000, 0x0000000713a00000, 0x0000000713a00000|100%| E|CS|TAMS 0x0000000713800000, 0x0000000713800000| Complete 
| 123|0x0000000713a00000, 0x0000000713c00000, 0x0000000713c00000|100%| E|  |TAMS 0x0000000713a00000, 0x0000000713a00000| Complete 
| 124|0x0000000713c00000, 0x0000000713e00000, 0x0000000713e00000|100%| E|CS|TAMS 0x0000000713c00000, 0x0000000713c00000| Complete 
| 125|0x0000000713e00000, 0x0000000714000000, 0x0000000714000000|100%| E|CS|TAMS 0x0000000713e00000, 0x0000000713e00000| Complete 

Card table byte_map: [0x000001b57dab0000,0x000001b57e290000] _byte_map_base: 0x000001b57a28e000

Marking Bits (Prev, Next): (CMBitMap*) 0x000001b57244c9f0, (CMBitMap*) 0x000001b57244ca30
 Prev Bits: [0x000001b500000000, 0x000001b503ef0000)
 Next Bits: [0x000001b503ef0000, 0x000001b507de0000)

Polling page: 0x000001b570340000

Metaspace:

Usage:
  Non-class:      4.50 MB used.
      Class:    619.78 KB used.
       Both:      5.11 MB used.

Virtual space:
  Non-class space:       64.00 MB reserved,       4.56 MB (  7%) committed,  1 nodes.
      Class space:        1.00 GB reserved,     704.00 KB ( <1%) committed,  1 nodes.
             Both:        1.06 GB reserved,       5.25 MB ( <1%) committed. 

Chunk freelists:
   Non-Class:  11.41 MB
       Class:  15.19 MB
        Both:  26.59 MB

MaxMetaspaceSize: unlimited
CompressedClassSpaceSize: 1.00 GB
Initial GC threshold: 21.00 MB
Current GC threshold: 21.00 MB
CDS: on
MetaspaceReclaimPolicy: balanced
 - commit_granule_bytes: 65536.
 - commit_granule_words: 8192.
 - virtual_space_node_default_size: 8388608.
 - enlarge_chunks_in_place: 1.
 - new_chunks_are_fully_committed: 0.
 - uncommit_free_chunks: 1.
 - use_allocation_guard: 0.
 - handle_deallocations: 1.


Internal statistics:

num_allocs_failed_limit: 0.
num_arena_births: 80.
num_arena_deaths: 0.
num_vsnodes_births: 2.
num_vsnodes_deaths: 0.
num_space_committed: 84.
num_space_uncommitted: 0.
num_chunks_returned_to_freelist: 0.
num_chunks_taken_from_freelist: 120.
num_chunk_merges: 0.
num_chunk_splits: 79.
num_chunks_enlarged: 48.
num_inconsistent_stats: 0.

CodeCache: size=49152Kb used=3575Kb max_used=3575Kb free=45576Kb
 bounds [0x000001b579c70000, 0x000001b579ff0000, 0x000001b57cc70000]
 total_blobs=1387 nmethods=949 adapters=364
 compilation: disabled (not enough contiguous free space left)
              stopped_count=1, restarted_count=0
 full_count=1

Compilation events (20 events):
Event: 0.345 Thread 0x000001b57faf3340  942       1       jdk.internal.loader.BuiltinClassLoader::findLoadedModule (33 bytes)
Event: 0.346 Thread 0x000001b54f10b470 nmethod 939 0x000001b579fe7b10 code [0x000001b579fe7ca0, 0x000001b579fe7e28]
Event: 0.346 Thread 0x000001b54f10b470  943       1       jdk.internal.loader.BuiltinClassLoader::loadClassOrNull (7 bytes)
Event: 0.346 Thread 0x000001b54f10b470 nmethod 943 0x000001b579fe7f10 code [0x000001b579fe80a0, 0x000001b579fe8188]
Event: 0.346 Thread 0x000001b57faf3340 nmethod 942 0x000001b579fe8210 code [0x000001b579fe83e0, 0x000001b579fe8618]
Event: 0.346 Thread 0x000001b54f0224a0 nmethod 938 0x000001b579fe8790 code [0x000001b579fe8a00, 0x000001b579fe91d8]
Event: 0.350 Thread 0x000001b54f0224a0  944       1       java.io.BufferedReader::ensureOpen (18 bytes)
Event: 0.350 Thread 0x000001b54f10b470  945       1       java.io.StreamTokenizer::read (38 bytes)
Event: 0.350 Thread 0x000001b57faf3340  946   !   1       java.io.BufferedReader::read (104 bytes)
Event: 0.350 Thread 0x000001b54f0224a0 nmethod 944 0x000001b579fe9c90 code [0x000001b579fe9e20, 0x000001b579fe9f88]
Event: 0.350 Thread 0x000001b54f10b470 nmethod 945 0x000001b579fea010 code [0x000001b579fea1e0, 0x000001b579fea3e8]
Event: 0.350 Thread 0x000001b57faf3340 nmethod 946 0x000001b579fea510 code [0x000001b579fea6e0, 0x000001b579feaa98]
Event: 0.351 Thread 0x000001b57faf3340  947       1       java.io.StreamTokenizer::nextToken (1266 bytes)
Event: 0.351 Thread 0x000001b54f0224a0  948       1       sun.security.provider.PolicyParser::peek (182 bytes)
Event: 0.351 Thread 0x000001b54f10b470  949       1       sun.security.provider.PolicyParser::match (778 bytes)
Event: 0.351 Thread 0x000001b54f0224a0 nmethod 948 0x000001b579fead90 code [0x000001b579feaf80, 0x000001b579feb2a8]
Event: 0.351 Thread 0x000001b54f0224a0  950       1       java.lang.String::copyValueOf (11 bytes)
Event: 0.351 Thread 0x000001b54f0224a0 nmethod 950 0x000001b579feb490 code [0x000001b579feb640, 0x000001b579feb7d8]
Event: 0.352 Thread 0x000001b57faf3340 nmethod 947 0x000001b579feb910 code [0x000001b579febd60, 0x000001b579fed4c8]
Event: 0.352 Thread 0x000001b54f10b470 


GC Heap History (0 events):
No events

Deoptimization events (0 events):
No events

Classes unloaded (0 events):
No events

Classes redefined (0 events):
No events

Internal exceptions (10 events):
Event: 0.149 Thread 0x000001b54f560fd0 Exception <a 'java/lang/NoSuchMethodError'{0x0000000713604790}: 'java.lang.Object java.lang.invoke.DirectMethodHandle$Holder.invokeStaticInit(java.lang.Object)'> (0x0000000713604790) 
thrown [s\open\src\hotspot\share\interpreter\linkResolver.cpp, line 759]
Event: 0.155 Thread 0x000001b54f560fd0 Exception <a 'java/lang/NoSuchMethodError'{0x0000000713612620}: 'void java.lang.invoke.DirectMethodHandle$Holder.invokeStatic(java.lang.Object, java.lang.Object)'> (0x0000000713612620) 
thrown [s\open\src\hotspot\share\interpreter\linkResolver.cpp, line 759]
Event: 0.173 Thread 0x000001b5723e09a0 Exception <a 'java/lang/NoSuchMethodError'{0x00000007136905e0}: 'int java.lang.invoke.DirectMethodHandle$Holder.invokeInterface(java.lang.Object, java.lang.Object)'> (0x00000007136905e0) 
thrown [s\open\src\hotspot\share\interpreter\linkResolver.cpp, line 759]
Event: 0.174 Thread 0x000001b5723e09a0 Exception <a 'java/lang/IncompatibleClassChangeError'{0x0000000713693be0}: Found class java.lang.Object, but interface was expected> (0x0000000713693be0) 
thrown [s\open\src\hotspot\share\interpreter\linkResolver.cpp, line 826]
Event: 0.207 Thread 0x000001b5723e09a0 Exception <a 'java/lang/NoSuchMethodError'{0x000000071375f600}: 'int java.lang.invoke.DirectMethodHandle$Holder.invokeSpecial(java.lang.Object, java.lang.Object, java.lang.Object)'> (0x000000071375f600) 
thrown [s\open\src\hotspot\share\interpreter\linkResolver.cpp, line 759]
Event: 0.232 Thread 0x000001b5723e09a0 Exception <a 'java/lang/NoSuchMethodError'{0x000000071345a5c0}: 'void java.lang.invoke.DirectMethodHandle$Holder.invokeStatic(java.lang.Object, java.lang.Object, java.lang.Object)'> (0x000000071345a5c0) 
thrown [s\open\src\hotspot\share\interpreter\linkResolver.cpp, line 759]
Event: 0.240 Thread 0x000001b5723e09a0 Exception <a 'java/lang/NoSuchMethodError'{0x0000000713497238}: 'int java.lang.invoke.DirectMethodHandle$Holder.invokeSpecialIFC(java.lang.Object, java.lang.Object, java.lang.Object)'> (0x0000000713497238) 
thrown [s\open\src\hotspot\share\interpreter\linkResolver.cpp, line 759]
Event: 0.259 Thread 0x000001b5723e09a0 Exception <a 'java/lang/NoSuchMethodError'{0x000000071350e788}: 'java.lang.Object java.lang.invoke.DirectMethodHandle$Holder.invokeStaticInit(java.lang.Object, int, int, int, int)'> (0x000000071350e788) 
thrown [s\open\src\hotspot\share\interpreter\linkResolver.cpp, line 759]
Event: 0.292 Thread 0x000001b5723e09a0 Exception <a 'java/lang/NoSuchMethodError'{0x00000007135590c0}: 'java.lang.Object java.lang.invoke.DirectMethodHandle$Holder.invokeStaticInit(java.lang.Object, java.lang.Object, int, int, int, int)'> (0x00000007135590c0) 
thrown [s\open\src\hotspot\share\interpreter\linkResolver.cpp, line 759]
Event: 0.301 Thread 0x000001b5723e09a0 Exception <a 'java/lang/ClassNotFoundException'{0x00000007135776c8}: javax/management/remote/rmi/RMIServerImpl_Skel> (0x00000007135776c8) 
thrown [s\open\src\hotspot\share\classfile\systemDictionary.cpp, line 256]

VM Operations (14 events):
Event: 0.084 Executing VM operation: HandshakeAllThreads
Event: 0.084 Executing VM operation: HandshakeAllThreads done
Event: 0.148 Executing VM operation: HandshakeAllThreads
Event: 0.148 Executing VM operation: HandshakeAllThreads done
Event: 0.177 Executing VM operation: HandshakeAllThreads
Event: 0.177 Executing VM operation: HandshakeAllThreads done
Event: 0.253 Executing VM operation: HandshakeAllThreads
Event: 0.253 Executing VM operation: HandshakeAllThreads done
Event: 0.314 Executing VM operation: HandshakeAllThreads
Event: 0.314 Executing VM operation: HandshakeAllThreads done
Event: 0.333 Executing VM operation: HandshakeAllThreads
Event: 0.333 Executing VM operation: HandshakeAllThreads done
Event: 0.336 Executing VM operation: HandshakeAllThreads
Event: 0.336 Executing VM operation: HandshakeAllThreads done

Events (20 events):
Event: 0.349 loading class java/io/StreamTokenizer done
Event: 0.349 loading class java/nio/channels/SelectableChannel
Event: 0.349 loading class java/nio/channels/SelectableChannel done
Event: 0.350 loading class sun/nio/ch/IOStatus
Event: 0.350 loading class sun/nio/ch/IOStatus done
Event: 0.350 loading class sun/security/provider/PolicyParser$GrantEntry
Event: 0.350 loading class sun/security/provider/PolicyParser$GrantEntry done
Event: 0.350 loading class sun/security/provider/PolicyParser$PermissionEntry
Event: 0.350 loading class sun/security/provider/PolicyParser$PermissionEntry done
Event: 0.350 loading class sun/security/util/PropertyExpander
Event: 0.350 loading class sun/security/util/PropertyExpander done
Event: 0.351 loading class java/util/Vector$1
Event: 0.351 loading class java/util/Vector$1 done
Event: 0.351 loading class sun/net/www/protocol/jrt/Handler
Event: 0.351 loading class sun/net/www/protocol/jrt/Handler done
Event: 0.351 loading class sun/security/provider/PolicyFile$PolicyEntry
Event: 0.352 loading class sun/security/provider/PolicyFile$PolicyEntry done
Event: 0.352 loading class java/net/URLPermission
Event: 0.352 loading class java/net/URLPermission done
Event: 0.352 loading class java/net/URLPermission$Authority


Dynamic libraries:
0x00007ff63d220000 - 0x00007ff63d230000 	D:\Java\jdk-17.0.9\bin\java.exe
0x00007ffb2f8d0000 - 0x00007ffb2fac8000 	C:\Windows\SYSTEM32\ntdll.dll
0x00007ffb2dbe0000 - 0x00007ffb2dca2000 	C:\Windows\System32\KERNEL32.DLL
0x00007ffb2d160000 - 0x00007ffb2d456000 	C:\Windows\System32\KERNELBASE.dll
0x00007ffb2d5c0000 - 0x00007ffb2d6c0000 	C:\Windows\System32\ucrtbase.dll
0x00007ffaeada0000 - 0x00007ffaeadb9000 	D:\Java\jdk-17.0.9\bin\jli.dll
0x00007ffaeb6f0000 - 0x00007ffaeb70b000 	D:\Java\jdk-17.0.9\bin\VCRUNTIME140.dll
0x00007ffb2f030000 - 0x00007ffb2f0e1000 	C:\Windows\System32\ADVAPI32.dll
0x00007ffb2f710000 - 0x00007ffb2f7ae000 	C:\Windows\System32\msvcrt.dll
0x00007ffb2dfb0000 - 0x00007ffb2e04f000 	C:\Windows\System32\sechost.dll
0x00007ffb2dac0000 - 0x00007ffb2dbe0000 	C:\Windows\System32\RPCRT4.dll
0x00007ffb2d760000 - 0x00007ffb2d787000 	C:\Windows\System32\bcrypt.dll
0x00007ffb2ee10000 - 0x00007ffb2efb1000 	C:\Windows\System32\USER32.dll
0x00007ffb2d080000 - 0x00007ffb2d0a2000 	C:\Windows\System32\win32u.dll
0x00007ffb2f6e0000 - 0x00007ffb2f70b000 	C:\Windows\System32\GDI32.dll
0x00007ffb114e0000 - 0x00007ffb1177b000 	C:\Windows\WinSxS\amd64_microsoft.windows.common-controls_6595b64144ccf1df_6.0.19041.6456_none_60b8a6cb71f64256\COMCTL32.dll
0x00007ffb2cf60000 - 0x00007ffb2d079000 	C:\Windows\System32\gdi32full.dll
0x00007ffb2d6c0000 - 0x00007ffb2d75d000 	C:\Windows\System32\msvcp_win.dll
0x00007ffb22170000 - 0x00007ffb2217a000 	C:\Windows\SYSTEM32\VERSION.dll
0x00007ffb2f6b0000 - 0x00007ffb2f6df000 	C:\Windows\System32\IMM32.DLL
0x00007ffafe250000 - 0x00007ffafe25c000 	D:\Java\jdk-17.0.9\bin\vcruntime140_1.dll
0x00007ffac6a90000 - 0x00007ffac6b1e000 	D:\Java\jdk-17.0.9\bin\msvcp140.dll
0x00007ffa5ff70000 - 0x00007ffa60b51000 	D:\Java\jdk-17.0.9\bin\server\jvm.dll
0x00007ffb2df20000 - 0x00007ffb2df28000 	C:\Windows\System32\PSAPI.DLL
0x00007ffb21c30000 - 0x00007ffb21c39000 	C:\Windows\SYSTEM32\WSOCK32.dll
0x00007ffb1efb0000 - 0x00007ffb1efd7000 	C:\Windows\SYSTEM32\WINMM.dll
0x00007ffb2df30000 - 0x00007ffb2df9b000 	C:\Windows\System32\WS2_32.dll
0x00007ffb2b740000 - 0x00007ffb2b752000 	C:\Windows\SYSTEM32\kernel.appcore.dll
0x00007ffafe110000 - 0x00007ffafe11a000 	D:\Java\jdk-17.0.9\bin\jimage.dll
0x00007ffb2ac50000 - 0x00007ffb2ae51000 	C:\Windows\SYSTEM32\DBGHELP.DLL
0x00007ffb1ec20000 - 0x00007ffb1ec54000 	C:\Windows\SYSTEM32\dbgcore.DLL
0x00007ffb2d7e0000 - 0x00007ffb2d862000 	C:\Windows\System32\bcryptPrimitives.dll
0x00007ffafbf50000 - 0x00007ffafbf5e000 	D:\Java\jdk-17.0.9\bin\instrument.dll
0x00007ffaea680000 - 0x00007ffaea6a5000 	D:\Java\jdk-17.0.9\bin\java.dll
0x00007ffa81e30000 - 0x00007ffa81f07000 	D:\Java\jdk-17.0.9\bin\jsvml.dll
0x00007ffb2e6a0000 - 0x00007ffb2ee10000 	C:\Windows\System32\SHELL32.dll
0x00007ffb2af70000 - 0x00007ffb2b715000 	C:\Windows\SYSTEM32\windows.storage.dll
0x00007ffb2f350000 - 0x00007ffb2f6a4000 	C:\Windows\System32\combase.dll
0x00007ffb2c990000 - 0x00007ffb2c9bb000 	C:\Windows\SYSTEM32\Wldp.dll
0x00007ffb2e070000 - 0x00007ffb2e13d000 	C:\Windows\System32\OLEAUT32.dll
0x00007ffb2f0f0000 - 0x00007ffb2f19d000 	C:\Windows\System32\SHCORE.dll
0x00007ffb2f830000 - 0x00007ffb2f88b000 	C:\Windows\System32\shlwapi.dll
0x00007ffb2ce90000 - 0x00007ffb2ceb4000 	C:\Windows\SYSTEM32\profapi.dll
0x00007ffae9e60000 - 0x00007ffae9e78000 	D:\Java\jdk-17.0.9\bin\zip.dll
0x00007ffae9ea0000 - 0x00007ffae9eb9000 	D:\java\jdk-17.0.9\bin\net.dll
0x00007ffb25670000 - 0x00007ffb2577a000 	C:\Windows\SYSTEM32\WINHTTP.dll
0x00007ffb2c6f0000 - 0x00007ffb2c75a000 	C:\Windows\system32\mswsock.dll
0x00007ffae9e80000 - 0x00007ffae9e96000 	D:\java\jdk-17.0.9\bin\nio.dll
0x00007ffae91a0000 - 0x00007ffae91ba000 	D:\java\IntelliJIDEA2024.1\bin\breakgen64.dll
0x00007ffb2c3c0000 - 0x00007ffb2c48a000 	C:\Windows\SYSTEM32\DNSAPI.dll
0x00007ffb2c380000 - 0x00007ffb2c3bb000 	C:\Windows\SYSTEM32\IPHLPAPI.DLL
0x00007ffb2dfa0000 - 0x00007ffb2dfa8000 	C:\Windows\System32\NSI.dll
0x0000000054bd0000 - 0x0000000054bf6000 	C:\Program Files\Bonjour\mdnsNSP.dll
0x00007ffb247f0000 - 0x00007ffb247fa000 	C:\Windows\System32\rasadhlp.dll
0x00007ffb21e10000 - 0x00007ffb21e90000 	C:\Windows\System32\fwpuclnt.dll
0x00007ffaf8b30000 - 0x00007ffaf8b3a000 	D:\java\jdk-17.0.9\bin\management.dll
0x00007ffaf8110000 - 0x00007ffaf811b000 	D:\java\jdk-17.0.9\bin\management_ext.dll
0x00007ffb2c8f0000 - 0x00007ffb2c908000 	C:\Windows\SYSTEM32\CRYPTSP.dll
0x00007ffb2bfa0000 - 0x00007ffb2bfd8000 	C:\Windows\system32\rsaenh.dll
0x00007ffb2ce10000 - 0x00007ffb2ce3e000 	C:\Windows\SYSTEM32\USERENV.dll
0x00007ffb2c8e0000 - 0x00007ffb2c8ec000 	C:\Windows\SYSTEM32\CRYPTBASE.dll
0x00007ffb24820000 - 0x00007ffb24837000 	C:\Windows\SYSTEM32\dhcpcsvc6.DLL
0x00007ffb24800000 - 0x00007ffb2481d000 	C:\Windows\SYSTEM32\dhcpcsvc.DLL
0x00007ffb05bf0000 - 0x00007ffb05c07000 	C:\Windows\system32\napinsp.dll
0x00007ffb05bd0000 - 0x00007ffb05beb000 	C:\Windows\system32\pnrpnsp.dll
0x00007ffb258c0000 - 0x00007ffb258dd000 	C:\Windows\system32\wshbth.dll
0x00007ffb25790000 - 0x00007ffb257ad000 	C:\Windows\system32\NLAapi.dll
0x00007ffb05b80000 - 0x00007ffb05b92000 	C:\Windows\System32\winrnr.dll

dbghelp: loaded successfully - version: 4.0.5 - missing functions: none
symbol engine: initialized successfully - sym options: 0x614 - pdb path: .;D:\Java\jdk-17.0.9\bin;C:\Windows\SYSTEM32;C:\Windows\WinSxS\amd64_microsoft.windows.common-controls_6595b64144ccf1df_6.0.19041.6456_none_60b8a6cb71f64256;D:\Java\jdk-17.0.9\bin\server;D:\java\IntelliJIDEA2024.1\bin;C:\Program Files\Bonjour

VM Arguments:
jvm_args: -XX:TieredStopAtLevel=1 -Dspring.output.ansi.enabled=always -Dcom.sun.management.jmxremote -Dspring.jmx.enabled=true -Dspring.liveBeansView.mbeanDomain -Dspring.application.admin.enabled=true -Dmanagement.endpoints.jmx.exposure.include=* -javaagent:D:\java\IntelliJIDEA2024.1\lib\idea_rt.jar=59767:D:\java\IntelliJIDEA2024.1\bin -Dfile.encoding=UTF-8 
java_command: com.videoplatform.auth.AuthApplication
java_class_path (initial): D:\JavaLearning\Code\VideoPlatform\back\backend-microservices\platform-auth-service\target\classes;D:\JavaLearning\Code\VideoPlatform\back\backend-microservices\platform-common\target\classes;D:\java\LocalWarehouse\org\springframework\spring-web\6.1.6\spring-web-6.1.6.jar;D:\java\LocalWarehouse\org\springframework\spring-beans\6.1.6\spring-beans-6.1.6.jar;D:\java\LocalWarehouse\org\springframework\spring-core\6.1.6\spring-core-6.1.6.jar;D:\java\LocalWarehouse\org\springframework\spring-jcl\6.1.6\spring-jcl-6.1.6.jar;D:\java\LocalWarehouse\io\micrometer\micrometer-observation\1.12.5\micrometer-observation-1.12.5.jar;D:\java\LocalWarehouse\io\micrometer\micrometer-commons\1.12.5\micrometer-commons-1.12.5.jar;D:\java\LocalWarehouse\jakarta\validation\jakarta.validation-api\3.0.2\jakarta.validation-api-3.0.2.jar;D:\java\LocalWarehouse\com\baomidou\mybatis-plus-spring-boot3-starter\3.5.10\mybatis-plus-spring-boot3-starter-3.5.10.jar;D:\java\LocalWarehouse\com\baomidou\mybatis-plus\3.5.10\mybatis-plus-3.5.10.jar;D:\java\LocalWarehouse\com\baomidou\mybatis-plus-core\3.5.10\mybatis-plus-core-3.5.10.jar;D:\java\LocalWarehouse\com\baomidou\mybatis-plus-annotation\3.5.10\mybatis-plus-annotation-3.5.10.jar;D:\java\LocalWarehouse\com\baomidou\mybatis-plus-spring\3.5.10\mybatis-plus-spring-3.5.10.jar;D:\java\LocalWarehouse\com\baomidou\mybatis-plus-extension\3.5.10\mybatis-plus-extension-3.5.10.jar;D:\java\LocalWarehouse\org\mybatis\mybatis\3.5.19\mybatis-3.5.19.jar;D:\java\LocalWarehouse\org\mybatis\mybatis-spring\3.0.4\mybatis-spring-3.0.4.jar;D:\java\LocalWarehouse\com\baomidou\mybatis-plus-spring-boot-autoconfigure\3.5.10\mybatis-plus-spring-boot-autoconfigure-3.5.10.jar;D:\java\LocalWarehouse\org\springframework\boot\spring-boot-autoconfigure\3.2.5\spring-boot-autoconfigure-3.2.5.jar;D:\java\LocalWarehouse\org\springframework\boot\spring-boot-starter-jdbc\3.2.5\spring-boot-starter-jdbc-3.2.5.jar;D:\java\LocalWarehouse\com\zaxxer\HikariCP\5.0.1\Hi
Launcher Type: SUN_STANDARD

[Global flags]
     intx CICompilerCount                          = 12                                        {product} {ergonomic}
     uint ConcGCThreads                            = 3                                         {product} {ergonomic}
     uint G1ConcRefinementThreads                  = 13                                        {product} {ergonomic}
   size_t G1HeapRegionSize                         = 2097152                                   {product} {ergonomic}
    uintx GCDrainStackTargetSize                   = 64                                        {product} {ergonomic}
   size_t InitialHeapSize                          = 264241152                                 {product} {ergonomic}
     bool ManagementServer                         = true                                      {product} {command line}
   size_t MarkStackSize                            = 4194304                                   {product} {ergonomic}
   size_t MaxHeapSize                              = 4223664128                                {product} {ergonomic}
   size_t MaxNewSize                               = 2533359616                                {product} {ergonomic}
   size_t MinHeapDeltaBytes                        = 2097152                                   {product} {ergonomic}
   size_t MinHeapSize                              = 8388608                                   {product} {ergonomic}
    uintx NonProfiledCodeHeapSize                  = 0                                      {pd product} {ergonomic}
     bool ProfileInterpreter                       = false                                  {pd product} {command line}
    uintx ProfiledCodeHeapSize                     = 0                                      {pd product} {ergonomic}
   size_t SoftMaxHeapSize                          = 4223664128                             {manageable} {ergonomic}
     intx TieredStopAtLevel                        = 1                                         {product} {command line}
     bool UseCompressedClassPointers               = true                           {product lp64_product} {ergonomic}
     bool UseCompressedOops                        = true                           {product lp64_product} {ergonomic}
     bool UseG1GC                                  = true                                      {product} {ergonomic}
     bool UseLargePagesIndividualAllocation        = false                                  {pd product} {ergonomic}

Logging:
Log output configuration:
 #0: stdout all=warning uptime,level,tags
 #1: stderr all=off uptime,level,tags

Environment Variables:
JAVA_HOME=D:\java\jdk-17.0.9
CLASSPATH=.;%JAVA_HOME%\lib;
PATH=C:\Program Files\OpenSSL-Win64\bin;D:\VMware\bin\;C:\Program Files (x86)\Common Files\Oracle\Java\javapath;C:\Windows\system32;C:\Windows;C:\Windows\System32\Wbem;C:\Windows\System32\WindowsPowerShell\v1.0\;C:\Windows\System32\OpenSSH\;C:\Program Files (x86)\NVIDIA Corporation\PhysX\Common;C:\Program Files\NVIDIA Corporation\NVIDIA NvDLISR;C:\Program Files\Microsoft SQL Server\130\Tools\Binn\;C:\Program Files\dotnet\;C:\Program Files\Microsoft SQL Server\Client SDK\ODBC\170\Tools\Binn\;%JAVA_HOME%\bin;C:\Program Files\MySQL\MySQL Server 8.0\bin;D:\Program Files\ANACONDA\Library\bin\graphviz\dot.exe;D:\Program Files\ANACONDA;D:\Program Files\ANACONDA\Scripts;D:\Program Files\ANACONDA\Library\bin;D:\Program Files\ANACONDA\Library\mingw-w64\bin;D:\Program Files\ANACONDA\Library\usr\bin;D:\Program Files\MySQL\MySQL Server 8.0\bin;D:\Program Files\Git\cmd;D:\java\apache-maven-3.9.6\bin;D:\java\apache-tomcat-10.1.16\bin;D:\java\apache-tomcat-10.1.16\lib;D:\Software\Xshell\;D:\Software\Xftp\;C:\Program Files\WireGuard\;D:\Software\elasticsearch-8.14.3\bin;D:\temp;D:\Program Files\Docker\resources\bin;C:\Program Files\Docker\Docker\resources\bin;D:\java\redis;C:\Program Files\NVIDIA GPU Computing Toolkit\CUDA\v11.3\bin;D:\java\apache-zookeeper-3.9.4-bin\apache-zookeeper-3.9.4-bin\bin;D:\node\;C:\Program Files\OpenSSL-Win64\bin;C:\Users\86131\AppData\Local\Programs\Python\Python310\Scripts\;C:\Users\86131\AppData\Local\Programs\Python\Python310\;C:\Users\86131\AppData\Local\Microsoft\WindowsApps;C:\Users\86131\.dotnet\tools;D:\IntelliJ IDEA Community Edition 2022.1.1\bin;D:\QT\Tools\mingw810_64\bin;D:\QT\5.15.2\mingw81_64\bin;D:\pycharm\PyCharm Community Edition 2021.2.2\bin;D:\ANACONDA\Library\bin\graphviz;C:\Users\86131\.dotnet\tools;D:\DataGrip 2023.2.2\bin;;D:\WebStorm 2020.1\bin;;D:\Microsoft VS Code\bin;D:\java\jdk-17.0.9\bin;C:\Users\86131\AppData\Roaming\npm
USERNAME=86131
OS=Windows_NT
PROCESSOR_IDENTIFIER=Intel64 Family 6 Model 141 Stepping 1, GenuineIntel



---------------  S Y S T E M  ---------------

OS:
 Windows 10 , 64 bit Build 19041 (10.0.19041.5915)
OS uptime: 0 days 7:25 hours
Hyper-V role detected

CPU: total 16 (initial active 16) (8 cores per cpu, 2 threads per core) family 6 model 141 stepping 1 microcode 0x58, cx8, cmov, fxsr, ht, mmx, 3dnowpref, sse, sse2, sse3, ssse3, sse4.1, sse4.2, popcnt, lzcnt, tsc, tscinvbit, avx, avx2, aes, erms, clmul, bmi1, bmi2, adx, avx512f, avx512dq, avx512cd, avx512bw, avx512vl, sha, fma, vzeroupper, avx512_vpopcntdq, avx512_vpclmulqdq, avx512_vaes, avx512_vnni, clflush, clflushopt, clwb, avx512_vbmi2, avx512_vbmi, hv

Memory: 4k page, system-wide physical 16110M (1108M free)
TotalPageFile size 19021M (AvailPageFile size 3M)
current process WorkingSet (physical memory assigned to process): 60M, peak: 60M
current process commit charge ("private bytes"): 359M, peak: 359M

vm_info: Java HotSpot(TM) 64-Bit Server VM (17.0.9+11-LTS-201) for windows-amd64 JRE (17.0.9+11-LTS-201), built on Oct 10 2023 23:16:06 by "mach5one" with MS VC++ 17.1 (VS2022)

END.
