#
# There is insufficient memory for the Java Runtime Environment to continue.
# Native memory allocation (malloc) failed to allocate 32744 bytes for ChunkPool::allocate
# Possible reasons:
#   The system is out of physical RAM or swap space
#   The process is running with CompressedOops enabled, and the Java Heap may be blocking the growth of the native heap
# Possible solutions:
#   Reduce memory load on the system
#   Increase physical memory or swap space
#   Check if swap backing store is full
#   Decrease Java heap size (-Xmx/-Xms)
#   Decrease number of Java threads
#   Decrease Java thread stack sizes (-Xss)
#   Set larger code cache with -XX:ReservedCodeCacheSize=
#   JVM is running with Zero Based Compressed Oops mode in which the Java heap is
#     placed in the first 32GB address space. The Java Heap base address is the
#     maximum limit for the native heap growth. Please use -XX:HeapBaseMinAddress
#     to set the Java Heap base and to place the Java Heap above 32GB virtual address.
# This output file may be truncated or incomplete.
#
#  Out of Memory Error (arena.cpp:78), pid=16056, tid=22356
#
# JRE version: Java(TM) SE Runtime Environment (17.0.9+11) (build 17.0.9+11-LTS-201)
# Java VM: Java HotSpot(TM) 64-Bit Server VM (17.0.9+11-LTS-201, mixed mode, emulated-client, sharing, tiered, compressed oops, compressed class ptrs, g1 gc, windows-amd64)
# No core dump will be written. Minidumps are not enabled by default on client versions of Windows
#

---------------  S U M M A R Y ------------

Command Line: -XX:TieredStopAtLevel=1 -Dspring.output.ansi.enabled=always -Dcom.sun.management.jmxremote -Dspring.jmx.enabled=true -Dspring.liveBeansView.mbeanDomain -Dspring.application.admin.enabled=true -Dmanagement.endpoints.jmx.exposure.include=* -javaagent:D:\java\IntelliJIDEA2024.1\lib\idea_rt.jar=61086:D:\java\IntelliJIDEA2024.1\bin -Dfile.encoding=UTF-8 com.videoplatform.video.VideoApplication

Host: 11th Gen Intel(R) Core(TM) i7-11800H @ 2.30GHz, 16 cores, 15G,  Windows 10 , 64 bit Build 19041 (10.0.19041.5915)
Time: Wed Apr 15 04:58:49 2026  Windows 10 , 64 bit Build 19041 (10.0.19041.5915) elapsed time: 0.275903 seconds (0d 0h 0m 0s)

---------------  T H R E A D  ---------------

Current thread (0x000001f3b2cb7650):  JavaThread "C1 CompilerThread2" daemon [_thread_in_native, id=22356, stack(0x00000068dae00000,0x00000068daf00000)]


Current CompileTask:
C1:    275  844       1       sun.nio.fs.WindowsPathParser::parse (384 bytes)

Stack: [0x00000068dae00000,0x00000068daf00000]
Native frames: (J=compiled Java code, j=interpreted, Vv=VM code, C=native code)
V  [jvm.dll+0x678a4a]
V  [jvm.dll+0x7d9cfd]
V  [jvm.dll+0x7db60e]
V  [jvm.dll+0x7dbc73]
V  [jvm.dll+0x245e1f]
V  [jvm.dll+0xaad50]
V  [jvm.dll+0xab09c]
V  [jvm.dll+0x10ddd0]
V  [jvm.dll+0x16a3cb]
V  [jvm.dll+0x169837]
V  [jvm.dll+0x16160d]
V  [jvm.dll+0x15d9de]
V  [jvm.dll+0x14bc20]
V  [jvm.dll+0x134d77]
V  [jvm.dll+0x13471f]
V  [jvm.dll+0x134958]
V  [jvm.dll+0x133df1]
V  [jvm.dll+0x135a8d]
V  [jvm.dll+0x2272de]
V  [jvm.dll+0x22548b]
V  [jvm.dll+0x78f58c]
V  [jvm.dll+0x78998a]
V  [jvm.dll+0x677875]
C  [ucrtbase.dll+0x21bb2]
C  [KERNEL32.DLL+0x17374]
C  [ntdll.dll+0x4cc91]


---------------  P R O C E S S  ---------------

Threads class SMR info:
_java_thread_list=0x000001f3f83d4b70, length=15, elements={
0x000001f39b632220, 0x000001f3b2381530, 0x000001f3b2382000, 0x000001f3b2399b40,
0x000001f3b239a610, 0x000001f3b239cef0, 0x000001f3b239f7d0, 0x000001f3b23a0970,
0x000001f3b23a1aa0, 0x000001f3b2c18690, 0x000001f3b236bd80, 0x000001f3b2cb7650,
0x000001f3f82e3890, 0x000001f3f82e5d80, 0x000001f3f83e6260
}

Java Threads: ( => current thread )
  0x000001f39b632220 JavaThread "main" [_thread_in_vm, id=18232, stack(0x00000068d9d00000,0x00000068d9e00000)]
  0x000001f3b2381530 JavaThread "Reference Handler" daemon [_thread_blocked, id=17600, stack(0x00000068da400000,0x00000068da500000)]
  0x000001f3b2382000 JavaThread "Finalizer" daemon [_thread_blocked, id=20728, stack(0x00000068da500000,0x00000068da600000)]
  0x000001f3b2399b40 JavaThread "Signal Dispatcher" daemon [_thread_blocked, id=3168, stack(0x00000068da600000,0x00000068da700000)]
  0x000001f3b239a610 JavaThread "Attach Listener" daemon [_thread_blocked, id=23844, stack(0x00000068da700000,0x00000068da800000)]
  0x000001f3b239cef0 JavaThread "Service Thread" daemon [_thread_blocked, id=21056, stack(0x00000068da800000,0x00000068da900000)]
  0x000001f3b239f7d0 JavaThread "Monitor Deflation Thread" daemon [_thread_blocked, id=18888, stack(0x00000068da900000,0x00000068daa00000)]
  0x000001f3b23a0970 JavaThread "C1 CompilerThread0" daemon [_thread_blocked, id=4964, stack(0x00000068daa00000,0x00000068dab00000)]
  0x000001f3b23a1aa0 JavaThread "Sweeper thread" daemon [_thread_blocked, id=14016, stack(0x00000068dab00000,0x00000068dac00000)]
  0x000001f3b2c18690 JavaThread "C1 CompilerThread1" daemon [_thread_blocked, id=19400, stack(0x00000068dac00000,0x00000068dad00000)]
  0x000001f3b236bd80 JavaThread "Common-Cleaner" daemon [_thread_blocked, id=1600, stack(0x00000068dad00000,0x00000068dae00000)]
=>0x000001f3b2cb7650 JavaThread "C1 CompilerThread2" daemon [_thread_in_native, id=22356, stack(0x00000068dae00000,0x00000068daf00000)]
  0x000001f3f82e3890 JavaThread "Monitor Ctrl-Break" daemon [_thread_in_native, id=17356, stack(0x00000068daf00000,0x00000068db000000)]
  0x000001f3f82e5d80 JavaThread "Notification Thread" daemon [_thread_blocked, id=22200, stack(0x00000068db000000,0x00000068db100000)]
  0x000001f3f83e6260 JavaThread "RMI TCP Accept-0" daemon [_thread_in_native, id=5380, stack(0x00000068db100000,0x00000068db200000)]

Other Threads:
  0x000001f3b2378b50 VMThread "VM Thread" [stack: 0x00000068da300000,0x00000068da400000] [id=6988]
  0x000001f3fab584f0 WatcherThread [stack: 0x00000068db200000,0x00000068db300000] [id=22884]
  0x000001f39b69d6e0 GCTaskThread "GC Thread#0" [stack: 0x00000068d9e00000,0x00000068d9f00000] [id=19940]
  0x000001f39b6af110 ConcurrentGCThread "G1 Main Marker" [stack: 0x00000068d9f00000,0x00000068da000000] [id=16456]
  0x000001f39b6afa30 ConcurrentGCThread "G1 Conc#0" [stack: 0x00000068da000000,0x00000068da100000] [id=20744]
  0x000001f3b22b77b0 ConcurrentGCThread "G1 Refine#0" [stack: 0x00000068da100000,0x00000068da200000] [id=13572]
  0x000001f3b22b80f0 ConcurrentGCThread "G1 Service" [stack: 0x00000068da200000,0x00000068da300000] [id=14880]

Threads with active compile tasks:
C1 CompilerThread2      288  844       1       sun.nio.fs.WindowsPathParser::parse (384 bytes)

VM state: not at safepoint (normal execution)

VM Mutex/Monitor currently owned by a thread: None

Heap address: 0x0000000704400000, size: 4028 MB, Compressed Oops mode: Zero based, Oop shift amount: 3

CDS archive(s) mapped at: [0x000001f3b3000000-0x000001f3b3bd0000-0x000001f3b3bd0000), size 12386304, SharedBaseAddress: 0x000001f3b3000000, ArchiveRelocationMode: 1.
Compressed class space mapped at: 0x000001f3b4000000-0x000001f3f4000000, reserved size: 1073741824
Narrow klass base: 0x000001f3b3000000, Narrow klass shift: 0, Narrow klass range: 0x100000000

GC Precious Log:
 CPUs: 16 total, 16 available
 Memory: 16110M
 Large Page Support: Disabled
 NUMA Support: Disabled
 Compressed Oops: Enabled (Zero based)
 Heap Region Size: 2M
 Heap Min Capacity: 8M
 Heap Initial Capacity: 252M
 Heap Max Capacity: 4028M
 Pre-touch: Disabled
 Parallel Workers: 13
 Concurrent Workers: 3
 Concurrent Refinement Workers: 13
 Periodic GC: Disabled

Heap:
 garbage-first heap   total 258048K, used 16384K [0x0000000704400000, 0x0000000800000000)
  region size 2048K, 9 young (18432K), 0 survivors (0K)
 Metaspace       used 4513K, committed 4672K, reserved 1114112K
  class space    used 554K, committed 640K, reserved 1048576K

Heap Regions: E=young(eden), S=young(survivor), O=old, HS=humongous(starts), HC=humongous(continues), CS=collection set, F=free, OA=open archive, CA=closed archive, TAMS=top-at-mark-start (previous, next)
|   0|0x0000000704400000, 0x0000000704400000, 0x0000000704600000|  0%| F|  |TAMS 0x0000000704400000, 0x0000000704400000| Untracked 
|   1|0x0000000704600000, 0x0000000704600000, 0x0000000704800000|  0%| F|  |TAMS 0x0000000704600000, 0x0000000704600000| Untracked 
|   2|0x0000000704800000, 0x0000000704800000, 0x0000000704a00000|  0%| F|  |TAMS 0x0000000704800000, 0x0000000704800000| Untracked 
|   3|0x0000000704a00000, 0x0000000704a00000, 0x0000000704c00000|  0%| F|  |TAMS 0x0000000704a00000, 0x0000000704a00000| Untracked 
|   4|0x0000000704c00000, 0x0000000704c00000, 0x0000000704e00000|  0%| F|  |TAMS 0x0000000704c00000, 0x0000000704c00000| Untracked 
|   5|0x0000000704e00000, 0x0000000704e00000, 0x0000000705000000|  0%| F|  |TAMS 0x0000000704e00000, 0x0000000704e00000| Untracked 
|   6|0x0000000705000000, 0x0000000705000000, 0x0000000705200000|  0%| F|  |TAMS 0x0000000705000000, 0x0000000705000000| Untracked 
|   7|0x0000000705200000, 0x0000000705200000, 0x0000000705400000|  0%| F|  |TAMS 0x0000000705200000, 0x0000000705200000| Untracked 
|   8|0x0000000705400000, 0x0000000705400000, 0x0000000705600000|  0%| F|  |TAMS 0x0000000705400000, 0x0000000705400000| Untracked 
|   9|0x0000000705600000, 0x0000000705600000, 0x0000000705800000|  0%| F|  |TAMS 0x0000000705600000, 0x0000000705600000| Untracked 
|  10|0x0000000705800000, 0x0000000705800000, 0x0000000705a00000|  0%| F|  |TAMS 0x0000000705800000, 0x0000000705800000| Untracked 
|  11|0x0000000705a00000, 0x0000000705a00000, 0x0000000705c00000|  0%| F|  |TAMS 0x0000000705a00000, 0x0000000705a00000| Untracked 
|  12|0x0000000705c00000, 0x0000000705c00000, 0x0000000705e00000|  0%| F|  |TAMS 0x0000000705c00000, 0x0000000705c00000| Untracked 
|  13|0x0000000705e00000, 0x0000000705e00000, 0x0000000706000000|  0%| F|  |TAMS 0x0000000705e00000, 0x0000000705e00000| Untracked 
|  14|0x0000000706000000, 0x0000000706000000, 0x0000000706200000|  0%| F|  |TAMS 0x0000000706000000, 0x0000000706000000| Untracked 
|  15|0x0000000706200000, 0x0000000706200000, 0x0000000706400000|  0%| F|  |TAMS 0x0000000706200000, 0x0000000706200000| Untracked 
|  16|0x0000000706400000, 0x0000000706400000, 0x0000000706600000|  0%| F|  |TAMS 0x0000000706400000, 0x0000000706400000| Untracked 
|  17|0x0000000706600000, 0x0000000706600000, 0x0000000706800000|  0%| F|  |TAMS 0x0000000706600000, 0x0000000706600000| Untracked 
|  18|0x0000000706800000, 0x0000000706800000, 0x0000000706a00000|  0%| F|  |TAMS 0x0000000706800000, 0x0000000706800000| Untracked 
|  19|0x0000000706a00000, 0x0000000706a00000, 0x0000000706c00000|  0%| F|  |TAMS 0x0000000706a00000, 0x0000000706a00000| Untracked 
|  20|0x0000000706c00000, 0x0000000706c00000, 0x0000000706e00000|  0%| F|  |TAMS 0x0000000706c00000, 0x0000000706c00000| Untracked 
|  21|0x0000000706e00000, 0x0000000706e00000, 0x0000000707000000|  0%| F|  |TAMS 0x0000000706e00000, 0x0000000706e00000| Untracked 
|  22|0x0000000707000000, 0x0000000707000000, 0x0000000707200000|  0%| F|  |TAMS 0x0000000707000000, 0x0000000707000000| Untracked 
|  23|0x0000000707200000, 0x0000000707200000, 0x0000000707400000|  0%| F|  |TAMS 0x0000000707200000, 0x0000000707200000| Untracked 
|  24|0x0000000707400000, 0x0000000707400000, 0x0000000707600000|  0%| F|  |TAMS 0x0000000707400000, 0x0000000707400000| Untracked 
|  25|0x0000000707600000, 0x0000000707600000, 0x0000000707800000|  0%| F|  |TAMS 0x0000000707600000, 0x0000000707600000| Untracked 
|  26|0x0000000707800000, 0x0000000707800000, 0x0000000707a00000|  0%| F|  |TAMS 0x0000000707800000, 0x0000000707800000| Untracked 
|  27|0x0000000707a00000, 0x0000000707a00000, 0x0000000707c00000|  0%| F|  |TAMS 0x0000000707a00000, 0x0000000707a00000| Untracked 
|  28|0x0000000707c00000, 0x0000000707c00000, 0x0000000707e00000|  0%| F|  |TAMS 0x0000000707c00000, 0x0000000707c00000| Untracked 
|  29|0x0000000707e00000, 0x0000000707e00000, 0x0000000708000000|  0%| F|  |TAMS 0x0000000707e00000, 0x0000000707e00000| Untracked 
|  30|0x0000000708000000, 0x0000000708000000, 0x0000000708200000|  0%| F|  |TAMS 0x0000000708000000, 0x0000000708000000| Untracked 
|  31|0x0000000708200000, 0x0000000708200000, 0x0000000708400000|  0%| F|  |TAMS 0x0000000708200000, 0x0000000708200000| Untracked 
|  32|0x0000000708400000, 0x0000000708400000, 0x0000000708600000|  0%| F|  |TAMS 0x0000000708400000, 0x0000000708400000| Untracked 
|  33|0x0000000708600000, 0x0000000708600000, 0x0000000708800000|  0%| F|  |TAMS 0x0000000708600000, 0x0000000708600000| Untracked 
|  34|0x0000000708800000, 0x0000000708800000, 0x0000000708a00000|  0%| F|  |TAMS 0x0000000708800000, 0x0000000708800000| Untracked 
|  35|0x0000000708a00000, 0x0000000708a00000, 0x0000000708c00000|  0%| F|  |TAMS 0x0000000708a00000, 0x0000000708a00000| Untracked 
|  36|0x0000000708c00000, 0x0000000708c00000, 0x0000000708e00000|  0%| F|  |TAMS 0x0000000708c00000, 0x0000000708c00000| Untracked 
|  37|0x0000000708e00000, 0x0000000708e00000, 0x0000000709000000|  0%| F|  |TAMS 0x0000000708e00000, 0x0000000708e00000| Untracked 
|  38|0x0000000709000000, 0x0000000709000000, 0x0000000709200000|  0%| F|  |TAMS 0x0000000709000000, 0x0000000709000000| Untracked 
|  39|0x0000000709200000, 0x0000000709200000, 0x0000000709400000|  0%| F|  |TAMS 0x0000000709200000, 0x0000000709200000| Untracked 
|  40|0x0000000709400000, 0x0000000709400000, 0x0000000709600000|  0%| F|  |TAMS 0x0000000709400000, 0x0000000709400000| Untracked 
|  41|0x0000000709600000, 0x0000000709600000, 0x0000000709800000|  0%| F|  |TAMS 0x0000000709600000, 0x0000000709600000| Untracked 
|  42|0x0000000709800000, 0x0000000709800000, 0x0000000709a00000|  0%| F|  |TAMS 0x0000000709800000, 0x0000000709800000| Untracked 
|  43|0x0000000709a00000, 0x0000000709a00000, 0x0000000709c00000|  0%| F|  |TAMS 0x0000000709a00000, 0x0000000709a00000| Untracked 
|  44|0x0000000709c00000, 0x0000000709c00000, 0x0000000709e00000|  0%| F|  |TAMS 0x0000000709c00000, 0x0000000709c00000| Untracked 
|  45|0x0000000709e00000, 0x0000000709e00000, 0x000000070a000000|  0%| F|  |TAMS 0x0000000709e00000, 0x0000000709e00000| Untracked 
|  46|0x000000070a000000, 0x000000070a000000, 0x000000070a200000|  0%| F|  |TAMS 0x000000070a000000, 0x000000070a000000| Untracked 
|  47|0x000000070a200000, 0x000000070a200000, 0x000000070a400000|  0%| F|  |TAMS 0x000000070a200000, 0x000000070a200000| Untracked 
|  48|0x000000070a400000, 0x000000070a400000, 0x000000070a600000|  0%| F|  |TAMS 0x000000070a400000, 0x000000070a400000| Untracked 
|  49|0x000000070a600000, 0x000000070a600000, 0x000000070a800000|  0%| F|  |TAMS 0x000000070a600000, 0x000000070a600000| Untracked 
|  50|0x000000070a800000, 0x000000070a800000, 0x000000070aa00000|  0%| F|  |TAMS 0x000000070a800000, 0x000000070a800000| Untracked 
|  51|0x000000070aa00000, 0x000000070aa00000, 0x000000070ac00000|  0%| F|  |TAMS 0x000000070aa00000, 0x000000070aa00000| Untracked 
|  52|0x000000070ac00000, 0x000000070ac00000, 0x000000070ae00000|  0%| F|  |TAMS 0x000000070ac00000, 0x000000070ac00000| Untracked 
|  53|0x000000070ae00000, 0x000000070ae00000, 0x000000070b000000|  0%| F|  |TAMS 0x000000070ae00000, 0x000000070ae00000| Untracked 
|  54|0x000000070b000000, 0x000000070b000000, 0x000000070b200000|  0%| F|  |TAMS 0x000000070b000000, 0x000000070b000000| Untracked 
|  55|0x000000070b200000, 0x000000070b200000, 0x000000070b400000|  0%| F|  |TAMS 0x000000070b200000, 0x000000070b200000| Untracked 
|  56|0x000000070b400000, 0x000000070b400000, 0x000000070b600000|  0%| F|  |TAMS 0x000000070b400000, 0x000000070b400000| Untracked 
|  57|0x000000070b600000, 0x000000070b600000, 0x000000070b800000|  0%| F|  |TAMS 0x000000070b600000, 0x000000070b600000| Untracked 
|  58|0x000000070b800000, 0x000000070b800000, 0x000000070ba00000|  0%| F|  |TAMS 0x000000070b800000, 0x000000070b800000| Untracked 
|  59|0x000000070ba00000, 0x000000070ba00000, 0x000000070bc00000|  0%| F|  |TAMS 0x000000070ba00000, 0x000000070ba00000| Untracked 
|  60|0x000000070bc00000, 0x000000070bc00000, 0x000000070be00000|  0%| F|  |TAMS 0x000000070bc00000, 0x000000070bc00000| Untracked 
|  61|0x000000070be00000, 0x000000070be00000, 0x000000070c000000|  0%| F|  |TAMS 0x000000070be00000, 0x000000070be00000| Untracked 
|  62|0x000000070c000000, 0x000000070c000000, 0x000000070c200000|  0%| F|  |TAMS 0x000000070c000000, 0x000000070c000000| Untracked 
|  63|0x000000070c200000, 0x000000070c200000, 0x000000070c400000|  0%| F|  |TAMS 0x000000070c200000, 0x000000070c200000| Untracked 
|  64|0x000000070c400000, 0x000000070c400000, 0x000000070c600000|  0%| F|  |TAMS 0x000000070c400000, 0x000000070c400000| Untracked 
|  65|0x000000070c600000, 0x000000070c600000, 0x000000070c800000|  0%| F|  |TAMS 0x000000070c600000, 0x000000070c600000| Untracked 
|  66|0x000000070c800000, 0x000000070c800000, 0x000000070ca00000|  0%| F|  |TAMS 0x000000070c800000, 0x000000070c800000| Untracked 
|  67|0x000000070ca00000, 0x000000070ca00000, 0x000000070cc00000|  0%| F|  |TAMS 0x000000070ca00000, 0x000000070ca00000| Untracked 
|  68|0x000000070cc00000, 0x000000070cc00000, 0x000000070ce00000|  0%| F|  |TAMS 0x000000070cc00000, 0x000000070cc00000| Untracked 
|  69|0x000000070ce00000, 0x000000070ce00000, 0x000000070d000000|  0%| F|  |TAMS 0x000000070ce00000, 0x000000070ce00000| Untracked 
|  70|0x000000070d000000, 0x000000070d000000, 0x000000070d200000|  0%| F|  |TAMS 0x000000070d000000, 0x000000070d000000| Untracked 
|  71|0x000000070d200000, 0x000000070d200000, 0x000000070d400000|  0%| F|  |TAMS 0x000000070d200000, 0x000000070d200000| Untracked 
|  72|0x000000070d400000, 0x000000070d400000, 0x000000070d600000|  0%| F|  |TAMS 0x000000070d400000, 0x000000070d400000| Untracked 
|  73|0x000000070d600000, 0x000000070d600000, 0x000000070d800000|  0%| F|  |TAMS 0x000000070d600000, 0x000000070d600000| Untracked 
|  74|0x000000070d800000, 0x000000070d800000, 0x000000070da00000|  0%| F|  |TAMS 0x000000070d800000, 0x000000070d800000| Untracked 
|  75|0x000000070da00000, 0x000000070da00000, 0x000000070dc00000|  0%| F|  |TAMS 0x000000070da00000, 0x000000070da00000| Untracked 
|  76|0x000000070dc00000, 0x000000070dc00000, 0x000000070de00000|  0%| F|  |TAMS 0x000000070dc00000, 0x000000070dc00000| Untracked 
|  77|0x000000070de00000, 0x000000070de00000, 0x000000070e000000|  0%| F|  |TAMS 0x000000070de00000, 0x000000070de00000| Untracked 
|  78|0x000000070e000000, 0x000000070e000000, 0x000000070e200000|  0%| F|  |TAMS 0x000000070e000000, 0x000000070e000000| Untracked 
|  79|0x000000070e200000, 0x000000070e200000, 0x000000070e400000|  0%| F|  |TAMS 0x000000070e200000, 0x000000070e200000| Untracked 
|  80|0x000000070e400000, 0x000000070e400000, 0x000000070e600000|  0%| F|  |TAMS 0x000000070e400000, 0x000000070e400000| Untracked 
|  81|0x000000070e600000, 0x000000070e600000, 0x000000070e800000|  0%| F|  |TAMS 0x000000070e600000, 0x000000070e600000| Untracked 
|  82|0x000000070e800000, 0x000000070e800000, 0x000000070ea00000|  0%| F|  |TAMS 0x000000070e800000, 0x000000070e800000| Untracked 
|  83|0x000000070ea00000, 0x000000070ea00000, 0x000000070ec00000|  0%| F|  |TAMS 0x000000070ea00000, 0x000000070ea00000| Untracked 
|  84|0x000000070ec00000, 0x000000070ec00000, 0x000000070ee00000|  0%| F|  |TAMS 0x000000070ec00000, 0x000000070ec00000| Untracked 
|  85|0x000000070ee00000, 0x000000070ee00000, 0x000000070f000000|  0%| F|  |TAMS 0x000000070ee00000, 0x000000070ee00000| Untracked 
|  86|0x000000070f000000, 0x000000070f000000, 0x000000070f200000|  0%| F|  |TAMS 0x000000070f000000, 0x000000070f000000| Untracked 
|  87|0x000000070f200000, 0x000000070f200000, 0x000000070f400000|  0%| F|  |TAMS 0x000000070f200000, 0x000000070f200000| Untracked 
|  88|0x000000070f400000, 0x000000070f400000, 0x000000070f600000|  0%| F|  |TAMS 0x000000070f400000, 0x000000070f400000| Untracked 
|  89|0x000000070f600000, 0x000000070f600000, 0x000000070f800000|  0%| F|  |TAMS 0x000000070f600000, 0x000000070f600000| Untracked 
|  90|0x000000070f800000, 0x000000070f800000, 0x000000070fa00000|  0%| F|  |TAMS 0x000000070f800000, 0x000000070f800000| Untracked 
|  91|0x000000070fa00000, 0x000000070fa00000, 0x000000070fc00000|  0%| F|  |TAMS 0x000000070fa00000, 0x000000070fa00000| Untracked 
|  92|0x000000070fc00000, 0x000000070fc00000, 0x000000070fe00000|  0%| F|  |TAMS 0x000000070fc00000, 0x000000070fc00000| Untracked 
|  93|0x000000070fe00000, 0x000000070fe00000, 0x0000000710000000|  0%| F|  |TAMS 0x000000070fe00000, 0x000000070fe00000| Untracked 
|  94|0x0000000710000000, 0x0000000710000000, 0x0000000710200000|  0%| F|  |TAMS 0x0000000710000000, 0x0000000710000000| Untracked 
|  95|0x0000000710200000, 0x0000000710200000, 0x0000000710400000|  0%| F|  |TAMS 0x0000000710200000, 0x0000000710200000| Untracked 
|  96|0x0000000710400000, 0x0000000710400000, 0x0000000710600000|  0%| F|  |TAMS 0x0000000710400000, 0x0000000710400000| Untracked 
|  97|0x0000000710600000, 0x0000000710600000, 0x0000000710800000|  0%| F|  |TAMS 0x0000000710600000, 0x0000000710600000| Untracked 
|  98|0x0000000710800000, 0x0000000710800000, 0x0000000710a00000|  0%| F|  |TAMS 0x0000000710800000, 0x0000000710800000| Untracked 
|  99|0x0000000710a00000, 0x0000000710a00000, 0x0000000710c00000|  0%| F|  |TAMS 0x0000000710a00000, 0x0000000710a00000| Untracked 
| 100|0x0000000710c00000, 0x0000000710c00000, 0x0000000710e00000|  0%| F|  |TAMS 0x0000000710c00000, 0x0000000710c00000| Untracked 
| 101|0x0000000710e00000, 0x0000000710e00000, 0x0000000711000000|  0%| F|  |TAMS 0x0000000710e00000, 0x0000000710e00000| Untracked 
| 102|0x0000000711000000, 0x0000000711000000, 0x0000000711200000|  0%| F|  |TAMS 0x0000000711000000, 0x0000000711000000| Untracked 
| 103|0x0000000711200000, 0x0000000711200000, 0x0000000711400000|  0%| F|  |TAMS 0x0000000711200000, 0x0000000711200000| Untracked 
| 104|0x0000000711400000, 0x0000000711400000, 0x0000000711600000|  0%| F|  |TAMS 0x0000000711400000, 0x0000000711400000| Untracked 
| 105|0x0000000711600000, 0x0000000711600000, 0x0000000711800000|  0%| F|  |TAMS 0x0000000711600000, 0x0000000711600000| Untracked 
| 106|0x0000000711800000, 0x0000000711800000, 0x0000000711a00000|  0%| F|  |TAMS 0x0000000711800000, 0x0000000711800000| Untracked 
| 107|0x0000000711a00000, 0x0000000711a00000, 0x0000000711c00000|  0%| F|  |TAMS 0x0000000711a00000, 0x0000000711a00000| Untracked 
| 108|0x0000000711c00000, 0x0000000711c00000, 0x0000000711e00000|  0%| F|  |TAMS 0x0000000711c00000, 0x0000000711c00000| Untracked 
| 109|0x0000000711e00000, 0x0000000711e00000, 0x0000000712000000|  0%| F|  |TAMS 0x0000000711e00000, 0x0000000711e00000| Untracked 
| 110|0x0000000712000000, 0x0000000712000000, 0x0000000712200000|  0%| F|  |TAMS 0x0000000712000000, 0x0000000712000000| Untracked 
| 111|0x0000000712200000, 0x0000000712200000, 0x0000000712400000|  0%| F|  |TAMS 0x0000000712200000, 0x0000000712200000| Untracked 
| 112|0x0000000712400000, 0x0000000712400000, 0x0000000712600000|  0%| F|  |TAMS 0x0000000712400000, 0x0000000712400000| Untracked 
| 113|0x0000000712600000, 0x0000000712600000, 0x0000000712800000|  0%| F|  |TAMS 0x0000000712600000, 0x0000000712600000| Untracked 
| 114|0x0000000712800000, 0x0000000712800000, 0x0000000712a00000|  0%| F|  |TAMS 0x0000000712800000, 0x0000000712800000| Untracked 
| 115|0x0000000712a00000, 0x0000000712a00000, 0x0000000712c00000|  0%| F|  |TAMS 0x0000000712a00000, 0x0000000712a00000| Untracked 
| 116|0x0000000712c00000, 0x0000000712c00000, 0x0000000712e00000|  0%| F|  |TAMS 0x0000000712c00000, 0x0000000712c00000| Untracked 
| 117|0x0000000712e00000, 0x0000000712eee9e8, 0x0000000713000000| 46%| E|  |TAMS 0x0000000712e00000, 0x0000000712e00000| Complete 
| 118|0x0000000713000000, 0x0000000713200000, 0x0000000713200000|100%| E|CS|TAMS 0x0000000713000000, 0x0000000713000000| Complete 
| 119|0x0000000713200000, 0x0000000713400000, 0x0000000713400000|100%| E|CS|TAMS 0x0000000713200000, 0x0000000713200000| Complete 
| 120|0x0000000713400000, 0x0000000713600000, 0x0000000713600000|100%| E|CS|TAMS 0x0000000713400000, 0x0000000713400000| Complete 
| 121|0x0000000713600000, 0x0000000713800000, 0x0000000713800000|100%| E|CS|TAMS 0x0000000713600000, 0x0000000713600000| Complete 
| 122|0x0000000713800000, 0x0000000713a00000, 0x0000000713a00000|100%| E|CS|TAMS 0x0000000713800000, 0x0000000713800000| Complete 
| 123|0x0000000713a00000, 0x0000000713c00000, 0x0000000713c00000|100%| E|CS|TAMS 0x0000000713a00000, 0x0000000713a00000| Complete 
| 124|0x0000000713c00000, 0x0000000713e00000, 0x0000000713e00000|100%| E|CS|TAMS 0x0000000713c00000, 0x0000000713c00000| Complete 
| 125|0x0000000713e00000, 0x0000000714000000, 0x0000000714000000|100%| E|CS|TAMS 0x0000000713e00000, 0x0000000713e00000| Complete 

Card table byte_map: [0x000001f3a6d00000,0x000001f3a74e0000] _byte_map_base: 0x000001f3a34de000

Marking Bits (Prev, Next): (CMBitMap*) 0x000001f39b69ec20, (CMBitMap*) 0x000001f39b69ec60
 Prev Bits: [0x000001f3a7cc0000, 0x000001f3abbb0000)
 Next Bits: [0x000001f3abbb0000, 0x000001f3afaa0000)

Polling page: 0x000001f399580000

Metaspace:

Usage:
  Non-class:      4.00 MB used.
      Class:    555.41 KB used.
       Both:      4.54 MB used.

Virtual space:
  Non-class space:       64.00 MB reserved,       4.06 MB (  6%) committed,  1 nodes.
      Class space:        1.00 GB reserved,     640.00 KB ( <1%) committed,  1 nodes.
             Both:        1.06 GB reserved,       4.69 MB ( <1%) committed. 

Chunk freelists:
   Non-Class:  11.62 MB
       Class:  15.22 MB
        Both:  26.84 MB

MaxMetaspaceSize: unlimited
CompressedClassSpaceSize: 1.00 GB
Initial GC threshold: 21.00 MB
Current GC threshold: 21.00 MB
CDS: on
MetaspaceReclaimPolicy: balanced
 - commit_granule_bytes: 65536.
 - commit_granule_words: 8192.
 - virtual_space_node_default_size: 8388608.
 - enlarge_chunks_in_place: 1.
 - new_chunks_are_fully_committed: 0.
 - uncommit_free_chunks: 1.
 - use_allocation_guard: 0.
 - handle_deallocations: 1.


Internal statistics:

num_allocs_failed_limit: 0.
num_arena_births: 80.
num_arena_deaths: 0.
num_vsnodes_births: 2.
num_vsnodes_deaths: 0.
num_space_committed: 75.
num_space_uncommitted: 0.
num_chunks_returned_to_freelist: 0.
num_chunks_taken_from_freelist: 112.
num_chunk_merges: 0.
num_chunk_splits: 71.
num_chunks_enlarged: 40.
num_inconsistent_stats: 0.

CodeCache: size=49152Kb used=3380Kb max_used=3380Kb free=45771Kb
 bounds [0x000001f3a2ec0000, 0x000001f3a3240000, 0x000001f3a5ec0000]
 total_blobs=1285 nmethods=849 adapters=362
 compilation: disabled (not enough contiguous free space left)
              stopped_count=1, restarted_count=0
 full_count=1

Compilation events (20 events):
Event: 0.263 Thread 0x000001f3b23a0970 nmethod 836 0x000001f3a3206090 code [0x000001f3a3206240, 0x000001f3a3206488]
Event: 0.263 Thread 0x000001f3b23a0970  839       1       java.lang.ref.WeakReference::<init> (6 bytes)
Event: 0.263 Thread 0x000001f3b2cb7650 nmethod 837 0x000001f3a3206610 code [0x000001f3a32067c0, 0x000001f3a32069f8]
Event: 0.263 Thread 0x000001f3b2cb7650  840       1       sun.nio.fs.WindowsPath::<init> (26 bytes)
Event: 0.263 Thread 0x000001f3b23a0970 nmethod 839 0x000001f3a3206b10 code [0x000001f3a3206ca0, 0x000001f3a3206e18]
Event: 0.263 Thread 0x000001f3b2cb7650 nmethod 840 0x000001f3a3206e90 code [0x000001f3a3207020, 0x000001f3a3207278]
Event: 0.263 Thread 0x000001f3b2cb7650  841       1       java.lang.String::encode (48 bytes)
Event: 0.263 Thread 0x000001f3b23a0970  842       1       sun.nio.fs.WindowsPath::toString (5 bytes)
Event: 0.263 Thread 0x000001f3b23a0970 nmethod 842 0x000001f3a3207310 code [0x000001f3a32074a0, 0x000001f3a3207578]
Event: 0.263 Thread 0x000001f3b23a0970  843       1       java.nio.file.Files$AcceptAllFilter::accept (2 bytes)
Event: 0.263 Thread 0x000001f3b2cb7650 nmethod 841 0x000001f3a3207610 code [0x000001f3a32077e0, 0x000001f3a32079b8]
Event: 0.263 Thread 0x000001f3b2cb7650  844       1       sun.nio.fs.WindowsPathParser::parse (384 bytes)
Event: 0.263 Thread 0x000001f3b23a0970 nmethod 843 0x000001f3a3207a90 code [0x000001f3a3207c20, 0x000001f3a3207cf8]
Event: 0.263 Thread 0x000001f3b23a0970  845       1       sun.nio.fs.WindowsPathParser$Result::<init> (20 bytes)
Event: 0.263 Thread 0x000001f3b23a0970 nmethod 845 0x000001f3a3207d90 code [0x000001f3a3207f20, 0x000001f3a3208118]
Event: 0.263 Thread 0x000001f3b23a0970  846       1       sun.nio.fs.WindowsPathParser::isLetter (30 bytes)
Event: 0.263 Thread 0x000001f3b23a0970 nmethod 846 0x000001f3a3208190 code [0x000001f3a3208320, 0x000001f3a3208418]
Event: 0.263 Thread 0x000001f3b23a0970  847   !   1       java.nio.charset.Charset::defaultCharset (53 bytes)
Event: 0.264 Thread 0x000001f3b23a0970 nmethod 847 0x000001f3a3208910 code [0x000001f3a3208b20, 0x000001f3a3209078]
Event: 0.264 Thread 0x000001f3b23a0970  858   !   1       sun.nio.fs.WindowsDirectoryStream$WindowsDirectoryIterator::readNextEntry (192 bytes)

GC Heap History (0 events):
No events

Deoptimization events (0 events):
No events

Classes unloaded (0 events):
No events

Classes redefined (0 events):
No events

Internal exceptions (8 events):
Event: 0.154 Thread 0x000001f3f82e3890 Exception <a 'java/lang/NoSuchMethodError'{0x0000000713204790}: 'java.lang.Object java.lang.invoke.DirectMethodHandle$Holder.invokeStaticInit(java.lang.Object)'> (0x0000000713204790) 
thrown [s\open\src\hotspot\share\interpreter\linkResolver.cpp, line 759]
Event: 0.158 Thread 0x000001f3f82e3890 Exception <a 'java/lang/NoSuchMethodError'{0x0000000713212620}: 'void java.lang.invoke.DirectMethodHandle$Holder.invokeStatic(java.lang.Object, java.lang.Object)'> (0x0000000713212620) 
thrown [s\open\src\hotspot\share\interpreter\linkResolver.cpp, line 759]
Event: 0.171 Thread 0x000001f39b632220 Exception <a 'java/lang/NoSuchMethodError'{0x00000007135f0708}: 'int java.lang.invoke.DirectMethodHandle$Holder.invokeInterface(java.lang.Object, java.lang.Object)'> (0x00000007135f0708) 
thrown [s\open\src\hotspot\share\interpreter\linkResolver.cpp, line 759]
Event: 0.171 Thread 0x000001f39b632220 Exception <a 'java/lang/IncompatibleClassChangeError'{0x00000007135f3d08}: Found class java.lang.Object, but interface was expected> (0x00000007135f3d08) 
thrown [s\open\src\hotspot\share\interpreter\linkResolver.cpp, line 826]
Event: 0.193 Thread 0x000001f39b632220 Exception <a 'java/lang/NoSuchMethodError'{0x00000007133307c0}: 'int java.lang.invoke.DirectMethodHandle$Holder.invokeSpecial(java.lang.Object, java.lang.Object, java.lang.Object)'> (0x00000007133307c0) 
thrown [s\open\src\hotspot\share\interpreter\linkResolver.cpp, line 759]
Event: 0.214 Thread 0x000001f39b632220 Exception <a 'java/lang/NoSuchMethodError'{0x000000071302b6a8}: 'void java.lang.invoke.DirectMethodHandle$Holder.invokeStatic(java.lang.Object, java.lang.Object, java.lang.Object)'> (0x000000071302b6a8) 
thrown [s\open\src\hotspot\share\interpreter\linkResolver.cpp, line 759]
Event: 0.219 Thread 0x000001f39b632220 Exception <a 'java/lang/NoSuchMethodError'{0x0000000713068300}: 'int java.lang.invoke.DirectMethodHandle$Holder.invokeSpecialIFC(java.lang.Object, java.lang.Object, java.lang.Object)'> (0x0000000713068300) 
thrown [s\open\src\hotspot\share\interpreter\linkResolver.cpp, line 759]
Event: 0.232 Thread 0x000001f39b632220 Exception <a 'java/lang/NoSuchMethodError'{0x00000007130df850}: 'java.lang.Object java.lang.invoke.DirectMethodHandle$Holder.invokeStaticInit(java.lang.Object, int, int, int, int)'> (0x00000007130df850) 
thrown [s\open\src\hotspot\share\interpreter\linkResolver.cpp, line 759]

VM Operations (10 events):
Event: 0.086 Executing VM operation: HandshakeAllThreads
Event: 0.086 Executing VM operation: HandshakeAllThreads done
Event: 0.153 Executing VM operation: HandshakeAllThreads
Event: 0.153 Executing VM operation: HandshakeAllThreads done
Event: 0.173 Executing VM operation: HandshakeAllThreads
Event: 0.173 Executing VM operation: HandshakeAllThreads done
Event: 0.174 Executing VM operation: HandshakeAllThreads
Event: 0.174 Executing VM operation: HandshakeAllThreads done
Event: 0.226 Executing VM operation: HandshakeAllThreads
Event: 0.226 Executing VM operation: HandshakeAllThreads done

Events (20 events):
Event: 0.238 loading class java/lang/constant/DynamicConstantDesc$AnonymousDynamicConstantDesc
Event: 0.238 loading class java/lang/constant/DynamicConstantDesc$AnonymousDynamicConstantDesc done
Event: 0.257 loading class java/net/NetworkInterface$1
Event: 0.257 loading class java/net/NetworkInterface$1 done
Event: 0.262 loading class java/nio/file/Files$AcceptAllFilter
Event: 0.262 loading class java/nio/file/DirectoryStream$Filter
Event: 0.262 loading class java/nio/file/DirectoryStream$Filter done
Event: 0.262 loading class java/nio/file/Files$AcceptAllFilter done
Event: 0.262 loading class sun/nio/fs/WindowsDirectoryStream
Event: 0.262 loading class java/nio/file/DirectoryStream
Event: 0.262 loading class java/nio/file/DirectoryStream done
Event: 0.262 loading class sun/nio/fs/WindowsDirectoryStream done
Event: 0.262 loading class sun/nio/fs/WindowsDirectoryStream$WindowsDirectoryIterator
Event: 0.263 loading class sun/nio/fs/WindowsDirectoryStream$WindowsDirectoryIterator done
Event: 0.263 loading class sun/nio/fs/WindowsPath$WindowsPathWithAttributes
Event: 0.263 loading class sun/nio/fs/BasicFileAttributesHolder
Event: 0.263 loading class sun/nio/fs/BasicFileAttributesHolder done
Event: 0.263 loading class sun/nio/fs/WindowsPath$WindowsPathWithAttributes done
Event: 0.264 Thread 0x000001f3f83e6260 Thread added: 0x000001f3f83e6260
Event: 0.264 Thread 0x000001f3f83e6260 Thread exited: 0x000001f3f83e6260


Dynamic libraries:
0x00007ff7b0d40000 - 0x00007ff7b0d50000 	D:\Java\jdk-17.0.9\bin\java.exe
0x00007ffa3ec30000 - 0x00007ffa3ee28000 	C:\Windows\SYSTEM32\ntdll.dll
0x00007ffa3cdd0000 - 0x00007ffa3ce92000 	C:\Windows\System32\KERNEL32.DLL
0x00007ffa3c8a0000 - 0x00007ffa3cb96000 	C:\Windows\System32\KERNELBASE.dll
0x00007ffa3c3e0000 - 0x00007ffa3c4e0000 	C:\Windows\System32\ucrtbase.dll
0x00007ffa14fe0000 - 0x00007ffa14ff9000 	D:\Java\jdk-17.0.9\bin\jli.dll
0x00007ffa3e470000 - 0x00007ffa3e521000 	C:\Windows\System32\ADVAPI32.dll
0x00007ffa14100000 - 0x00007ffa1411b000 	D:\Java\jdk-17.0.9\bin\VCRUNTIME140.dll
0x00007ffa3e030000 - 0x00007ffa3e0ce000 	C:\Windows\System32\msvcrt.dll
0x00007ffa3da60000 - 0x00007ffa3daff000 	C:\Windows\System32\sechost.dll
0x00007ffa3ead0000 - 0x00007ffa3ebf0000 	C:\Windows\System32\RPCRT4.dll
0x00007ffa3cba0000 - 0x00007ffa3cbc7000 	C:\Windows\System32\bcrypt.dll
0x00007ffa3d8b0000 - 0x00007ffa3da51000 	C:\Windows\System32\USER32.dll
0x00007ffa3cc20000 - 0x00007ffa3cc42000 	C:\Windows\System32\win32u.dll
0x00007ffa21d90000 - 0x00007ffa2202b000 	C:\Windows\WinSxS\amd64_microsoft.windows.common-controls_6595b64144ccf1df_6.0.19041.6456_none_60b8a6cb71f64256\COMCTL32.dll
0x00007ffa3e0d0000 - 0x00007ffa3e0fb000 	C:\Windows\System32\GDI32.dll
0x00007ffa3c6d0000 - 0x00007ffa3c7e9000 	C:\Windows\System32\gdi32full.dll
0x00007ffa3c2c0000 - 0x00007ffa3c35d000 	C:\Windows\System32\msvcp_win.dll
0x00007ffa31150000 - 0x00007ffa3115a000 	C:\Windows\SYSTEM32\VERSION.dll
0x00007ffa3db00000 - 0x00007ffa3db2f000 	C:\Windows\System32\IMM32.DLL
0x00007ffa33190000 - 0x00007ffa3319c000 	D:\Java\jdk-17.0.9\bin\vcruntime140_1.dll
0x00007ffa0c460000 - 0x00007ffa0c4ee000 	D:\Java\jdk-17.0.9\bin\msvcp140.dll
0x00007ff9db6c0000 - 0x00007ff9dc2a1000 	D:\Java\jdk-17.0.9\bin\server\jvm.dll
0x00007ffa3dce0000 - 0x00007ffa3dce8000 	C:\Windows\System32\PSAPI.DLL
0x00007ffa20870000 - 0x00007ffa20879000 	C:\Windows\SYSTEM32\WSOCK32.dll
0x00007ffa3d7e0000 - 0x00007ffa3d84b000 	C:\Windows\System32\WS2_32.dll
0x00007ffa2ec30000 - 0x00007ffa2ec57000 	C:\Windows\SYSTEM32\WINMM.dll
0x00007ffa3aaa0000 - 0x00007ffa3aab2000 	C:\Windows\SYSTEM32\kernel.appcore.dll
0x00007ffa31540000 - 0x00007ffa3154a000 	D:\Java\jdk-17.0.9\bin\jimage.dll
0x00007ffa39ae0000 - 0x00007ffa39ce1000 	C:\Windows\SYSTEM32\DBGHELP.DLL
0x00007ffa2ecd0000 - 0x00007ffa2ed04000 	C:\Windows\SYSTEM32\dbgcore.DLL
0x00007ffa3c4e0000 - 0x00007ffa3c562000 	C:\Windows\System32\bcryptPrimitives.dll
0x00007ffa246c0000 - 0x00007ffa246ce000 	D:\Java\jdk-17.0.9\bin\instrument.dll
0x00007ffa140d0000 - 0x00007ffa140f5000 	D:\Java\jdk-17.0.9\bin\java.dll
0x00007ff9fc3d0000 - 0x00007ff9fc4a7000 	D:\Java\jdk-17.0.9\bin\jsvml.dll
0x00007ffa3d070000 - 0x00007ffa3d7e0000 	C:\Windows\System32\SHELL32.dll
0x00007ffa3a2d0000 - 0x00007ffa3aa75000 	C:\Windows\SYSTEM32\windows.storage.dll
0x00007ffa3e110000 - 0x00007ffa3e464000 	C:\Windows\System32\combase.dll
0x00007ffa3bcf0000 - 0x00007ffa3bd1b000 	C:\Windows\SYSTEM32\Wldp.dll
0x00007ffa3cd00000 - 0x00007ffa3cdcd000 	C:\Windows\System32\OLEAUT32.dll
0x00007ffa3df80000 - 0x00007ffa3e02d000 	C:\Windows\System32\SHCORE.dll
0x00007ffa3dd60000 - 0x00007ffa3ddbb000 	C:\Windows\System32\shlwapi.dll
0x00007ffa3c1f0000 - 0x00007ffa3c214000 	C:\Windows\SYSTEM32\profapi.dll
0x00007ffa12380000 - 0x00007ffa12398000 	D:\Java\jdk-17.0.9\bin\zip.dll
0x00007ffa140b0000 - 0x00007ffa140c9000 	D:\java\jdk-17.0.9\bin\net.dll
0x00007ffa349e0000 - 0x00007ffa34aea000 	C:\Windows\SYSTEM32\WINHTTP.dll
0x00007ffa3ba50000 - 0x00007ffa3baba000 	C:\Windows\system32\mswsock.dll
0x00007ffa14090000 - 0x00007ffa140a6000 	D:\java\jdk-17.0.9\bin\nio.dll
0x00007ffa12360000 - 0x00007ffa1237a000 	D:\java\IntelliJIDEA2024.1\bin\breakgen64.dll
0x00007ffa3b720000 - 0x00007ffa3b7ea000 	C:\Windows\SYSTEM32\DNSAPI.dll
0x00007ffa3b6e0000 - 0x00007ffa3b71b000 	C:\Windows\SYSTEM32\IPHLPAPI.DLL
0x00007ffa3e100000 - 0x00007ffa3e108000 	C:\Windows\System32\NSI.dll
0x0000000056d00000 - 0x0000000056d26000 	C:\Program Files\Bonjour\mdnsNSP.dll
0x00007ffa32f30000 - 0x00007ffa32f3a000 	C:\Windows\System32\rasadhlp.dll
0x00007ffa30e20000 - 0x00007ffa30ea0000 	C:\Windows\System32\fwpuclnt.dll
0x00007ffa205b0000 - 0x00007ffa205ba000 	D:\java\jdk-17.0.9\bin\management.dll
0x00007ffa17070000 - 0x00007ffa1707b000 	D:\java\jdk-17.0.9\bin\management_ext.dll
0x00007ffa3bc50000 - 0x00007ffa3bc68000 	C:\Windows\SYSTEM32\CRYPTSP.dll
0x00007ffa3b2e0000 - 0x00007ffa3b318000 	C:\Windows\system32\rsaenh.dll
0x00007ffa3c170000 - 0x00007ffa3c19e000 	C:\Windows\SYSTEM32\USERENV.dll
0x00007ffa3bc40000 - 0x00007ffa3bc4c000 	C:\Windows\SYSTEM32\CRYPTBASE.dll
0x00007ffa34230000 - 0x00007ffa34247000 	C:\Windows\SYSTEM32\dhcpcsvc6.DLL
0x00007ffa338f0000 - 0x00007ffa3390d000 	C:\Windows\SYSTEM32\dhcpcsvc.DLL
0x00007ffa1b7a0000 - 0x00007ffa1b7b7000 	C:\Windows\system32\napinsp.dll
0x00007ffa1b780000 - 0x00007ffa1b79b000 	C:\Windows\system32\pnrpnsp.dll
0x00007ffa34c20000 - 0x00007ffa34c3d000 	C:\Windows\system32\wshbth.dll
0x00007ffa34af0000 - 0x00007ffa34b0d000 	C:\Windows\system32\NLAapi.dll
0x00007ffa1b6a0000 - 0x00007ffa1b6b2000 	C:\Windows\System32\winrnr.dll

dbghelp: loaded successfully - version: 4.0.5 - missing functions: none
symbol engine: initialized successfully - sym options: 0x614 - pdb path: .;D:\Java\jdk-17.0.9\bin;C:\Windows\SYSTEM32;C:\Windows\WinSxS\amd64_microsoft.windows.common-controls_6595b64144ccf1df_6.0.19041.6456_none_60b8a6cb71f64256;D:\Java\jdk-17.0.9\bin\server;D:\java\IntelliJIDEA2024.1\bin;C:\Program Files\Bonjour

VM Arguments:
jvm_args: -XX:TieredStopAtLevel=1 -Dspring.output.ansi.enabled=always -Dcom.sun.management.jmxremote -Dspring.jmx.enabled=true -Dspring.liveBeansView.mbeanDomain -Dspring.application.admin.enabled=true -Dmanagement.endpoints.jmx.exposure.include=* -javaagent:D:\java\IntelliJIDEA2024.1\lib\idea_rt.jar=61086:D:\java\IntelliJIDEA2024.1\bin -Dfile.encoding=UTF-8 
java_command: com.videoplatform.video.VideoApplication
java_class_path (initial): D:\JavaLearning\Code\VideoPlatform\back\backend-microservices\platform-video-service\target\classes;D:\JavaLearning\Code\VideoPlatform\back\backend-microservices\platform-common\target\classes;D:\java\LocalWarehouse\org\springframework\spring-web\6.1.6\spring-web-6.1.6.jar;D:\java\LocalWarehouse\org\springframework\spring-beans\6.1.6\spring-beans-6.1.6.jar;D:\java\LocalWarehouse\org\springframework\spring-core\6.1.6\spring-core-6.1.6.jar;D:\java\LocalWarehouse\org\springframework\spring-jcl\6.1.6\spring-jcl-6.1.6.jar;D:\java\LocalWarehouse\io\micrometer\micrometer-observation\1.12.5\micrometer-observation-1.12.5.jar;D:\java\LocalWarehouse\io\micrometer\micrometer-commons\1.12.5\micrometer-commons-1.12.5.jar;D:\java\LocalWarehouse\jakarta\validation\jakarta.validation-api\3.0.2\jakarta.validation-api-3.0.2.jar;D:\java\LocalWarehouse\com\baomidou\mybatis-plus-spring-boot3-starter\3.5.10\mybatis-plus-spring-boot3-starter-3.5.10.jar;D:\java\LocalWarehouse\com\baomidou\mybatis-plus\3.5.10\mybatis-plus-3.5.10.jar;D:\java\LocalWarehouse\com\baomidou\mybatis-plus-core\3.5.10\mybatis-plus-core-3.5.10.jar;D:\java\LocalWarehouse\com\baomidou\mybatis-plus-annotation\3.5.10\mybatis-plus-annotation-3.5.10.jar;D:\java\LocalWarehouse\com\baomidou\mybatis-plus-spring\3.5.10\mybatis-plus-spring-3.5.10.jar;D:\java\LocalWarehouse\com\baomidou\mybatis-plus-extension\3.5.10\mybatis-plus-extension-3.5.10.jar;D:\java\LocalWarehouse\org\mybatis\mybatis\3.5.19\mybatis-3.5.19.jar;D:\java\LocalWarehouse\org\mybatis\mybatis-spring\3.0.4\mybatis-spring-3.0.4.jar;D:\java\LocalWarehouse\com\baomidou\mybatis-plus-spring-boot-autoconfigure\3.5.10\mybatis-plus-spring-boot-autoconfigure-3.5.10.jar;D:\java\LocalWarehouse\org\springframework\boot\spring-boot-autoconfigure\3.2.5\spring-boot-autoconfigure-3.2.5.jar;D:\java\LocalWarehouse\org\springframework\boot\spring-boot-starter-jdbc\3.2.5\spring-boot-starter-jdbc-3.2.5.jar;D:\java\LocalWarehouse\com\zaxxer\HikariCP\5.0.1\H
Launcher Type: SUN_STANDARD

[Global flags]
     intx CICompilerCount                          = 12                                        {product} {ergonomic}
     uint ConcGCThreads                            = 3                                         {product} {ergonomic}
     uint G1ConcRefinementThreads                  = 13                                        {product} {ergonomic}
   size_t G1HeapRegionSize                         = 2097152                                   {product} {ergonomic}
    uintx GCDrainStackTargetSize                   = 64                                        {product} {ergonomic}
   size_t InitialHeapSize                          = 264241152                                 {product} {ergonomic}
     bool ManagementServer                         = true                                      {product} {command line}
   size_t MarkStackSize                            = 4194304                                   {product} {ergonomic}
   size_t MaxHeapSize                              = 4223664128                                {product} {ergonomic}
   size_t MaxNewSize                               = 2533359616                                {product} {ergonomic}
   size_t MinHeapDeltaBytes                        = 2097152                                   {product} {ergonomic}
   size_t MinHeapSize                              = 8388608                                   {product} {ergonomic}
    uintx NonProfiledCodeHeapSize                  = 0                                      {pd product} {ergonomic}
     bool ProfileInterpreter                       = false                                  {pd product} {command line}
    uintx ProfiledCodeHeapSize                     = 0                                      {pd product} {ergonomic}
   size_t SoftMaxHeapSize                          = 4223664128                             {manageable} {ergonomic}
     intx TieredStopAtLevel                        = 1                                         {product} {command line}
     bool UseCompressedClassPointers               = true                           {product lp64_product} {ergonomic}
     bool UseCompressedOops                        = true                           {product lp64_product} {ergonomic}
     bool UseG1GC                                  = true                                      {product} {ergonomic}
     bool UseLargePagesIndividualAllocation        = false                                  {pd product} {ergonomic}

Logging:
Log output configuration:
 #0: stdout all=warning uptime,level,tags
 #1: stderr all=off uptime,level,tags

Environment Variables:
JAVA_HOME=D:\java\jdk-17.0.9
CLASSPATH=.;%JAVA_HOME%\lib;
PATH=C:\Program Files\OpenSSL-Win64\bin;D:\VMware\bin\;C:\Program Files (x86)\Common Files\Oracle\Java\javapath;C:\Windows\system32;C:\Windows;C:\Windows\System32\Wbem;C:\Windows\System32\WindowsPowerShell\v1.0\;C:\Windows\System32\OpenSSH\;C:\Program Files (x86)\NVIDIA Corporation\PhysX\Common;C:\Program Files\NVIDIA Corporation\NVIDIA NvDLISR;C:\Program Files\Microsoft SQL Server\130\Tools\Binn\;C:\Program Files\dotnet\;C:\Program Files\Microsoft SQL Server\Client SDK\ODBC\170\Tools\Binn\;%JAVA_HOME%\bin;C:\Program Files\MySQL\MySQL Server 8.0\bin;D:\Program Files\ANACONDA\Library\bin\graphviz\dot.exe;D:\Program Files\ANACONDA;D:\Program Files\ANACONDA\Scripts;D:\Program Files\ANACONDA\Library\bin;D:\Program Files\ANACONDA\Library\mingw-w64\bin;D:\Program Files\ANACONDA\Library\usr\bin;D:\Program Files\MySQL\MySQL Server 8.0\bin;D:\Program Files\Git\cmd;D:\java\apache-maven-3.9.6\bin;D:\java\apache-tomcat-10.1.16\bin;D:\java\apache-tomcat-10.1.16\lib;D:\Software\Xshell\;D:\Software\Xftp\;C:\Program Files\WireGuard\;D:\Software\elasticsearch-8.14.3\bin;D:\temp;D:\Program Files\Docker\resources\bin;C:\Program Files\Docker\Docker\resources\bin;D:\java\redis;C:\Program Files\NVIDIA GPU Computing Toolkit\CUDA\v11.3\bin;D:\java\apache-zookeeper-3.9.4-bin\apache-zookeeper-3.9.4-bin\bin;D:\node\;D:\java\Docker\resources\bin;C:\Program Files\OpenSSL-Win64\bin;C:\Users\86131\AppData\Local\Programs\Python\Python310\Scripts\;C:\Users\86131\AppData\Local\Programs\Python\Python310\;C:\Users\86131\AppData\Local\Microsoft\WindowsApps;C:\Users\86131\.dotnet\tools;D:\IntelliJ IDEA Community Edition 2022.1.1\bin;D:\QT\Tools\mingw810_64\bin;D:\QT\5.15.2\mingw81_64\bin;D:\pycharm\PyCharm Community Edition 2021.2.2\bin;D:\ANACONDA\Library\bin\graphviz;C:\Users\86131\.dotnet\tools;D:\DataGrip 2023.2.2\bin;;D:\WebStorm 2020.1\bin;;D:\Microsoft VS Code\bin;D:\java\jdk-17.0.9\bin;C:\Users\86131\AppData\Roaming\npm
USERNAME=86131
OS=Windows_NT
PROCESSOR_IDENTIFIER=Intel64 Family 6 Model 141 Stepping 1, GenuineIntel



---------------  S Y S T E M  ---------------

OS:
 Windows 10 , 64 bit Build 19041 (10.0.19041.5915)
OS uptime: 0 days 3:27 hours
Hyper-V role detected

CPU: total 16 (initial active 16) (8 cores per cpu, 2 threads per core) family 6 model 141 stepping 1 microcode 0x58, cx8, cmov, fxsr, ht, mmx, 3dnowpref, sse, sse2, sse3, ssse3, sse4.1, sse4.2, popcnt, lzcnt, tsc, tscinvbit, avx, avx2, aes, erms, clmul, bmi1, bmi2, adx, avx512f, avx512dq, avx512cd, avx512bw, avx512vl, sha, fma, vzeroupper, avx512_vpopcntdq, avx512_vpclmulqdq, avx512_vaes, avx512_vnni, clflush, clflushopt, clwb, avx512_vbmi2, avx512_vbmi, hv

Memory: 4k page, system-wide physical 16110M (1349M free)
TotalPageFile size 19021M (AvailPageFile size 3M)
current process WorkingSet (physical memory assigned to process): 61M, peak: 61M
current process commit charge ("private bytes"): 358M, peak: 358M

vm_info: Java HotSpot(TM) 64-Bit Server VM (17.0.9+11-LTS-201) for windows-amd64 JRE (17.0.9+11-LTS-201), built on Oct 10 2023 23:16:06 by "mach5one" with MS VC++ 17.1 (VS2022)

END.
