#
# There is insufficient memory for the Java Runtime Environment to continue.
# Native memory allocation (mmap) failed to map 283115520 bytes for G1 virtual space
# Possible reasons:
#   The system is out of physical RAM or swap space
#   The process is running with CompressedOops enabled, and the Java Heap may be blocking the growth of the native heap
# Possible solutions:
#   Reduce memory load on the system
#   Increase physical memory or swap space
#   Check if swap backing store is full
#   Decrease Java heap size (-Xmx/-Xms)
#   Decrease number of Java threads
#   Decrease Java thread stack sizes (-Xss)
#   Set larger code cache with -XX:ReservedCodeCacheSize=
#   JVM is running with Zero Based Compressed Oops mode in which the Java heap is
#     placed in the first 32GB address space. The Java Heap base address is the
#     maximum limit for the native heap growth. Please use -XX:HeapBaseMinAddress
#     to set the Java Heap base and to place the Java Heap above 32GB virtual address.
# This output file may be truncated or incomplete.
#
#  Out of Memory Error (os_windows.cpp:3552), pid=18916, tid=5152
#
# JRE version: Java(TM) SE Runtime Environment (17.0.9+11) (build 17.0.9+11-LTS-201)
# Java VM: Java HotSpot(TM) 64-Bit Server VM (17.0.9+11-LTS-201, mixed mode, emulated-client, sharing, tiered, compressed oops, compressed class ptrs, g1 gc, windows-amd64)
# No core dump will be written. Minidumps are not enabled by default on client versions of Windows
#

---------------  S U M M A R Y ------------

Command Line: -XX:TieredStopAtLevel=1 -Dspring.output.ansi.enabled=always -Dcom.sun.management.jmxremote -Dspring.jmx.enabled=true -Dspring.liveBeansView.mbeanDomain -Dspring.application.admin.enabled=true -Dmanagement.endpoints.jmx.exposure.include=* -javaagent:D:\java\IntelliJIDEA2024.1\lib\idea_rt.jar=60593:D:\java\IntelliJIDEA2024.1\bin -Dfile.encoding=UTF-8 com.videoplatform.video.VideoApplication

Host: 11th Gen Intel(R) Core(TM) i7-11800H @ 2.30GHz, 16 cores, 15G,  Windows 10 , 64 bit Build 19041 (10.0.19041.5915)
Time: Wed Apr 15 04:55:49 2026  Windows 10 , 64 bit Build 19041 (10.0.19041.5915) elapsed time: 56.580966 seconds (0d 0h 0m 56s)

---------------  T H R E A D  ---------------

Current thread (0x0000026a35097e60):  VMThread "VM Thread" [stack: 0x000000b224b00000,0x000000b224c00000] [id=5152]

Stack: [0x000000b224b00000,0x000000b224c00000]
Native frames: (J=compiled Java code, j=interpreted, Vv=VM code, C=native code)
V  [jvm.dll+0x678a4a]
V  [jvm.dll+0x7d9cfd]
V  [jvm.dll+0x7db60e]
V  [jvm.dll+0x7dbc73]
V  [jvm.dll+0x245e1f]
V  [jvm.dll+0x6758f9]
V  [jvm.dll+0x66a2a2]
V  [jvm.dll+0x303686]
V  [jvm.dll+0x30ac06]
V  [jvm.dll+0x35a48e]
V  [jvm.dll+0x35a6bf]
V  [jvm.dll+0x2da678]
V  [jvm.dll+0x2d8a85]
V  [jvm.dll+0x2d808c]
V  [jvm.dll+0x31bca1]
V  [jvm.dll+0x7e048b]
V  [jvm.dll+0x7e11c4]
V  [jvm.dll+0x7e16dd]
V  [jvm.dll+0x7e1ab4]
V  [jvm.dll+0x7e1b80]
V  [jvm.dll+0x78998a]
V  [jvm.dll+0x677875]
C  [ucrtbase.dll+0x21bb2]
C  [KERNEL32.DLL+0x17374]
C  [ntdll.dll+0x4cc91]

VM_Operation (0x000000b2286fe3e8): G1TryInitiateConcMark, mode: safepoint, requested by thread 0x0000026a7cf62af0


---------------  P R O C E S S  ---------------

Threads class SMR info:
_java_thread_list=0x0000026a7cfadca0, length=45, elements={
0x0000026a350a0e40, 0x0000026a350a1800, 0x0000026a350b4e10, 0x0000026a350b57d0,
0x0000026a350b6190, 0x0000026a350b8b60, 0x0000026a350b95d0, 0x0000026a350be400,
0x0000026a3508a310, 0x0000026a7b315be0, 0x0000026a7b3160c0, 0x0000026a7b40d630,
0x0000026a7c402610, 0x0000026a7c3f2650, 0x0000026a7c87d570, 0x0000026a7c87da80,
0x0000026a7c87df90, 0x0000026a7c87d060, 0x0000026a7cf5e410, 0x0000026a7cf60780,
0x0000026a7cf5d9f0, 0x0000026a7cf63000, 0x0000026a7cf63a20, 0x0000026a7cf5c5b0,
0x0000026a7cf5cac0, 0x0000026a7cf5cfd0, 0x0000026a7cf5df00, 0x0000026a7cf60c90,
0x0000026a7cf63510, 0x0000026a7cf5d4e0, 0x0000026a7cf5e920, 0x0000026a7cf5ee30,
0x0000026a7cf5f850, 0x0000026a7cf611a0, 0x0000026a7cf5fd60, 0x0000026a7cf616b0,
0x0000026a7cf61bc0, 0x0000026a7cf625e0, 0x0000026a7cf62af0, 0x0000026a7d636080,
0x0000026a7d6379d0, 0x0000026a7d636590, 0x0000026a7d639830, 0x0000026a7d52e3f0,
0x0000026a7d639d40
}

Java Threads: ( => current thread )
  0x0000026a350a0e40 JavaThread "Reference Handler" daemon [_thread_blocked, id=21224, stack(0x000000b224c00000,0x000000b224d00000)]
  0x0000026a350a1800 JavaThread "Finalizer" daemon [_thread_blocked, id=4068, stack(0x000000b224d00000,0x000000b224e00000)]
  0x0000026a350b4e10 JavaThread "Signal Dispatcher" daemon [_thread_blocked, id=4928, stack(0x000000b224e00000,0x000000b224f00000)]
  0x0000026a350b57d0 JavaThread "Attach Listener" daemon [_thread_blocked, id=12660, stack(0x000000b224f00000,0x000000b225000000)]
  0x0000026a350b6190 JavaThread "Service Thread" daemon [_thread_blocked, id=6256, stack(0x000000b225000000,0x000000b225100000)]
  0x0000026a350b8b60 JavaThread "Monitor Deflation Thread" daemon [_thread_blocked, id=21620, stack(0x000000b225100000,0x000000b225200000)]
  0x0000026a350b95d0 JavaThread "C1 CompilerThread0" daemon [_thread_blocked, id=18280, stack(0x000000b225200000,0x000000b225300000)]
  0x0000026a350be400 JavaThread "Sweeper thread" daemon [_thread_blocked, id=24420, stack(0x000000b225300000,0x000000b225400000)]
  0x0000026a3508a310 JavaThread "Common-Cleaner" daemon [_thread_blocked, id=8452, stack(0x000000b225500000,0x000000b225600000)]
  0x0000026a7b315be0 JavaThread "Monitor Ctrl-Break" daemon [_thread_in_native, id=9148, stack(0x000000b225800000,0x000000b225900000)]
  0x0000026a7b3160c0 JavaThread "Notification Thread" daemon [_thread_blocked, id=11660, stack(0x000000b225900000,0x000000b225a00000)]
  0x0000026a7b40d630 JavaThread "RMI TCP Accept-0" daemon [_thread_in_native, id=1848, stack(0x000000b225a00000,0x000000b225b00000)]
  0x0000026a7c402610 JavaThread "RMI TCP Connection(idle)" daemon [_thread_blocked, id=25288, stack(0x000000b226400000,0x000000b226500000)]
  0x0000026a7c3f2650 JavaThread "RMI Scheduler(0)" daemon [_thread_blocked, id=21964, stack(0x000000b226d00000,0x000000b226e00000)]
  0x0000026a7c87d570 JavaThread "Catalina-utility-1" [_thread_blocked, id=25304, stack(0x000000b226e00000,0x000000b226f00000)]
  0x0000026a7c87da80 JavaThread "Catalina-utility-2" [_thread_blocked, id=15020, stack(0x000000b226f00000,0x000000b227000000)]
  0x0000026a7c87df90 JavaThread "container-0" [_thread_blocked, id=20216, stack(0x000000b227000000,0x000000b227100000)]
  0x0000026a7c87d060 JavaThread "mysql-cj-abandoned-connection-cleanup" daemon [_thread_blocked, id=20776, stack(0x000000b227100000,0x000000b227200000)]
  0x0000026a7cf5e410 JavaThread "OkHttp Dispatcher" [_thread_blocked, id=8340, stack(0x000000b227200000,0x000000b227300000)]
  0x0000026a7cf60780 JavaThread "OkHttp TaskRunner" daemon [_thread_blocked, id=21720, stack(0x000000b227400000,0x000000b227500000)]
  0x0000026a7cf5d9f0 JavaThread "Okio Watchdog" daemon [_thread_blocked, id=8896, stack(0x000000b227500000,0x000000b227600000)]
  0x0000026a7cf63000 JavaThread "OkHttp Dispatcher" [_thread_blocked, id=21336, stack(0x000000b227600000,0x000000b227700000)]
  0x0000026a7cf63a20 JavaThread "lettuce-timer-3-1" daemon [_thread_blocked, id=8004, stack(0x000000b227700000,0x000000b227800000)]
  0x0000026a7cf5c5b0 JavaThread "http-nio-8082-exec-1" daemon [_thread_blocked, id=10676, stack(0x000000b227800000,0x000000b227900000)]
  0x0000026a7cf5cac0 JavaThread "http-nio-8082-exec-2" daemon [_thread_blocked, id=18772, stack(0x000000b227900000,0x000000b227a00000)]
  0x0000026a7cf5cfd0 JavaThread "http-nio-8082-exec-3" daemon [_thread_blocked, id=24040, stack(0x000000b227a00000,0x000000b227b00000)]
  0x0000026a7cf5df00 JavaThread "http-nio-8082-exec-4" daemon [_thread_blocked, id=8304, stack(0x000000b227b00000,0x000000b227c00000)]
  0x0000026a7cf60c90 JavaThread "http-nio-8082-exec-5" daemon [_thread_blocked, id=18272, stack(0x000000b227c00000,0x000000b227d00000)]
  0x0000026a7cf63510 JavaThread "http-nio-8082-exec-6" daemon [_thread_blocked, id=24844, stack(0x000000b227d00000,0x000000b227e00000)]
  0x0000026a7cf5d4e0 JavaThread "http-nio-8082-exec-7" daemon [_thread_blocked, id=17132, stack(0x000000b227e00000,0x000000b227f00000)]
  0x0000026a7cf5e920 JavaThread "http-nio-8082-exec-8" daemon [_thread_blocked, id=14880, stack(0x000000b227f00000,0x000000b228000000)]
  0x0000026a7cf5ee30 JavaThread "http-nio-8082-exec-9" daemon [_thread_blocked, id=21424, stack(0x000000b228000000,0x000000b228100000)]
  0x0000026a7cf5f850 JavaThread "http-nio-8082-exec-10" daemon [_thread_blocked, id=4456, stack(0x000000b228100000,0x000000b228200000)]
  0x0000026a7cf611a0 JavaThread "http-nio-8082-Poller" daemon [_thread_in_native, id=4740, stack(0x000000b228200000,0x000000b228300000)]
  0x0000026a7cf5fd60 JavaThread "http-nio-8082-Acceptor" daemon [_thread_in_native, id=14036, stack(0x000000b228300000,0x000000b228400000)]
  0x0000026a7cf616b0 JavaThread "DestroyJavaVM" [_thread_blocked, id=3800, stack(0x000000b224500000,0x000000b224600000)]
  0x0000026a7cf61bc0 JavaThread "HikariPool-1 housekeeper" daemon [_thread_blocked, id=3732, stack(0x000000b225600000,0x000000b225700000)]
  0x0000026a7cf625e0 JavaThread "ForkJoinPool.commonPool-worker-1" daemon [_thread_blocked, id=20372, stack(0x000000b228500000,0x000000b228600000)]
  0x0000026a7cf62af0 JavaThread "ForkJoinPool.commonPool-worker-4" daemon [_thread_blocked, id=23092, stack(0x000000b228600000,0x000000b228700000)]
  0x0000026a7d636080 JavaThread "ForkJoinPool.commonPool-worker-3" daemon [_thread_blocked, id=18480, stack(0x000000b228700000,0x000000b228800000)]
  0x0000026a7d6379d0 JavaThread "ForkJoinPool.commonPool-worker-2" daemon [_thread_blocked, id=7832, stack(0x000000b228800000,0x000000b228900000)]
  0x0000026a7d636590 JavaThread "OkHttp Dispatcher" [_thread_blocked, id=12512, stack(0x000000b228a00000,0x000000b228b00000)]
  0x0000026a7d639830 JavaThread "OkHttp Dispatcher" [_thread_blocked, id=13756, stack(0x000000b228b00000,0x000000b228c00000)]
  0x0000026a7d52e3f0 JavaThread "C1 CompilerThread1" daemon [_thread_blocked, id=14156, stack(0x000000b225400000,0x000000b225500000)]
  0x0000026a7d639d40 JavaThread "HikariPool-1 connection adder" daemon [_thread_blocked, id=16936, stack(0x000000b225700000,0x000000b225800000)]

Other Threads:
=>0x0000026a35097e60 VMThread "VM Thread" [stack: 0x000000b224b00000,0x000000b224c00000] [id=5152]
  0x0000026a7b3a4610 WatcherThread [stack: 0x000000b225b00000,0x000000b225c00000] [id=8252]
  0x0000026a1e3af7f0 GCTaskThread "GC Thread#0" [stack: 0x000000b224600000,0x000000b224700000] [id=23260]
  0x0000026a7b77afd0 GCTaskThread "GC Thread#1" [stack: 0x000000b225c00000,0x000000b225d00000] [id=20536]
  0x0000026a7b77b6a0 GCTaskThread "GC Thread#2" [stack: 0x000000b225d00000,0x000000b225e00000] [id=11340]
  0x0000026a7b77bf70 GCTaskThread "GC Thread#3" [stack: 0x000000b225e00000,0x000000b225f00000] [id=22232]
  0x0000026a7b701540 GCTaskThread "GC Thread#4" [stack: 0x000000b225f00000,0x000000b226000000] [id=22452]
  0x0000026a7b702620 GCTaskThread "GC Thread#5" [stack: 0x000000b226000000,0x000000b226100000] [id=12620]
  0x0000026a7b7e39b0 GCTaskThread "GC Thread#6" [stack: 0x000000b226100000,0x000000b226200000] [id=24640]
  0x0000026a7bcc0d10 GCTaskThread "GC Thread#7" [stack: 0x000000b226200000,0x000000b226300000] [id=22164]
  0x0000026a7bcc0fd0 GCTaskThread "GC Thread#8" [stack: 0x000000b226300000,0x000000b226400000] [id=3288]
  0x0000026a7c1f57c0 GCTaskThread "GC Thread#9" [stack: 0x000000b226700000,0x000000b226800000] [id=19512]
  0x0000026a7c175710 GCTaskThread "GC Thread#10" [stack: 0x000000b226800000,0x000000b226900000] [id=12744]
  0x0000026a7c09e4b0 GCTaskThread "GC Thread#11" [stack: 0x000000b226900000,0x000000b226a00000] [id=15816]
  0x0000026a7c109ac0 GCTaskThread "GC Thread#12" [stack: 0x000000b226a00000,0x000000b226b00000] [id=21632]
  0x0000026a1e3c0200 ConcurrentGCThread "G1 Main Marker" [stack: 0x000000b224700000,0x000000b224800000] [id=25240]
  0x0000026a1e3c0b10 ConcurrentGCThread "G1 Conc#0" [stack: 0x000000b224800000,0x000000b224900000] [id=16976]
  0x0000026a7c211cc0 ConcurrentGCThread "G1 Conc#1" [stack: 0x000000b226b00000,0x000000b226c00000] [id=24760]
  0x0000026a7c211f80 ConcurrentGCThread "G1 Conc#2" [stack: 0x000000b226c00000,0x000000b226d00000] [id=22520]
  0x0000026a34fd6d50 ConcurrentGCThread "G1 Refine#0" [stack: 0x000000b224900000,0x000000b224a00000] [id=5220]
  0x0000026a34fd7680 ConcurrentGCThread "G1 Service" [stack: 0x000000b224a00000,0x000000b224b00000] [id=19904]

Threads with active compile tasks:

VM state: at safepoint (normal execution)

VM Mutex/Monitor currently owned by a thread:  ([mutex/lock_event])
[0x0000026a1e340900] Threads_lock - owner thread: 0x0000026a35097e60
[0x0000026a1e340e10] Heap_lock - owner thread: 0x0000026a7cf62af0

Heap address: 0x0000000704400000, size: 4028 MB, Compressed Oops mode: Zero based, Oop shift amount: 3

CDS archive(s) mapped at: [0x0000026a36000000-0x0000026a36bd0000-0x0000026a36bd0000), size 12386304, SharedBaseAddress: 0x0000026a36000000, ArchiveRelocationMode: 1.
Compressed class space mapped at: 0x0000026a37000000-0x0000026a77000000, reserved size: 1073741824
Narrow klass base: 0x0000026a36000000, Narrow klass shift: 0, Narrow klass range: 0x100000000

GC Precious Log:
 CPUs: 16 total, 16 available
 Memory: 16110M
 Large Page Support: Disabled
 NUMA Support: Disabled
 Compressed Oops: Enabled (Zero based)
 Heap Region Size: 2M
 Heap Min Capacity: 8M
 Heap Initial Capacity: 252M
 Heap Max Capacity: 4028M
 Pre-touch: Disabled
 Parallel Workers: 13
 Concurrent Workers: 3
 Concurrent Refinement Workers: 13
 Periodic GC: Disabled

Heap:
 garbage-first heap   total 258048K, used 76932K [0x0000000704400000, 0x0000000800000000)
  region size 2048K, 2 young (4096K), 2 survivors (4096K)
 Metaspace       used 66159K, committed 66752K, reserved 1114112K
  class space    used 8841K, committed 9088K, reserved 1048576K

Heap Regions: E=young(eden), S=young(survivor), O=old, HS=humongous(starts), HC=humongous(continues), CS=collection set, F=free, OA=open archive, CA=closed archive, TAMS=top-at-mark-start (previous, next)
|   0|0x0000000704400000, 0x0000000704600000, 0x0000000704600000|100%| O|  |TAMS 0x0000000704600000, 0x0000000704600000| Untracked 
|   1|0x0000000704600000, 0x0000000704800000, 0x0000000704800000|100%| O|  |TAMS 0x0000000704800000, 0x0000000704800000| Untracked 
|   2|0x0000000704800000, 0x0000000704a00000, 0x0000000704a00000|100%| O|  |TAMS 0x0000000704a00000, 0x0000000704a00000| Untracked 
|   3|0x0000000704a00000, 0x0000000704c00000, 0x0000000704c00000|100%| O|  |TAMS 0x0000000704c00000, 0x0000000704c00000| Untracked 
|   4|0x0000000704c00000, 0x0000000704e00000, 0x0000000704e00000|100%| O|  |TAMS 0x0000000704e00000, 0x0000000704e00000| Untracked 
|   5|0x0000000704e00000, 0x0000000705000000, 0x0000000705000000|100%| O|  |TAMS 0x0000000705000000, 0x0000000705000000| Untracked 
|   6|0x0000000705000000, 0x0000000705200000, 0x0000000705200000|100%| O|  |TAMS 0x0000000705200000, 0x0000000705200000| Untracked 
|   7|0x0000000705200000, 0x0000000705400000, 0x0000000705400000|100%| O|  |TAMS 0x0000000705400000, 0x0000000705400000| Untracked 
|   8|0x0000000705400000, 0x0000000705600000, 0x0000000705600000|100%| O|  |TAMS 0x0000000705600000, 0x0000000705600000| Untracked 
|   9|0x0000000705600000, 0x0000000705800000, 0x0000000705800000|100%| O|  |TAMS 0x0000000705800000, 0x0000000705800000| Untracked 
|  10|0x0000000705800000, 0x0000000705a00000, 0x0000000705a00000|100%| O|  |TAMS 0x0000000705a00000, 0x0000000705a00000| Untracked 
|  11|0x0000000705a00000, 0x0000000705c00000, 0x0000000705c00000|100%| O|  |TAMS 0x0000000705c00000, 0x0000000705c00000| Untracked 
|  12|0x0000000705c00000, 0x0000000705cbcc00, 0x0000000705e00000| 36%| O|  |TAMS 0x0000000705cbcc00, 0x0000000705cbcc00| Untracked 
|  13|0x0000000705e00000, 0x0000000706000000, 0x0000000706000000|100%| O|  |TAMS 0x0000000706000000, 0x0000000706000000| Untracked 
|  14|0x0000000706000000, 0x0000000706200000, 0x0000000706200000|100%| O|  |TAMS 0x0000000706200000, 0x0000000706200000| Untracked 
|  15|0x0000000706200000, 0x0000000706400000, 0x0000000706400000|100%| O|  |TAMS 0x0000000706400000, 0x0000000706400000| Untracked 
|  16|0x0000000706400000, 0x0000000706600000, 0x0000000706600000|100%|HS|  |TAMS 0x0000000706400000, 0x0000000706600000| Complete 
|  17|0x0000000706600000, 0x0000000706800000, 0x0000000706800000|100%|HC|  |TAMS 0x0000000706600000, 0x0000000706800000| Complete 
|  18|0x0000000706800000, 0x0000000706a00000, 0x0000000706a00000|100%|HC|  |TAMS 0x0000000706800000, 0x0000000706a00000| Complete 
|  19|0x0000000706a00000, 0x0000000706c00000, 0x0000000706c00000|100%|HS|  |TAMS 0x0000000706a00000, 0x0000000706c00000| Complete 
|  20|0x0000000706c00000, 0x0000000706e00000, 0x0000000706e00000|100%|HC|  |TAMS 0x0000000706c00000, 0x0000000706e00000| Complete 
|  21|0x0000000706e00000, 0x0000000707000000, 0x0000000707000000|100%|HC|  |TAMS 0x0000000706e00000, 0x0000000707000000| Complete 
|  22|0x0000000707000000, 0x0000000707200000, 0x0000000707200000|100%|HC|  |TAMS 0x0000000707000000, 0x0000000707200000| Complete 
|  23|0x0000000707200000, 0x0000000707400000, 0x0000000707400000|100%|HC|  |TAMS 0x0000000707200000, 0x0000000707400000| Complete 
|  24|0x0000000707400000, 0x0000000707600000, 0x0000000707600000|100%|HS|  |TAMS 0x0000000707400000, 0x0000000707600000| Complete 
|  25|0x0000000707600000, 0x0000000707800000, 0x0000000707800000|100%|HC|  |TAMS 0x0000000707600000, 0x0000000707800000| Complete 
|  26|0x0000000707800000, 0x0000000707a00000, 0x0000000707a00000|100%|HC|  |TAMS 0x0000000707800000, 0x0000000707a00000| Complete 
|  27|0x0000000707a00000, 0x0000000707b9b800, 0x0000000707c00000| 80%| O|  |TAMS 0x0000000707a12a00, 0x0000000707b9b800| Untracked 
|  28|0x0000000707c00000, 0x0000000707c00000, 0x0000000707e00000|  0%| F|  |TAMS 0x0000000707c00000, 0x0000000707c00000| Untracked 
|  29|0x0000000707e00000, 0x0000000707e00000, 0x0000000708000000|  0%| F|  |TAMS 0x0000000707e00000, 0x0000000707e00000| Untracked 
|  30|0x0000000708000000, 0x0000000708200000, 0x0000000708200000|100%|HS|  |TAMS 0x0000000708000000, 0x0000000708200000| Complete 
|  31|0x0000000708200000, 0x0000000708400000, 0x0000000708400000|100%|HC|  |TAMS 0x0000000708200000, 0x0000000708400000| Complete 
|  32|0x0000000708400000, 0x0000000708600000, 0x0000000708600000|100%|HS|  |TAMS 0x0000000708400000, 0x0000000708600000| Complete 
|  33|0x0000000708600000, 0x0000000708800000, 0x0000000708800000|100%|HC|  |TAMS 0x0000000708600000, 0x0000000708800000| Complete 
|  34|0x0000000708800000, 0x0000000708800000, 0x0000000708a00000|  0%| F|  |TAMS 0x0000000708800000, 0x0000000708800000| Untracked 
|  35|0x0000000708a00000, 0x0000000708a00000, 0x0000000708c00000|  0%| F|  |TAMS 0x0000000708a00000, 0x0000000708a00000| Untracked 
|  36|0x0000000708c00000, 0x0000000708c00000, 0x0000000708e00000|  0%| F|  |TAMS 0x0000000708c00000, 0x0000000708c00000| Untracked 
|  37|0x0000000708e00000, 0x0000000709000000, 0x0000000709000000|100%|HS|  |TAMS 0x0000000708e00000, 0x0000000709000000| Complete 
|  38|0x0000000709000000, 0x0000000709200000, 0x0000000709200000|100%|HC|  |TAMS 0x0000000709000000, 0x0000000709200000| Complete 
|  39|0x0000000709200000, 0x0000000709400000, 0x0000000709400000|100%|HC|  |TAMS 0x0000000709200000, 0x0000000709400000| Complete 
|  40|0x0000000709400000, 0x0000000709600000, 0x0000000709600000|100%|HC|  |TAMS 0x0000000709400000, 0x0000000709600000| Complete 
|  41|0x0000000709600000, 0x0000000709800000, 0x0000000709800000|100%|HC|  |TAMS 0x0000000709600000, 0x0000000709800000| Complete 
|  42|0x0000000709800000, 0x0000000709800000, 0x0000000709a00000|  0%| F|  |TAMS 0x0000000709800000, 0x0000000709800000| Untracked 
|  43|0x0000000709a00000, 0x0000000709a00000, 0x0000000709c00000|  0%| F|  |TAMS 0x0000000709a00000, 0x0000000709a00000| Untracked 
|  44|0x0000000709c00000, 0x0000000709c00000, 0x0000000709e00000|  0%| F|  |TAMS 0x0000000709c00000, 0x0000000709c00000| Untracked 
|  45|0x0000000709e00000, 0x0000000709e00000, 0x000000070a000000|  0%| F|  |TAMS 0x0000000709e00000, 0x0000000709e00000| Untracked 
|  46|0x000000070a000000, 0x000000070a000000, 0x000000070a200000|  0%| F|  |TAMS 0x000000070a000000, 0x000000070a000000| Untracked 
|  47|0x000000070a200000, 0x000000070a200000, 0x000000070a400000|  0%| F|  |TAMS 0x000000070a200000, 0x000000070a200000| Untracked 
|  48|0x000000070a400000, 0x000000070a400000, 0x000000070a600000|  0%| F|  |TAMS 0x000000070a400000, 0x000000070a400000| Untracked 
|  49|0x000000070a600000, 0x000000070a600000, 0x000000070a800000|  0%| F|  |TAMS 0x000000070a600000, 0x000000070a600000| Untracked 
|  50|0x000000070a800000, 0x000000070a800000, 0x000000070aa00000|  0%| F|  |TAMS 0x000000070a800000, 0x000000070a800000| Untracked 
|  51|0x000000070aa00000, 0x000000070aa00000, 0x000000070ac00000|  0%| F|  |TAMS 0x000000070aa00000, 0x000000070aa00000| Untracked 
|  52|0x000000070ac00000, 0x000000070ac00000, 0x000000070ae00000|  0%| F|  |TAMS 0x000000070ac00000, 0x000000070ac00000| Untracked 
|  53|0x000000070ae00000, 0x000000070ae00000, 0x000000070b000000|  0%| F|  |TAMS 0x000000070ae00000, 0x000000070ae00000| Untracked 
|  54|0x000000070b000000, 0x000000070b000000, 0x000000070b200000|  0%| F|  |TAMS 0x000000070b000000, 0x000000070b000000| Untracked 
|  55|0x000000070b200000, 0x000000070b200000, 0x000000070b400000|  0%| F|  |TAMS 0x000000070b200000, 0x000000070b200000| Untracked 
|  56|0x000000070b400000, 0x000000070b400000, 0x000000070b600000|  0%| F|  |TAMS 0x000000070b400000, 0x000000070b400000| Untracked 
|  57|0x000000070b600000, 0x000000070b600000, 0x000000070b800000|  0%| F|  |TAMS 0x000000070b600000, 0x000000070b600000| Untracked 
|  58|0x000000070b800000, 0x000000070b800000, 0x000000070ba00000|  0%| F|  |TAMS 0x000000070b800000, 0x000000070b800000| Untracked 
|  59|0x000000070ba00000, 0x000000070ba00000, 0x000000070bc00000|  0%| F|  |TAMS 0x000000070ba00000, 0x000000070ba00000| Untracked 
|  60|0x000000070bc00000, 0x000000070bc00000, 0x000000070be00000|  0%| F|  |TAMS 0x000000070bc00000, 0x000000070bc00000| Untracked 
|  61|0x000000070be00000, 0x000000070be00000, 0x000000070c000000|  0%| F|  |TAMS 0x000000070be00000, 0x000000070be00000| Untracked 
|  62|0x000000070c000000, 0x000000070c000000, 0x000000070c200000|  0%| F|  |TAMS 0x000000070c000000, 0x000000070c000000| Untracked 
|  63|0x000000070c200000, 0x000000070c200000, 0x000000070c400000|  0%| F|  |TAMS 0x000000070c200000, 0x000000070c200000| Untracked 
|  64|0x000000070c400000, 0x000000070c400000, 0x000000070c600000|  0%| F|  |TAMS 0x000000070c400000, 0x000000070c400000| Untracked 
|  65|0x000000070c600000, 0x000000070c600000, 0x000000070c800000|  0%| F|  |TAMS 0x000000070c600000, 0x000000070c600000| Untracked 
|  66|0x000000070c800000, 0x000000070c800000, 0x000000070ca00000|  0%| F|  |TAMS 0x000000070c800000, 0x000000070c800000| Untracked 
|  67|0x000000070ca00000, 0x000000070ca00000, 0x000000070cc00000|  0%| F|  |TAMS 0x000000070ca00000, 0x000000070ca00000| Untracked 
|  68|0x000000070cc00000, 0x000000070cc00000, 0x000000070ce00000|  0%| F|  |TAMS 0x000000070cc00000, 0x000000070cc00000| Untracked 
|  69|0x000000070ce00000, 0x000000070ce00000, 0x000000070d000000|  0%| F|  |TAMS 0x000000070ce00000, 0x000000070ce00000| Untracked 
|  70|0x000000070d000000, 0x000000070d000000, 0x000000070d200000|  0%| F|  |TAMS 0x000000070d000000, 0x000000070d000000| Untracked 
|  71|0x000000070d200000, 0x000000070d200000, 0x000000070d400000|  0%| F|  |TAMS 0x000000070d200000, 0x000000070d200000| Untracked 
|  72|0x000000070d400000, 0x000000070d400000, 0x000000070d600000|  0%| F|  |TAMS 0x000000070d400000, 0x000000070d400000| Untracked 
|  73|0x000000070d600000, 0x000000070d600000, 0x000000070d800000|  0%| F|  |TAMS 0x000000070d600000, 0x000000070d600000| Untracked 
|  74|0x000000070d800000, 0x000000070d800000, 0x000000070da00000|  0%| F|  |TAMS 0x000000070d800000, 0x000000070d800000| Untracked 
|  75|0x000000070da00000, 0x000000070da00000, 0x000000070dc00000|  0%| F|  |TAMS 0x000000070da00000, 0x000000070da00000| Untracked 
|  76|0x000000070dc00000, 0x000000070dc00000, 0x000000070de00000|  0%| F|  |TAMS 0x000000070dc00000, 0x000000070dc00000| Untracked 
|  77|0x000000070de00000, 0x000000070de00000, 0x000000070e000000|  0%| F|  |TAMS 0x000000070de00000, 0x000000070de00000| Untracked 
|  78|0x000000070e000000, 0x000000070e000000, 0x000000070e200000|  0%| F|  |TAMS 0x000000070e000000, 0x000000070e000000| Untracked 
|  79|0x000000070e200000, 0x000000070e200000, 0x000000070e400000|  0%| F|  |TAMS 0x000000070e200000, 0x000000070e200000| Untracked 
|  80|0x000000070e400000, 0x000000070e400000, 0x000000070e600000|  0%| F|  |TAMS 0x000000070e400000, 0x000000070e400000| Untracked 
|  81|0x000000070e600000, 0x000000070e600000, 0x000000070e800000|  0%| F|  |TAMS 0x000000070e600000, 0x000000070e600000| Untracked 
|  82|0x000000070e800000, 0x000000070e800000, 0x000000070ea00000|  0%| F|  |TAMS 0x000000070e800000, 0x000000070e800000| Untracked 
|  83|0x000000070ea00000, 0x000000070ea00000, 0x000000070ec00000|  0%| F|  |TAMS 0x000000070ea00000, 0x000000070ea00000| Untracked 
|  84|0x000000070ec00000, 0x000000070ecc8df8, 0x000000070ee00000| 39%| S|CS|TAMS 0x000000070ec00000, 0x000000070ec00000| Complete 
|  85|0x000000070ee00000, 0x000000070f000000, 0x000000070f000000|100%| S|CS|TAMS 0x000000070ee00000, 0x000000070ee00000| Complete 
|  86|0x000000070f000000, 0x000000070f000000, 0x000000070f200000|  0%| F|  |TAMS 0x000000070f000000, 0x000000070f000000| Untracked 
|  87|0x000000070f200000, 0x000000070f200000, 0x000000070f400000|  0%| F|  |TAMS 0x000000070f200000, 0x000000070f200000| Untracked 
|  88|0x000000070f400000, 0x000000070f400000, 0x000000070f600000|  0%| F|  |TAMS 0x000000070f400000, 0x000000070f400000| Untracked 
|  89|0x000000070f600000, 0x000000070f600000, 0x000000070f800000|  0%| F|  |TAMS 0x000000070f600000, 0x000000070f600000| Untracked 
|  90|0x000000070f800000, 0x000000070f800000, 0x000000070fa00000|  0%| F|  |TAMS 0x000000070f800000, 0x000000070f800000| Untracked 
|  91|0x000000070fa00000, 0x000000070fa00000, 0x000000070fc00000|  0%| F|  |TAMS 0x000000070fa00000, 0x000000070fa00000| Untracked 
|  92|0x000000070fc00000, 0x000000070fc00000, 0x000000070fe00000|  0%| F|  |TAMS 0x000000070fc00000, 0x000000070fc00000| Untracked 
|  93|0x000000070fe00000, 0x000000070fe00000, 0x0000000710000000|  0%| F|  |TAMS 0x000000070fe00000, 0x000000070fe00000| Untracked 
|  94|0x0000000710000000, 0x0000000710000000, 0x0000000710200000|  0%| F|  |TAMS 0x0000000710000000, 0x0000000710000000| Untracked 
|  95|0x0000000710200000, 0x0000000710200000, 0x0000000710400000|  0%| F|  |TAMS 0x0000000710200000, 0x0000000710200000| Untracked 
|  96|0x0000000710400000, 0x0000000710400000, 0x0000000710600000|  0%| F|  |TAMS 0x0000000710400000, 0x0000000710400000| Untracked 
|  97|0x0000000710600000, 0x0000000710600000, 0x0000000710800000|  0%| F|  |TAMS 0x0000000710600000, 0x0000000710600000| Untracked 
|  98|0x0000000710800000, 0x0000000710800000, 0x0000000710a00000|  0%| F|  |TAMS 0x0000000710800000, 0x0000000710800000| Untracked 
|  99|0x0000000710a00000, 0x0000000710a00000, 0x0000000710c00000|  0%| F|  |TAMS 0x0000000710a00000, 0x0000000710a00000| Untracked 
| 100|0x0000000710c00000, 0x0000000710c00000, 0x0000000710e00000|  0%| F|  |TAMS 0x0000000710c00000, 0x0000000710c00000| Untracked 
| 101|0x0000000710e00000, 0x0000000710e00000, 0x0000000711000000|  0%| F|  |TAMS 0x0000000710e00000, 0x0000000710e00000| Untracked 
| 102|0x0000000711000000, 0x0000000711000000, 0x0000000711200000|  0%| F|  |TAMS 0x0000000711000000, 0x0000000711000000| Untracked 
| 103|0x0000000711200000, 0x0000000711200000, 0x0000000711400000|  0%| F|  |TAMS 0x0000000711200000, 0x0000000711200000| Untracked 
| 104|0x0000000711400000, 0x0000000711400000, 0x0000000711600000|  0%| F|  |TAMS 0x0000000711400000, 0x0000000711400000| Untracked 
| 105|0x0000000711600000, 0x0000000711600000, 0x0000000711800000|  0%| F|  |TAMS 0x0000000711600000, 0x0000000711600000| Untracked 
| 106|0x0000000711800000, 0x0000000711800000, 0x0000000711a00000|  0%| F|  |TAMS 0x0000000711800000, 0x0000000711800000| Untracked 
| 107|0x0000000711a00000, 0x0000000711a00000, 0x0000000711c00000|  0%| F|  |TAMS 0x0000000711a00000, 0x0000000711a00000| Untracked 
| 108|0x0000000711c00000, 0x0000000711c00000, 0x0000000711e00000|  0%| F|  |TAMS 0x0000000711c00000, 0x0000000711c00000| Untracked 
| 109|0x0000000711e00000, 0x0000000711e00000, 0x0000000712000000|  0%| F|  |TAMS 0x0000000711e00000, 0x0000000711e00000| Untracked 
| 110|0x0000000712000000, 0x0000000712000000, 0x0000000712200000|  0%| F|  |TAMS 0x0000000712000000, 0x0000000712000000| Untracked 
| 111|0x0000000712200000, 0x0000000712200000, 0x0000000712400000|  0%| F|  |TAMS 0x0000000712200000, 0x0000000712200000| Untracked 
| 112|0x0000000712400000, 0x0000000712400000, 0x0000000712600000|  0%| F|  |TAMS 0x0000000712400000, 0x0000000712400000| Untracked 
| 113|0x0000000712600000, 0x0000000712600000, 0x0000000712800000|  0%| F|  |TAMS 0x0000000712600000, 0x0000000712600000| Untracked 
| 114|0x0000000712800000, 0x0000000712800000, 0x0000000712a00000|  0%| F|  |TAMS 0x0000000712800000, 0x0000000712800000| Untracked 
| 115|0x0000000712a00000, 0x0000000712a00000, 0x0000000712c00000|  0%| F|  |TAMS 0x0000000712a00000, 0x0000000712a00000| Untracked 
| 116|0x0000000712c00000, 0x0000000712c00000, 0x0000000712e00000|  0%| F|  |TAMS 0x0000000712c00000, 0x0000000712c00000| Untracked 
| 117|0x0000000712e00000, 0x0000000712e00000, 0x0000000713000000|  0%| F|  |TAMS 0x0000000712e00000, 0x0000000712e00000| Untracked 
| 118|0x0000000713000000, 0x0000000713000000, 0x0000000713200000|  0%| F|  |TAMS 0x0000000713000000, 0x0000000713000000| Untracked 
| 119|0x0000000713200000, 0x0000000713200000, 0x0000000713400000|  0%| F|  |TAMS 0x0000000713200000, 0x0000000713200000| Untracked 
| 120|0x0000000713400000, 0x0000000713400000, 0x0000000713600000|  0%| F|  |TAMS 0x0000000713400000, 0x0000000713400000| Untracked 
| 121|0x0000000713600000, 0x0000000713600000, 0x0000000713800000|  0%| F|  |TAMS 0x0000000713600000, 0x0000000713600000| Untracked 
| 122|0x0000000713800000, 0x0000000713800000, 0x0000000713a00000|  0%| F|  |TAMS 0x0000000713800000, 0x0000000713800000| Untracked 
| 123|0x0000000713a00000, 0x0000000713a00000, 0x0000000713c00000|  0%| F|  |TAMS 0x0000000713a00000, 0x0000000713a00000| Untracked 
| 124|0x0000000713c00000, 0x0000000713c00000, 0x0000000713e00000|  0%| F|  |TAMS 0x0000000713c00000, 0x0000000713c00000| Untracked 
| 125|0x0000000713e00000, 0x0000000713e00000, 0x0000000714000000|  0%| F|  |TAMS 0x0000000713e00000, 0x0000000713e00000| Untracked 

Card table byte_map: [0x0000026a29a20000,0x0000026a2a200000] _byte_map_base: 0x0000026a261fe000

Marking Bits (Prev, Next): (CMBitMap*) 0x0000026a1e3afd10, (CMBitMap*) 0x0000026a1e3afd50
 Prev Bits: [0x0000026a2a9e0000, 0x0000026a2e8d0000)
 Next Bits: [0x0000026a2e8d0000, 0x0000026a327c0000)

Polling page: 0x0000026a1c2d0000

Metaspace:

Usage:
  Non-class:     55.98 MB used.
      Class:      8.63 MB used.
       Both:     64.61 MB used.

Virtual space:
  Non-class space:       64.00 MB reserved,      56.31 MB ( 88%) committed,  1 nodes.
      Class space:        1.00 GB reserved,       8.88 MB ( <1%) committed,  1 nodes.
             Both:        1.06 GB reserved,      65.19 MB (  6%) committed. 

Chunk freelists:
   Non-Class:  6.84 MB
       Class:  7.16 MB
        Both:  14.00 MB

MaxMetaspaceSize: unlimited
CompressedClassSpaceSize: 1.00 GB
Initial GC threshold: 21.00 MB
Current GC threshold: 108.56 MB
CDS: on
MetaspaceReclaimPolicy: balanced
 - commit_granule_bytes: 65536.
 - commit_granule_words: 8192.
 - virtual_space_node_default_size: 8388608.
 - enlarge_chunks_in_place: 1.
 - new_chunks_are_fully_committed: 0.
 - uncommit_free_chunks: 1.
 - use_allocation_guard: 0.
 - handle_deallocations: 1.


Internal statistics:

num_allocs_failed_limit: 9.
num_arena_births: 824.
num_arena_deaths: 0.
num_vsnodes_births: 2.
num_vsnodes_deaths: 0.
num_space_committed: 1043.
num_space_uncommitted: 0.
num_chunks_returned_to_freelist: 9.
num_chunks_taken_from_freelist: 3092.
num_chunk_merges: 6.
num_chunk_splits: 2201.
num_chunks_enlarged: 1676.
num_inconsistent_stats: 0.

CodeCache: size=49152Kb used=12856Kb max_used=13808Kb free=36295Kb
 bounds [0x0000026a25bd0000, 0x0000026a26980000, 0x0000026a28bd0000]
 total_blobs=7434 nmethods=6730 adapters=630
 compilation: enabled
              stopped_count=0, restarted_count=0
 full_count=0

Compilation events (20 events):
Event: 56.542 Thread 0x0000026a7d52e3f0 nmethod 6720 0x0000026a2622c410 code [0x0000026a2622c5e0, 0x0000026a2622c878]
Event: 56.542 Thread 0x0000026a7d52e3f0 6724       1       com.sun.crypto.provider.AESCrypt::init (130 bytes)
Event: 56.542 Thread 0x0000026a350b95d0 nmethod 6722 0x0000026a2622be10 code [0x0000026a2622bfe0, 0x0000026a2622c2d8]
Event: 56.542 Thread 0x0000026a350b95d0 6725       1       javax.crypto.Cipher::updateAAD (24 bytes)
Event: 56.542 Thread 0x0000026a350b95d0 nmethod 6725 0x0000026a2622ba10 code [0x0000026a2622bbc0, 0x0000026a2622bd58]
Event: 56.542 Thread 0x0000026a350b95d0 6726       1       com.sun.crypto.provider.GCTR::doFinal (155 bytes)
Event: 56.542 Thread 0x0000026a7d52e3f0 nmethod 6724 0x0000026a2622ab90 code [0x0000026a2622ae00, 0x0000026a2622b5e8]
Event: 56.542 Thread 0x0000026a7d52e3f0 6727       1       com.sun.crypto.provider.GHASH::digest (50 bytes)
Event: 56.543 Thread 0x0000026a7d52e3f0 nmethod 6727 0x0000026a2622a510 code [0x0000026a2622a6c0, 0x0000026a2622a958]
Event: 56.543 Thread 0x0000026a7d52e3f0 6729       1       sun.security.ssl.Authenticator$SSLAuthenticator::seqNumIsHuge (54 bytes)
Event: 56.543 Thread 0x0000026a350b95d0 nmethod 6726 0x0000026a26229390 code [0x0000026a26229620, 0x0000026a2622a028]
Event: 56.543 Thread 0x0000026a350b95d0 6728       1       com.sun.crypto.provider.GaloisCounterMode$GCMEngine::overlapDetection (289 bytes)
Event: 56.543 Thread 0x0000026a7d52e3f0 nmethod 6729 0x0000026a26228f90 code [0x0000026a26229120, 0x0000026a262292b8]
Event: 56.543 Thread 0x0000026a7d52e3f0 6730       1       java.util.regex.Pattern$Node::match (27 bytes)
Event: 56.543 Thread 0x0000026a7d52e3f0 nmethod 6730 0x0000026a26228c10 code [0x0000026a26228da0, 0x0000026a26228e98]
Event: 56.543 Thread 0x0000026a7d52e3f0 6723       1       java.lang.Thread::getThreadGroup (5 bytes)
Event: 56.543 Thread 0x0000026a7d52e3f0 nmethod 6723 0x0000026a26228910 code [0x0000026a26228aa0, 0x0000026a26228b78]
Event: 56.544 Thread 0x0000026a350b95d0 nmethod 6728 0x0000026a26226b90 code [0x0000026a26226f60, 0x0000026a26228088]
Event: 56.546 Thread 0x0000026a7d52e3f0 6731       1       java.util.HashMap$HashMapSpliterator::<init> (32 bytes)
Event: 56.546 Thread 0x0000026a7d52e3f0 nmethod 6731 0x0000026a26226810 code [0x0000026a262269a0, 0x0000026a26226ad8]

GC Heap History (20 events):
Event: 2.684 GC heap after
{Heap after GC invocations=12 (full 0):
 garbage-first heap   total 81920K, used 25810K [0x0000000704400000, 0x0000000800000000)
  region size 2048K, 2 young (4096K), 2 survivors (4096K)
 Metaspace       used 47023K, committed 47552K, reserved 1114112K
  class space    used 6294K, committed 6528K, reserved 1048576K
}
Event: 2.997 GC heap before
{Heap before GC invocations=12 (full 0):
 garbage-first heap   total 81920K, used 60626K [0x0000000704400000, 0x0000000800000000)
  region size 2048K, 20 young (40960K), 2 survivors (4096K)
 Metaspace       used 52030K, committed 52544K, reserved 1114112K
  class space    used 7005K, committed 7232K, reserved 1048576K
}
Event: 3.000 GC heap after
{Heap after GC invocations=13 (full 0):
 garbage-first heap   total 81920K, used 29432K [0x0000000704400000, 0x0000000800000000)
  region size 2048K, 2 young (4096K), 2 survivors (4096K)
 Metaspace       used 52030K, committed 52544K, reserved 1114112K
  class space    used 7005K, committed 7232K, reserved 1048576K
}
Event: 3.199 GC heap before
{Heap before GC invocations=13 (full 0):
 garbage-first heap   total 81920K, used 62200K [0x0000000704400000, 0x0000000800000000)
  region size 2048K, 18 young (36864K), 2 survivors (4096K)
 Metaspace       used 55793K, committed 56256K, reserved 1114112K
  class space    used 7505K, committed 7744K, reserved 1048576K
}
Event: 3.202 GC heap after
{Heap after GC invocations=14 (full 0):
 garbage-first heap   total 81920K, used 32049K [0x0000000704400000, 0x0000000800000000)
  region size 2048K, 2 young (4096K), 2 survivors (4096K)
 Metaspace       used 55793K, committed 56256K, reserved 1114112K
  class space    used 7505K, committed 7744K, reserved 1048576K
}
Event: 26.414 GC heap before
{Heap before GC invocations=14 (full 0):
 garbage-first heap   total 81920K, used 48433K [0x0000000704400000, 0x0000000800000000)
  region size 2048K, 12 young (24576K), 2 survivors (4096K)
 Metaspace       used 59875K, committed 60480K, reserved 1114112K
  class space    used 8002K, committed 8320K, reserved 1048576K
}
Event: 26.421 GC heap after
{Heap after GC invocations=15 (full 0):
 garbage-first heap   total 163840K, used 33395K [0x0000000704400000, 0x0000000800000000)
  region size 2048K, 2 young (4096K), 2 survivors (4096K)
 Metaspace       used 59875K, committed 60480K, reserved 1114112K
  class space    used 8002K, committed 8320K, reserved 1048576K
}
Event: 36.708 GC heap before
{Heap before GC invocations=16 (full 0):
 garbage-first heap   total 122880K, used 84595K [0x0000000704400000, 0x0000000800000000)
  region size 2048K, 17 young (34816K), 2 survivors (4096K)
 Metaspace       used 66080K, committed 66624K, reserved 1114112K
  class space    used 8822K, committed 9088K, reserved 1048576K
}
Event: 36.712 GC heap after
{Heap after GC invocations=17 (full 0):
 garbage-first heap   total 122880K, used 52237K [0x0000000704400000, 0x0000000800000000)
  region size 2048K, 4 young (8192K), 4 survivors (8192K)
 Metaspace       used 66080K, committed 66624K, reserved 1114112K
  class space    used 8822K, committed 9088K, reserved 1048576K
}
Event: 36.713 GC heap before
{Heap before GC invocations=17 (full 0):
 garbage-first heap   total 122880K, used 58381K [0x0000000704400000, 0x0000000800000000)
  region size 2048K, 4 young (8192K), 4 survivors (8192K)
 Metaspace       used 66080K, committed 66624K, reserved 1114112K
  class space    used 8822K, committed 9088K, reserved 1048576K
}
Event: 36.715 GC heap after
{Heap after GC invocations=18 (full 0):
 garbage-first heap   total 122880K, used 54335K [0x0000000704400000, 0x0000000800000000)
  region size 2048K, 3 young (6144K), 3 survivors (6144K)
 Metaspace       used 66080K, committed 66624K, reserved 1114112K
  class space    used 8822K, committed 9088K, reserved 1048576K
}
Event: 36.739 GC heap before
{Heap before GC invocations=18 (full 0):
 garbage-first heap   total 122880K, used 72767K [0x0000000704400000, 0x0000000800000000)
  region size 2048K, 3 young (6144K), 3 survivors (6144K)
 Metaspace       used 66080K, committed 66624K, reserved 1114112K
  class space    used 8822K, committed 9088K, reserved 1048576K
}
Event: 36.741 GC heap after
{Heap after GC invocations=19 (full 0):
 garbage-first heap   total 122880K, used 60661K [0x0000000704400000, 0x0000000800000000)
  region size 2048K, 2 young (4096K), 2 survivors (4096K)
 Metaspace       used 66080K, committed 66624K, reserved 1114112K
  class space    used 8822K, committed 9088K, reserved 1048576K
}
Event: 56.551 GC heap before
{Heap before GC invocations=20 (full 0):
 garbage-first heap   total 178176K, used 105717K [0x0000000704400000, 0x0000000800000000)
  region size 2048K, 6 young (12288K), 2 survivors (4096K)
 Metaspace       used 66159K, committed 66752K, reserved 1114112K
  class space    used 8841K, committed 9088K, reserved 1048576K
}
Event: 56.553 GC heap after
{Heap after GC invocations=21 (full 0):
 garbage-first heap   total 178176K, used 58669K [0x0000000704400000, 0x0000000800000000)
  region size 2048K, 3 young (6144K), 3 survivors (6144K)
 Metaspace       used 66159K, committed 66752K, reserved 1114112K
  class space    used 8841K, committed 9088K, reserved 1048576K
}
Event: 56.566 GC heap before
{Heap before GC invocations=21 (full 0):
 garbage-first heap   total 178176K, used 83245K [0x0000000704400000, 0x0000000800000000)
  region size 2048K, 4 young (8192K), 3 survivors (6144K)
 Metaspace       used 66159K, committed 66752K, reserved 1114112K
  class space    used 8841K, committed 9088K, reserved 1048576K
}
Event: 56.568 GC heap after
{Heap after GC invocations=22 (full 0):
 garbage-first heap   total 178176K, used 72998K [0x0000000704400000, 0x0000000800000000)
  region size 2048K, 2 young (4096K), 2 survivors (4096K)
 Metaspace       used 66159K, committed 66752K, reserved 1114112K
  class space    used 8841K, committed 9088K, reserved 1048576K
}
Event: 56.572 GC heap before
{Heap before GC invocations=22 (full 0):
 garbage-first heap   total 178176K, used 79142K [0x0000000704400000, 0x0000000800000000)
  region size 2048K, 2 young (4096K), 2 survivors (4096K)
 Metaspace       used 66159K, committed 66752K, reserved 1114112K
  class space    used 8841K, committed 9088K, reserved 1048576K
}
Event: 56.573 GC heap after
{Heap after GC invocations=23 (full 0):
 garbage-first heap   total 178176K, used 75004K [0x0000000704400000, 0x0000000800000000)
  region size 2048K, 2 young (4096K), 2 survivors (4096K)
 Metaspace       used 66159K, committed 66752K, reserved 1114112K
  class space    used 8841K, committed 9088K, reserved 1048576K
}
Event: 56.578 GC heap before
{Heap before GC invocations=23 (full 0):
 garbage-first heap   total 178176K, used 81148K [0x0000000704400000, 0x0000000800000000)
  region size 2048K, 2 young (4096K), 2 survivors (4096K)
 Metaspace       used 66159K, committed 66752K, reserved 1114112K
  class space    used 8841K, committed 9088K, reserved 1048576K
}

Deoptimization events (16 events):
Event: 0.896 Thread 0x0000026a1e344530 DEOPT PACKING pc=0x0000026a2618d3f9 sp=0x000000b2245fd7f0
Event: 0.896 Thread 0x0000026a1e344530 DEOPT UNPACKING pc=0x0000026a25c266e3 sp=0x000000b2245fccd0 mode 3
Event: 0.978 Thread 0x0000026a1e344530 DEOPT PACKING pc=0x0000026a261d2dd5 sp=0x000000b2245fde10
Event: 0.978 Thread 0x0000026a1e344530 DEOPT UNPACKING pc=0x0000026a25c266e3 sp=0x000000b2245fd2b8 mode 3
Event: 1.579 Thread 0x0000026a1e344530 DEOPT PACKING pc=0x0000026a2654ab79 sp=0x000000b2245fd2d0
Event: 1.579 Thread 0x0000026a1e344530 DEOPT UNPACKING pc=0x0000026a25c266e3 sp=0x000000b2245fc7b0 mode 3
Event: 1.919 Thread 0x0000026a1e344530 DEOPT PACKING pc=0x0000026a265a2e25 sp=0x000000b2245fc950
Event: 1.919 Thread 0x0000026a1e344530 DEOPT UNPACKING pc=0x0000026a25c266e3 sp=0x000000b2245fbeb8 mode 3
Event: 1.934 Thread 0x0000026a1e344530 DEOPT PACKING pc=0x0000026a2619fd89 sp=0x000000b2245fecd0
Event: 1.934 Thread 0x0000026a1e344530 DEOPT UNPACKING pc=0x0000026a25c266e3 sp=0x000000b2245fe160 mode 3
Event: 1.934 Thread 0x0000026a7c87da80 DEOPT PACKING pc=0x0000026a2616691f sp=0x000000b226fff210
Event: 1.934 Thread 0x0000026a7c87da80 DEOPT UNPACKING pc=0x0000026a25c266e3 sp=0x000000b226ffe668 mode 3
Event: 2.317 Thread 0x0000026a1e344530 DEOPT PACKING pc=0x0000026a26200552 sp=0x000000b2245fcb90
Event: 2.317 Thread 0x0000026a1e344530 DEOPT UNPACKING pc=0x0000026a25c266e3 sp=0x000000b2245fc098 mode 3
Event: 2.317 Thread 0x0000026a1e344530 DEOPT PACKING pc=0x0000026a261c3855 sp=0x000000b2245fcb50
Event: 2.317 Thread 0x0000026a1e344530 DEOPT UNPACKING pc=0x0000026a25c266e3 sp=0x000000b2245fc098 mode 3

Classes unloaded (0 events):
No events

Classes redefined (0 events):
No events

Internal exceptions (20 events):
Event: 36.687 Thread 0x0000026a7cf60c90 Exception <a 'java/lang/NoSuchMethodError'{0x000000070a544f58}: 'void java.lang.invoke.DirectMethodHandle$Holder.invokeStatic(java.lang.Object, long, java.lang.Object)'> (0x000000070a544f58) 
thrown [s\open\src\hotspot\share\interpreter\linkResolver.cpp, line 759]
Event: 36.687 Thread 0x0000026a7cf5cfd0 Exception <a 'java/lang/NoSuchMethodError'{0x000000070a555a38}: 'void java.lang.invoke.DirectMethodHandle$Holder.invokeStatic(java.lang.Object, long, java.lang.Object)'> (0x000000070a555a38) 
thrown [s\open\src\hotspot\share\interpreter\linkResolver.cpp, line 759]
Event: 36.687 Thread 0x0000026a7cf63510 Exception <a 'java/lang/NoSuchMethodError'{0x000000070a5968c8}: 'void java.lang.invoke.DirectMethodHandle$Holder.invokeStatic(java.lang.Object, long, java.lang.Object)'> (0x000000070a5968c8) 
thrown [s\open\src\hotspot\share\interpreter\linkResolver.cpp, line 759]
Event: 36.687 Thread 0x0000026a7cf5df00 Exception <a 'java/lang/NoSuchMethodError'{0x000000070a578378}: 'void java.lang.invoke.DirectMethodHandle$Holder.invokeStatic(java.lang.Object, long, java.lang.Object)'> (0x000000070a578378) 
thrown [s\open\src\hotspot\share\interpreter\linkResolver.cpp, line 759]
Event: 36.688 Thread 0x0000026a7cf60c90 Exception <a 'java/lang/NoSuchMethodError'{0x000000070a5b8590}: 'java.lang.Object java.lang.invoke.DirectMethodHandle$Holder.newInvokeSpecial(java.lang.Object, long)'> (0x000000070a5b8590) 
thrown [s\open\src\hotspot\share\interpreter\linkResolver.cpp, line 759]
Event: 36.688 Thread 0x0000026a7cf5cfd0 Exception <a 'java/lang/NoSuchMethodError'{0x000000070a55be18}: 'java.lang.Object java.lang.invoke.DirectMethodHandle$Holder.newInvokeSpecial(java.lang.Object, long)'> (0x000000070a55be18) 
thrown [s\open\src\hotspot\share\interpreter\linkResolver.cpp, line 759]
Event: 36.688 Thread 0x0000026a7cf63510 Exception <a 'java/lang/NoSuchMethodError'{0x000000070a59caa8}: 'java.lang.Object java.lang.invoke.DirectMethodHandle$Holder.newInvokeSpecial(java.lang.Object, long)'> (0x000000070a59caa8) 
thrown [s\open\src\hotspot\share\interpreter\linkResolver.cpp, line 759]
Event: 36.688 Thread 0x0000026a7cf5df00 Exception <a 'java/lang/NoSuchMethodError'{0x000000070a57e558}: 'java.lang.Object java.lang.invoke.DirectMethodHandle$Holder.newInvokeSpecial(java.lang.Object, long)'> (0x000000070a57e558) 
thrown [s\open\src\hotspot\share\interpreter\linkResolver.cpp, line 759]
Event: 48.712 Thread 0x0000026a7d639830 Exception <a 'sun/net/ConnectionResetException'{0x0000000713ef96c0}: Connection reset> (0x0000000713ef96c0) 
thrown [s\open\src\hotspot\share\prims\jni.cpp, line 535]
Event: 48.714 Thread 0x0000026a7cf63000 Exception <a 'java/net/SocketException'{0x0000000713eacbb0}: Connection reset by peer: shutdown> (0x0000000713eacbb0) 
thrown [s\open\src\hotspot\share\prims\jni.cpp, line 535]
Event: 48.714 Thread 0x0000026a7cf5e410 Exception <a 'java/net/SocketException'{0x0000000713e7efc0}: Connection reset by peer: shutdown> (0x0000000713e7efc0) 
thrown [s\open\src\hotspot\share\prims\jni.cpp, line 535]
Event: 48.714 Thread 0x0000026a7d636590 Exception <a 'java/net/SocketException'{0x0000000713eee540}: Connection reset by peer: shutdown> (0x0000000713eee540) 
thrown [s\open\src\hotspot\share\prims\jni.cpp, line 535]
Event: 48.720 Thread 0x0000026a7cf60c90 Exception <a 'java/lang/reflect/InvocationTargetException'{0x0000000713fa1d00}> (0x0000000713fa1d00) 
thrown [s\open\src\hotspot\share\runtime\reflection.cpp, line 1121]
Event: 48.720 Thread 0x0000026a7cf63510 Exception <a 'java/lang/reflect/InvocationTargetException'{0x0000000713fd32e0}> (0x0000000713fd32e0) 
thrown [s\open\src\hotspot\share\runtime\reflection.cpp, line 1121]
Event: 48.720 Thread 0x0000026a7cf5df00 Exception <a 'java/lang/reflect/InvocationTargetException'{0x0000000713fbca30}> (0x0000000713fbca30) 
thrown [s\open\src\hotspot\share\runtime\reflection.cpp, line 1121]
Event: 48.720 Thread 0x0000026a7cf5cfd0 Exception <a 'java/lang/reflect/InvocationTargetException'{0x0000000713fc7ea8}> (0x0000000713fc7ea8) 
thrown [s\open\src\hotspot\share\runtime\reflection.cpp, line 1121]
Event: 48.722 Thread 0x0000026a7cf5cfd0 Exception <a 'java/lang/reflect/InvocationTargetException'{0x0000000713fd0d90}> (0x0000000713fd0d90) 
thrown [s\open\src\hotspot\share\runtime\reflection.cpp, line 1121]
Event: 48.722 Thread 0x0000026a7cf63510 Exception <a 'java/lang/reflect/InvocationTargetException'{0x0000000713fdc270}> (0x0000000713fdc270) 
thrown [s\open\src\hotspot\share\runtime\reflection.cpp, line 1121]
Event: 48.722 Thread 0x0000026a7cf60c90 Exception <a 'java/lang/reflect/InvocationTargetException'{0x0000000713fe8238}> (0x0000000713fe8238) 
thrown [s\open\src\hotspot\share\runtime\reflection.cpp, line 1121]
Event: 48.722 Thread 0x0000026a7cf5df00 Exception <a 'java/lang/reflect/InvocationTargetException'{0x0000000713fef278}> (0x0000000713fef278) 
thrown [s\open\src\hotspot\share\runtime\reflection.cpp, line 1121]

VM Operations (20 events):
Event: 36.715 Executing VM operation: G1TryInitiateConcMark done
Event: 36.738 Executing VM operation: G1TryInitiateConcMark
Event: 36.741 Executing VM operation: G1TryInitiateConcMark done
Event: 36.757 Executing VM operation: G1Concurrent
Event: 36.762 Executing VM operation: G1Concurrent done
Event: 36.770 Executing VM operation: G1Concurrent
Event: 36.770 Executing VM operation: G1Concurrent done
Event: 37.771 Executing VM operation: Cleanup
Event: 37.772 Executing VM operation: Cleanup done
Event: 46.853 Executing VM operation: Cleanup
Event: 46.853 Executing VM operation: Cleanup done
Event: 48.869 Executing VM operation: Cleanup
Event: 48.869 Executing VM operation: Cleanup done
Event: 56.551 Executing VM operation: G1TryInitiateConcMark
Event: 56.553 Executing VM operation: G1TryInitiateConcMark done
Event: 56.565 Executing VM operation: G1TryInitiateConcMark
Event: 56.568 Executing VM operation: G1TryInitiateConcMark done
Event: 56.572 Executing VM operation: G1TryInitiateConcMark
Event: 56.573 Executing VM operation: G1TryInitiateConcMark done
Event: 56.578 Executing VM operation: G1TryInitiateConcMark

Events (20 events):
Event: 36.677 Thread 0x0000026a7cf60270 Thread added: 0x0000026a7cf60270
Event: 36.691 loading class java/util/concurrent/CompletableFuture$AsyncSupply
Event: 36.691 loading class java/util/concurrent/CompletableFuture$AsyncSupply done
Event: 36.691 Thread 0x0000026a7cf625e0 Thread added: 0x0000026a7cf625e0
Event: 36.691 Thread 0x0000026a7cf62af0 Thread added: 0x0000026a7cf62af0
Event: 36.691 Thread 0x0000026a7d636080 Thread added: 0x0000026a7d636080
Event: 36.691 Thread 0x0000026a7d6379d0 Thread added: 0x0000026a7d6379d0
Event: 36.755 loading class java/io/SequenceInputStream
Event: 36.755 loading class java/io/SequenceInputStream done
Event: 36.767 Thread 0x0000026a7d52e3f0 Thread added: 0x0000026a7d52e3f0
Event: 36.768 Thread 0x0000026a7d636590 Thread added: 0x0000026a7d636590
Event: 36.768 Thread 0x0000026a7d639830 Thread added: 0x0000026a7d639830
Event: 41.685 Thread 0x0000026a7cf60270 Thread exited: 0x0000026a7cf60270
Event: 41.777 Thread 0x0000026a7d52e3f0 Thread exited: 0x0000026a7d52e3f0
Event: 41.777 Thread 0x0000026a7d658750 Thread exited: 0x0000026a7d658750
Event: 46.231 Thread 0x0000026a35969080 Thread exited: 0x0000026a35969080
Event: 48.712 loading class sun/net/ConnectionResetException
Event: 48.712 loading class sun/net/ConnectionResetException done
Event: 56.488 Thread 0x0000026a7d52e3f0 Thread added: 0x0000026a7d52e3f0
Event: 56.542 Thread 0x0000026a7d639d40 Thread added: 0x0000026a7d639d40


Dynamic libraries:
0x00007ff7b0d40000 - 0x00007ff7b0d50000 	D:\Java\jdk-17.0.9\bin\java.exe
0x00007ffa3ec30000 - 0x00007ffa3ee28000 	C:\Windows\SYSTEM32\ntdll.dll
0x00007ffa3cdd0000 - 0x00007ffa3ce92000 	C:\Windows\System32\KERNEL32.DLL
0x00007ffa3c8a0000 - 0x00007ffa3cb96000 	C:\Windows\System32\KERNELBASE.dll
0x00007ffa3c3e0000 - 0x00007ffa3c4e0000 	C:\Windows\System32\ucrtbase.dll
0x00007ffa14fe0000 - 0x00007ffa14ff9000 	D:\Java\jdk-17.0.9\bin\jli.dll
0x00007ffa14100000 - 0x00007ffa1411b000 	D:\Java\jdk-17.0.9\bin\VCRUNTIME140.dll
0x00007ffa3e470000 - 0x00007ffa3e521000 	C:\Windows\System32\ADVAPI32.dll
0x00007ffa3e030000 - 0x00007ffa3e0ce000 	C:\Windows\System32\msvcrt.dll
0x00007ffa3da60000 - 0x00007ffa3daff000 	C:\Windows\System32\sechost.dll
0x00007ffa3ead0000 - 0x00007ffa3ebf0000 	C:\Windows\System32\RPCRT4.dll
0x00007ffa3cba0000 - 0x00007ffa3cbc7000 	C:\Windows\System32\bcrypt.dll
0x00007ffa3d8b0000 - 0x00007ffa3da51000 	C:\Windows\System32\USER32.dll
0x00007ffa3cc20000 - 0x00007ffa3cc42000 	C:\Windows\System32\win32u.dll
0x00007ffa21d90000 - 0x00007ffa2202b000 	C:\Windows\WinSxS\amd64_microsoft.windows.common-controls_6595b64144ccf1df_6.0.19041.6456_none_60b8a6cb71f64256\COMCTL32.dll
0x00007ffa3e0d0000 - 0x00007ffa3e0fb000 	C:\Windows\System32\GDI32.dll
0x00007ffa3c6d0000 - 0x00007ffa3c7e9000 	C:\Windows\System32\gdi32full.dll
0x00007ffa3c2c0000 - 0x00007ffa3c35d000 	C:\Windows\System32\msvcp_win.dll
0x00007ffa31150000 - 0x00007ffa3115a000 	C:\Windows\SYSTEM32\VERSION.dll
0x00007ffa3db00000 - 0x00007ffa3db2f000 	C:\Windows\System32\IMM32.DLL
0x00007ffa33190000 - 0x00007ffa3319c000 	D:\Java\jdk-17.0.9\bin\vcruntime140_1.dll
0x00007ffa0c460000 - 0x00007ffa0c4ee000 	D:\Java\jdk-17.0.9\bin\msvcp140.dll
0x00007ff9db6c0000 - 0x00007ff9dc2a1000 	D:\Java\jdk-17.0.9\bin\server\jvm.dll
0x00007ffa3dce0000 - 0x00007ffa3dce8000 	C:\Windows\System32\PSAPI.DLL
0x00007ffa2ec30000 - 0x00007ffa2ec57000 	C:\Windows\SYSTEM32\WINMM.dll
0x00007ffa20870000 - 0x00007ffa20879000 	C:\Windows\SYSTEM32\WSOCK32.dll
0x00007ffa3d7e0000 - 0x00007ffa3d84b000 	C:\Windows\System32\WS2_32.dll
0x00007ffa3aaa0000 - 0x00007ffa3aab2000 	C:\Windows\SYSTEM32\kernel.appcore.dll
0x00007ffa31540000 - 0x00007ffa3154a000 	D:\Java\jdk-17.0.9\bin\jimage.dll
0x00007ffa39ae0000 - 0x00007ffa39ce1000 	C:\Windows\SYSTEM32\DBGHELP.DLL
0x00007ffa2ecd0000 - 0x00007ffa2ed04000 	C:\Windows\SYSTEM32\dbgcore.DLL
0x00007ffa3c4e0000 - 0x00007ffa3c562000 	C:\Windows\System32\bcryptPrimitives.dll
0x00007ffa246c0000 - 0x00007ffa246ce000 	D:\Java\jdk-17.0.9\bin\instrument.dll
0x00007ffa140d0000 - 0x00007ffa140f5000 	D:\Java\jdk-17.0.9\bin\java.dll
0x00007ff9fc3d0000 - 0x00007ff9fc4a7000 	D:\Java\jdk-17.0.9\bin\jsvml.dll
0x00007ffa3d070000 - 0x00007ffa3d7e0000 	C:\Windows\System32\SHELL32.dll
0x00007ffa3a2d0000 - 0x00007ffa3aa75000 	C:\Windows\SYSTEM32\windows.storage.dll
0x00007ffa3e110000 - 0x00007ffa3e464000 	C:\Windows\System32\combase.dll
0x00007ffa3bcf0000 - 0x00007ffa3bd1b000 	C:\Windows\SYSTEM32\Wldp.dll
0x00007ffa3cd00000 - 0x00007ffa3cdcd000 	C:\Windows\System32\OLEAUT32.dll
0x00007ffa3df80000 - 0x00007ffa3e02d000 	C:\Windows\System32\SHCORE.dll
0x00007ffa3dd60000 - 0x00007ffa3ddbb000 	C:\Windows\System32\shlwapi.dll
0x00007ffa3c1f0000 - 0x00007ffa3c214000 	C:\Windows\SYSTEM32\profapi.dll
0x00007ffa12380000 - 0x00007ffa12398000 	D:\Java\jdk-17.0.9\bin\zip.dll
0x00007ffa140b0000 - 0x00007ffa140c9000 	D:\java\jdk-17.0.9\bin\net.dll
0x00007ffa349e0000 - 0x00007ffa34aea000 	C:\Windows\SYSTEM32\WINHTTP.dll
0x00007ffa3ba50000 - 0x00007ffa3baba000 	C:\Windows\system32\mswsock.dll
0x00007ffa14090000 - 0x00007ffa140a6000 	D:\java\jdk-17.0.9\bin\nio.dll
0x00007ffa12360000 - 0x00007ffa1237a000 	D:\java\IntelliJIDEA2024.1\bin\breakgen64.dll
0x00007ffa3b720000 - 0x00007ffa3b7ea000 	C:\Windows\SYSTEM32\DNSAPI.dll
0x00007ffa3b6e0000 - 0x00007ffa3b71b000 	C:\Windows\SYSTEM32\IPHLPAPI.DLL
0x00007ffa3e100000 - 0x00007ffa3e108000 	C:\Windows\System32\NSI.dll
0x0000000056d00000 - 0x0000000056d26000 	C:\Program Files\Bonjour\mdnsNSP.dll
0x00007ffa32f30000 - 0x00007ffa32f3a000 	C:\Windows\System32\rasadhlp.dll
0x00007ffa30e20000 - 0x00007ffa30ea0000 	C:\Windows\System32\fwpuclnt.dll
0x00007ffa205b0000 - 0x00007ffa205ba000 	D:\java\jdk-17.0.9\bin\management.dll
0x00007ffa17070000 - 0x00007ffa1707b000 	D:\java\jdk-17.0.9\bin\management_ext.dll
0x00007ffa3bc50000 - 0x00007ffa3bc68000 	C:\Windows\SYSTEM32\CRYPTSP.dll
0x00007ffa3b2e0000 - 0x00007ffa3b318000 	C:\Windows\system32\rsaenh.dll
0x00007ffa3c170000 - 0x00007ffa3c19e000 	C:\Windows\SYSTEM32\USERENV.dll
0x00007ffa3bc40000 - 0x00007ffa3bc4c000 	C:\Windows\SYSTEM32\CRYPTBASE.dll
0x00007ffa34230000 - 0x00007ffa34247000 	C:\Windows\SYSTEM32\dhcpcsvc6.DLL
0x00007ffa338f0000 - 0x00007ffa3390d000 	C:\Windows\SYSTEM32\dhcpcsvc.DLL
0x00007ffa1b7a0000 - 0x00007ffa1b7b7000 	C:\Windows\system32\napinsp.dll
0x00007ffa1b780000 - 0x00007ffa1b79b000 	C:\Windows\system32\pnrpnsp.dll
0x00007ffa34c20000 - 0x00007ffa34c3d000 	C:\Windows\system32\wshbth.dll
0x00007ffa34af0000 - 0x00007ffa34b0d000 	C:\Windows\system32\NLAapi.dll
0x00007ffa1b6a0000 - 0x00007ffa1b6b2000 	C:\Windows\System32\winrnr.dll
0x00007ffa16a70000 - 0x00007ffa16a7e000 	D:\java\jdk-17.0.9\bin\sunmscapi.dll
0x00007ffa3c570000 - 0x00007ffa3c6cd000 	C:\Windows\System32\CRYPT32.dll
0x00007ffa3bd60000 - 0x00007ffa3bd87000 	C:\Windows\SYSTEM32\ncrypt.dll
0x00007ffa3bd20000 - 0x00007ffa3bd5b000 	C:\Windows\SYSTEM32\NTASN1.dll
0x0000000180000000 - 0x000000018034c000 	D:\java\apache-tomcat-10.1.16\bin\tcnative-1.dll
0x00007ff9d8120000 - 0x00007ff9d8127000 	C:\Windows\system32\wshunix.dll

dbghelp: loaded successfully - version: 4.0.5 - missing functions: none
symbol engine: initialized successfully - sym options: 0x614 - pdb path: .;D:\Java\jdk-17.0.9\bin;C:\Windows\SYSTEM32;C:\Windows\WinSxS\amd64_microsoft.windows.common-controls_6595b64144ccf1df_6.0.19041.6456_none_60b8a6cb71f64256;D:\Java\jdk-17.0.9\bin\server;D:\java\IntelliJIDEA2024.1\bin;C:\Program Files\Bonjour;D:\java\apache-tomcat-10.1.16\bin

VM Arguments:
jvm_args: -XX:TieredStopAtLevel=1 -Dspring.output.ansi.enabled=always -Dcom.sun.management.jmxremote -Dspring.jmx.enabled=true -Dspring.liveBeansView.mbeanDomain -Dspring.application.admin.enabled=true -Dmanagement.endpoints.jmx.exposure.include=* -javaagent:D:\java\IntelliJIDEA2024.1\lib\idea_rt.jar=60593:D:\java\IntelliJIDEA2024.1\bin -Dfile.encoding=UTF-8 
java_command: com.videoplatform.video.VideoApplication
java_class_path (initial): D:\JavaLearning\Code\VideoPlatform\back\backend-microservices\platform-video-service\target\classes;D:\JavaLearning\Code\VideoPlatform\back\backend-microservices\platform-common\target\classes;D:\java\LocalWarehouse\org\springframework\spring-web\6.1.6\spring-web-6.1.6.jar;D:\java\LocalWarehouse\org\springframework\spring-beans\6.1.6\spring-beans-6.1.6.jar;D:\java\LocalWarehouse\org\springframework\spring-core\6.1.6\spring-core-6.1.6.jar;D:\java\LocalWarehouse\org\springframework\spring-jcl\6.1.6\spring-jcl-6.1.6.jar;D:\java\LocalWarehouse\io\micrometer\micrometer-observation\1.12.5\micrometer-observation-1.12.5.jar;D:\java\LocalWarehouse\io\micrometer\micrometer-commons\1.12.5\micrometer-commons-1.12.5.jar;D:\java\LocalWarehouse\jakarta\validation\jakarta.validation-api\3.0.2\jakarta.validation-api-3.0.2.jar;D:\java\LocalWarehouse\com\baomidou\mybatis-plus-spring-boot3-starter\3.5.10\mybatis-plus-spring-boot3-starter-3.5.10.jar;D:\java\LocalWarehouse\com\baomidou\mybatis-plus\3.5.10\mybatis-plus-3.5.10.jar;D:\java\LocalWarehouse\com\baomidou\mybatis-plus-core\3.5.10\mybatis-plus-core-3.5.10.jar;D:\java\LocalWarehouse\com\baomidou\mybatis-plus-annotation\3.5.10\mybatis-plus-annotation-3.5.10.jar;D:\java\LocalWarehouse\com\baomidou\mybatis-plus-spring\3.5.10\mybatis-plus-spring-3.5.10.jar;D:\java\LocalWarehouse\com\baomidou\mybatis-plus-extension\3.5.10\mybatis-plus-extension-3.5.10.jar;D:\java\LocalWarehouse\org\mybatis\mybatis\3.5.19\mybatis-3.5.19.jar;D:\java\LocalWarehouse\org\mybatis\mybatis-spring\3.0.4\mybatis-spring-3.0.4.jar;D:\java\LocalWarehouse\com\baomidou\mybatis-plus-spring-boot-autoconfigure\3.5.10\mybatis-plus-spring-boot-autoconfigure-3.5.10.jar;D:\java\LocalWarehouse\org\springframework\boot\spring-boot-autoconfigure\3.2.5\spring-boot-autoconfigure-3.2.5.jar;D:\java\LocalWarehouse\org\springframework\boot\spring-boot-starter-jdbc\3.2.5\spring-boot-starter-jdbc-3.2.5.jar;D:\java\LocalWarehouse\com\zaxxer\HikariCP\5.0.1\H
Launcher Type: SUN_STANDARD

[Global flags]
     intx CICompilerCount                          = 12                                        {product} {ergonomic}
     uint ConcGCThreads                            = 3                                         {product} {ergonomic}
     uint G1ConcRefinementThreads                  = 13                                        {product} {ergonomic}
   size_t G1HeapRegionSize                         = 2097152                                   {product} {ergonomic}
    uintx GCDrainStackTargetSize                   = 64                                        {product} {ergonomic}
   size_t InitialHeapSize                          = 264241152                                 {product} {ergonomic}
     bool ManagementServer                         = true                                      {product} {command line}
   size_t MarkStackSize                            = 4194304                                   {product} {ergonomic}
   size_t MaxHeapSize                              = 4223664128                                {product} {ergonomic}
   size_t MaxNewSize                               = 2533359616                                {product} {ergonomic}
   size_t MinHeapDeltaBytes                        = 2097152                                   {product} {ergonomic}
   size_t MinHeapSize                              = 8388608                                   {product} {ergonomic}
    uintx NonProfiledCodeHeapSize                  = 0                                      {pd product} {ergonomic}
     bool ProfileInterpreter                       = false                                  {pd product} {command line}
    uintx ProfiledCodeHeapSize                     = 0                                      {pd product} {ergonomic}
   size_t SoftMaxHeapSize                          = 4223664128                             {manageable} {ergonomic}
     intx TieredStopAtLevel                        = 1                                         {product} {command line}
     bool UseCompressedClassPointers               = true                           {product lp64_product} {ergonomic}
     bool UseCompressedOops                        = true                           {product lp64_product} {ergonomic}
     bool UseG1GC                                  = true                                      {product} {ergonomic}
     bool UseLargePagesIndividualAllocation        = false                                  {pd product} {ergonomic}

Logging:
Log output configuration:
 #0: stdout all=warning uptime,level,tags
 #1: stderr all=off uptime,level,tags

Environment Variables:
JAVA_HOME=D:\java\jdk-17.0.9
CLASSPATH=.;%JAVA_HOME%\lib;
PATH=C:\Program Files\OpenSSL-Win64\bin;D:\VMware\bin\;C:\Program Files (x86)\Common Files\Oracle\Java\javapath;C:\Windows\system32;C:\Windows;C:\Windows\System32\Wbem;C:\Windows\System32\WindowsPowerShell\v1.0\;C:\Windows\System32\OpenSSH\;C:\Program Files (x86)\NVIDIA Corporation\PhysX\Common;C:\Program Files\NVIDIA Corporation\NVIDIA NvDLISR;C:\Program Files\Microsoft SQL Server\130\Tools\Binn\;C:\Program Files\dotnet\;C:\Program Files\Microsoft SQL Server\Client SDK\ODBC\170\Tools\Binn\;%JAVA_HOME%\bin;C:\Program Files\MySQL\MySQL Server 8.0\bin;D:\Program Files\ANACONDA\Library\bin\graphviz\dot.exe;D:\Program Files\ANACONDA;D:\Program Files\ANACONDA\Scripts;D:\Program Files\ANACONDA\Library\bin;D:\Program Files\ANACONDA\Library\mingw-w64\bin;D:\Program Files\ANACONDA\Library\usr\bin;D:\Program Files\MySQL\MySQL Server 8.0\bin;D:\Program Files\Git\cmd;D:\java\apache-maven-3.9.6\bin;D:\java\apache-tomcat-10.1.16\bin;D:\java\apache-tomcat-10.1.16\lib;D:\Software\Xshell\;D:\Software\Xftp\;C:\Program Files\WireGuard\;D:\Software\elasticsearch-8.14.3\bin;D:\temp;D:\Program Files\Docker\resources\bin;C:\Program Files\Docker\Docker\resources\bin;D:\java\redis;C:\Program Files\NVIDIA GPU Computing Toolkit\CUDA\v11.3\bin;D:\java\apache-zookeeper-3.9.4-bin\apache-zookeeper-3.9.4-bin\bin;D:\node\;D:\java\Docker\resources\bin;C:\Program Files\OpenSSL-Win64\bin;C:\Users\86131\AppData\Local\Programs\Python\Python310\Scripts\;C:\Users\86131\AppData\Local\Programs\Python\Python310\;C:\Users\86131\AppData\Local\Microsoft\WindowsApps;C:\Users\86131\.dotnet\tools;D:\IntelliJ IDEA Community Edition 2022.1.1\bin;D:\QT\Tools\mingw810_64\bin;D:\QT\5.15.2\mingw81_64\bin;D:\pycharm\PyCharm Community Edition 2021.2.2\bin;D:\ANACONDA\Library\bin\graphviz;C:\Users\86131\.dotnet\tools;D:\DataGrip 2023.2.2\bin;;D:\WebStorm 2020.1\bin;;D:\Microsoft VS Code\bin;D:\java\jdk-17.0.9\bin;C:\Users\86131\AppData\Roaming\npm
USERNAME=86131
OS=Windows_NT
PROCESSOR_IDENTIFIER=Intel64 Family 6 Model 141 Stepping 1, GenuineIntel



---------------  S Y S T E M  ---------------

OS:
 Windows 10 , 64 bit Build 19041 (10.0.19041.5915)
OS uptime: 0 days 3:24 hours
Hyper-V role detected

CPU: total 16 (initial active 16) (8 cores per cpu, 2 threads per core) family 6 model 141 stepping 1 microcode 0x58, cx8, cmov, fxsr, ht, mmx, 3dnowpref, sse, sse2, sse3, ssse3, sse4.1, sse4.2, popcnt, lzcnt, tsc, tscinvbit, avx, avx2, aes, erms, clmul, bmi1, bmi2, adx, avx512f, avx512dq, avx512cd, avx512bw, avx512vl, sha, fma, vzeroupper, avx512_vpopcntdq, avx512_vpclmulqdq, avx512_vaes, avx512_vnni, clflush, clflushopt, clwb, avx512_vbmi2, avx512_vbmi, hv

Memory: 4k page, system-wide physical 16110M (1133M free)
TotalPageFile size 19021M (AvailPageFile size 80M)
current process WorkingSet (physical memory assigned to process): 284M, peak: 284M
current process commit charge ("private bytes"): 464M, peak: 734M

vm_info: Java HotSpot(TM) 64-Bit Server VM (17.0.9+11-LTS-201) for windows-amd64 JRE (17.0.9+11-LTS-201), built on Oct 10 2023 23:16:06 by "mach5one" with MS VC++ 17.1 (VS2022)

END.
